This is pdfTeX, Version 3.141592653-2.6-1.40.25 (MiKTeX 24.1) (preloaded format=pdflatex 2024.1.31)  15 SEP 2024 01:32
entering extended mode
 restricted \write18 enabled.
 %&-line parsing enabled.
**./z-main.tex
(z-main.tex
LaTeX2e <2023-11-01> patch level 1
L3 programming layer <2024-01-22>
(0-datos_estudiante.tex)
(C:\Users\gerar\AppData\Local\Programs\MiKTeX\tex/latex/base\report.cls
Document Class: report 2023/05/17 v1.4n Standard LaTeX document class
(C:\Users\gerar\AppData\Local\Programs\MiKTeX\tex/latex/base\size11.clo
File: size11.clo 2023/05/17 v1.4n Standard LaTeX file (size option)
)
\c@part=\count187
\c@chapter=\count188
\c@section=\count189
\c@subsection=\count190
\c@subsubsection=\count191
\c@paragraph=\count192
\c@subparagraph=\count193
\c@figure=\count194
\c@table=\count195
\abovecaptionskip=\skip48
\belowcaptionskip=\skip49
\bibindent=\dimen140
)
(C:\Users\gerar\AppData\Local\Programs\MiKTeX\tex/generic/babel\babel.sty
Package: babel 2024/01/07 v24.1 The Babel package
\babel@savecnt=\count196
\U@D=\dimen141
\l@unhyphenated=\language79

(C:\Users\gerar\AppData\Local\Programs\MiKTeX\tex/generic/babel\txtbabel.def)
\bbl@readstream=\read2
\bbl@dirlevel=\count197

*************************************
* Local config file bblopts.cfg used
*
(C:\Users\gerar\AppData\Local\Programs\MiKTeX\tex/latex/arabi\bblopts.cfg
File: bblopts.cfg 2005/09/08 v0.1 add Arabic and Farsi to "declared" options of
 babel
)
(C:\Users\gerar\AppData\Local\Programs\MiKTeX\tex/latex/babel-spanish\spanish.l
df
Language: spanish.ldf 2021/05/27 v5.0q Spanish support from the babel system
\es@quottoks=\toks17
\es@quotdepth=\count198
Package babel Info: Making " an active character on input line 570.
))
(C:\Users\gerar\AppData\Local\Programs\MiKTeX\tex/generic/babel/locale/es\babel
-spanish.tex
Package babel Info: Importing font and identification data for spanish
(babel)             from babel-es.ini. Reported on input line 11.
)
LaTeX Info: Redefining \. on input line 16.
LaTeX Info: Redefining \% on input line 16.

(C:\Users\gerar\AppData\Local\Programs\MiKTeX\tex/latex/base\inputenc.sty
Package: inputenc 2021/02/14 v1.3d Input encoding file
\inpenc@prehook=\toks18
\inpenc@posthook=\toks19
)
(C:\Users\gerar\AppData\Local\Programs\MiKTeX\tex/latex/base\fontenc.sty
Package: fontenc 2021/04/29 v2.0v Standard LaTeX package
)
(0-datos_estudiante.tex) (1-opciones_adicionales.tex)
(C:\Users\gerar\AppData\Local\Programs\MiKTeX\tex/latex/xcolor\xcolor.sty
Package: xcolor 2023/11/15 v3.01 LaTeX color extensions (UK)

(C:\Users\gerar\AppData\Local\Programs\MiKTeX\tex/latex/graphics-cfg\color.cfg
File: color.cfg 2016/01/02 v1.6 sample color configuration
)
Package xcolor Info: Driver file: pdftex.def on input line 274.

(C:\Users\gerar\AppData\Local\Programs\MiKTeX\tex/latex/graphics-def\pdftex.def
File: pdftex.def 2022/09/22 v1.2b Graphics/color driver for pdftex
)
(C:\Users\gerar\AppData\Local\Programs\MiKTeX\tex/latex/graphics\mathcolor.ltx)
Package xcolor Info: Model `cmy' substituted by `cmy0' on input line 1350.
Package xcolor Info: Model `hsb' substituted by `rgb' on input line 1354.
Package xcolor Info: Model `RGB' extended on input line 1366.
Package xcolor Info: Model `HTML' substituted by `rgb' on input line 1368.
Package xcolor Info: Model `Hsb' substituted by `hsb' on input line 1369.
Package xcolor Info: Model `tHsb' substituted by `hsb' on input line 1370.
Package xcolor Info: Model `HSB' substituted by `hsb' on input line 1371.
Package xcolor Info: Model `Gray' substituted by `gray' on input line 1372.
Package xcolor Info: Model `wave' substituted by `hsb' on input line 1373.
) (C:\Users\gerar\AppData\Local\Programs\MiKTeX\tex/latex/amsfonts\amsfonts.sty
Package: amsfonts 2013/01/14 v3.01 Basic AMSFonts support
\@emptytoks=\toks20
\symAMSa=\mathgroup4
\symAMSb=\mathgroup5
LaTeX Font Info:    Redeclaring math symbol \hbar on input line 98.
LaTeX Font Info:    Overwriting math alphabet `\mathfrak' in version `bold'
(Font)                  U/euf/m/n --> U/euf/b/n on input line 106.
) (C:\Users\gerar\AppData\Local\Programs\MiKTeX\tex/latex/amsmath\amsmath.sty
Package: amsmath 2023/05/13 v2.17o AMS math features
\@mathmargin=\skip50

For additional information on amsmath, use the `?' option.
(C:\Users\gerar\AppData\Local\Programs\MiKTeX\tex/latex/amsmath\amstext.sty
Package: amstext 2021/08/26 v2.01 AMS text

(C:\Users\gerar\AppData\Local\Programs\MiKTeX\tex/latex/amsmath\amsgen.sty
File: amsgen.sty 1999/11/30 v2.0 generic functions
\@emptytoks=\toks21
\ex@=\dimen142
))
(C:\Users\gerar\AppData\Local\Programs\MiKTeX\tex/latex/amsmath\amsbsy.sty
Package: amsbsy 1999/11/29 v1.2d Bold Symbols
\pmbraise@=\dimen143
)
(C:\Users\gerar\AppData\Local\Programs\MiKTeX\tex/latex/amsmath\amsopn.sty
Package: amsopn 2022/04/08 v2.04 operator names
)
\inf@bad=\count199
LaTeX Info: Redefining \frac on input line 234.
\uproot@=\count266
\leftroot@=\count267
LaTeX Info: Redefining \overline on input line 399.
LaTeX Info: Redefining \colon on input line 410.
\classnum@=\count268
\DOTSCASE@=\count269
LaTeX Info: Redefining \ldots on input line 496.
LaTeX Info: Redefining \dots on input line 499.
LaTeX Info: Redefining \cdots on input line 620.
\Mathstrutbox@=\box51
\strutbox@=\box52
LaTeX Info: Redefining \big on input line 722.
LaTeX Info: Redefining \Big on input line 723.
LaTeX Info: Redefining \bigg on input line 724.
LaTeX Info: Redefining \Bigg on input line 725.
\big@size=\dimen144
LaTeX Font Info:    Redeclaring font encoding OML on input line 743.
LaTeX Font Info:    Redeclaring font encoding OMS on input line 744.
\macc@depth=\count270
LaTeX Info: Redefining \bmod on input line 905.
LaTeX Info: Redefining \pmod on input line 910.
LaTeX Info: Redefining \smash on input line 940.
LaTeX Info: Redefining \relbar on input line 970.
LaTeX Info: Redefining \Relbar on input line 971.
\c@MaxMatrixCols=\count271
\dotsspace@=\muskip16
\c@parentequation=\count272
\dspbrk@lvl=\count273
\tag@help=\toks22
\row@=\count274
\column@=\count275
\maxfields@=\count276
\andhelp@=\toks23
\eqnshift@=\dimen145
\alignsep@=\dimen146
\tagshift@=\dimen147
\tagwidth@=\dimen148
\totwidth@=\dimen149
\lineht@=\dimen150
\@envbody=\toks24
\multlinegap=\skip51
\multlinetaggap=\skip52
\mathdisplay@stack=\toks25
LaTeX Info: Redefining \[ on input line 2953.
LaTeX Info: Redefining \] on input line 2954.
)
(C:\Users\gerar\AppData\Local\Programs\MiKTeX\tex/latex/amsfonts\amssymb.sty
Package: amssymb 2013/01/14 v3.01 AMS font symbols
)
(C:\Users\gerar\AppData\Local\Programs\MiKTeX\tex/latex/amscls\amsthm.sty
Package: amsthm 2020/05/29 v2.20.6
\thm@style=\toks26
\thm@bodyfont=\toks27
\thm@headfont=\toks28
\thm@notefont=\toks29
\thm@headpunct=\toks30
\thm@preskip=\skip53
\thm@postskip=\skip54
\thm@headsep=\skip55
\dth@everypar=\toks31
)
(C:\Users\gerar\AppData\Local\Programs\MiKTeX\tex/latex/mathtools\mathtools.sty
Package: mathtools 2022/06/29 v1.29 mathematical typesetting tools
(C:\Users\gerar\AppData\Local\Programs\MiKTeX\tex/latex/graphics\keyval.sty
Package: keyval 2022/05/29 v1.15 key=value parser (DPC)
\KV@toks@=\toks32
)
(C:\Users\gerar\AppData\Local\Programs\MiKTeX\tex/latex/tools\calc.sty
Package: calc 2023/07/08 v4.3 Infix arithmetic (KKT,FJ)
\calc@Acount=\count277
\calc@Bcount=\count278
\calc@Adimen=\dimen151
\calc@Bdimen=\dimen152
\calc@Askip=\skip56
\calc@Bskip=\skip57
LaTeX Info: Redefining \setlength on input line 80.
LaTeX Info: Redefining \addtolength on input line 81.
\calc@Ccount=\count279
\calc@Cskip=\skip58
)
(C:\Users\gerar\AppData\Local\Programs\MiKTeX\tex/latex/mathtools\mhsetup.sty
Package: mhsetup 2021/03/18 v1.4 programming setup (MH)
)
\g_MT_multlinerow_int=\count280
\l_MT_multwidth_dim=\dimen153
\origjot=\skip59
\l_MT_shortvdotswithinadjustabove_dim=\dimen154
\l_MT_shortvdotswithinadjustbelow_dim=\dimen155
\l_MT_above_intertext_sep=\dimen156
\l_MT_below_intertext_sep=\dimen157
\l_MT_above_shortintertext_sep=\dimen158
\l_MT_below_shortintertext_sep=\dimen159
\xmathstrut@box=\box53
\xmathstrut@dim=\dimen160
) (C:\Users\gerar\AppData\Local\Programs\MiKTeX\tex/latex/graphics\graphicx.sty
Package: graphicx 2021/09/16 v1.2d Enhanced LaTeX Graphics (DPC,SPQR)

(C:\Users\gerar\AppData\Local\Programs\MiKTeX\tex/latex/graphics\graphics.sty
Package: graphics 2022/03/10 v1.4e Standard LaTeX Graphics (DPC,SPQR)

(C:\Users\gerar\AppData\Local\Programs\MiKTeX\tex/latex/graphics\trig.sty
Package: trig 2021/08/11 v1.11 sin cos tan (DPC)
)
(C:\Users\gerar\AppData\Local\Programs\MiKTeX\tex/latex/graphics-cfg\graphics.c
fg
File: graphics.cfg 2016/06/04 v1.11 sample graphics configuration
)
Package graphics Info: Driver file: pdftex.def on input line 107.
)
\Gin@req@height=\dimen161
\Gin@req@width=\dimen162
)
(C:\Users\gerar\AppData\Local\Programs\MiKTeX\tex/latex/l3packages/xfrac\xfrac.
sty (C:\Users\gerar\AppData\Local\Programs\MiKTeX\tex/latex/l3kernel\expl3.sty
Package: expl3 2024-01-22 L3 programming layer (loader) 

(C:\Users\gerar\AppData\Local\Programs\MiKTeX\tex/latex/l3backend\l3backend-pdf
tex.def
File: l3backend-pdftex.def 2024-01-04 L3 backend support: PDF output (pdfTeX)
\l__color_backend_stack_int=\count281
\l__pdf_internal_box=\box54
))
(C:\Users\gerar\AppData\Local\Programs\MiKTeX\tex/latex/l3packages/l3keys2e\l3k
eys2e.sty
Package: l3keys2e 2023-10-10 LaTeX2e option processing using LaTeX3 keys
)
(C:\Users\gerar\AppData\Local\Programs\MiKTeX\tex/latex/base\textcomp.sty
Package: textcomp 2020/02/02 v2.0n Standard LaTeX package
)
(C:\Users\gerar\AppData\Local\Programs\MiKTeX\tex/latex/l3packages/xparse\xpars
e.sty
Package: xparse 2023-10-10 L3 Experimental document command parser
)
(C:\Users\gerar\AppData\Local\Programs\MiKTeX\tex/latex/l3packages/xtemplate\xt
emplate.sty
Package: xtemplate 2023-10-10 L3 Experimental prototype document functions
\l__xtemplate_tmp_dim=\dimen163
\l__xtemplate_tmp_int=\count282
\l__xtemplate_tmp_muskip=\muskip17
\l__xtemplate_tmp_skip=\skip60
)
Package: xfrac 2023-10-10 L3 Experimental split-level fractions
\l__xfrac_slash_box=\box55
\l__xfrac_tmp_box=\box56
\l__xfrac_denominator_bot_sep_dim=\dimen164
\l__xfrac_numerator_bot_sep_dim=\dimen165
\l__xfrac_numerator_top_sep_dim=\dimen166
\l__xfrac_slash_left_sep_dim=\dimen167
\l__xfrac_slash_right_sep_dim=\dimen168
\l__xfrac_slash_left_muskip=\muskip18
\l__xfrac_slash_right_muskip=\muskip19

Package xtemplate Info: Declaring object type 'xfrac' taking 3 argument(s) on
(xtemplate)             line 80.

)
(C:\Users\gerar\AppData\Local\Programs\MiKTeX\tex/latex/float\float.sty
Package: float 2001/11/08 v1.3d Float enhancements (AL)
\c@float@type=\count283
\float@exts=\toks33
\float@box=\box57
\@float@everytoks=\toks34
\@floatcapt=\box58
)
(C:\Users\gerar\AppData\Local\Programs\MiKTeX\tex/latex/hyperref\hyperref.sty
Package: hyperref 2024-01-20 v7.01h Hypertext links for LaTeX

(C:\Users\gerar\AppData\Local\Programs\MiKTeX\tex/generic/iftex\iftex.sty
Package: iftex 2022/02/03 v1.0f TeX engine tests
)
(C:\Users\gerar\AppData\Local\Programs\MiKTeX\tex/latex/kvsetkeys\kvsetkeys.sty
Package: kvsetkeys 2022-10-05 v1.19 Key value parser (HO)
)
(C:\Users\gerar\AppData\Local\Programs\MiKTeX\tex/generic/kvdefinekeys\kvdefine
keys.sty
Package: kvdefinekeys 2019-12-19 v1.6 Define keys (HO)
)
(C:\Users\gerar\AppData\Local\Programs\MiKTeX\tex/generic/pdfescape\pdfescape.s
ty
Package: pdfescape 2019/12/09 v1.15 Implements pdfTeX's escape features (HO)

(C:\Users\gerar\AppData\Local\Programs\MiKTeX\tex/generic/ltxcmds\ltxcmds.sty
Package: ltxcmds 2023-12-04 v1.26 LaTeX kernel commands for general use (HO)
)
(C:\Users\gerar\AppData\Local\Programs\MiKTeX\tex/generic/pdftexcmds\pdftexcmds
.sty
Package: pdftexcmds 2020-06-27 v0.33 Utility functions of pdfTeX for LuaTeX (HO
)

(C:\Users\gerar\AppData\Local\Programs\MiKTeX\tex/generic/infwarerr\infwarerr.s
ty
Package: infwarerr 2019/12/03 v1.5 Providing info/warning/error messages (HO)
)
Package pdftexcmds Info: \pdf@primitive is available.
Package pdftexcmds Info: \pdf@ifprimitive is available.
Package pdftexcmds Info: \pdfdraftmode found.
))
(C:\Users\gerar\AppData\Local\Programs\MiKTeX\tex/latex/hycolor\hycolor.sty
Package: hycolor 2020-01-27 v1.10 Color options for hyperref/bookmark (HO)
)
(C:\Users\gerar\AppData\Local\Programs\MiKTeX\tex/latex/auxhook\auxhook.sty
Package: auxhook 2019-12-17 v1.6 Hooks for auxiliary files (HO)
)
(C:\Users\gerar\AppData\Local\Programs\MiKTeX\tex/latex/hyperref\nameref.sty
Package: nameref 2023-11-26 v2.56 Cross-referencing by name of section

(C:\Users\gerar\AppData\Local\Programs\MiKTeX\tex/latex/refcount\refcount.sty
Package: refcount 2019/12/15 v3.6 Data extraction from label references (HO)
)
(C:\Users\gerar\AppData\Local\Programs\MiKTeX\tex/generic/gettitlestring\gettit
lestring.sty
Package: gettitlestring 2019/12/15 v1.6 Cleanup title references (HO)

(C:\Users\gerar\AppData\Local\Programs\MiKTeX\tex/latex/kvoptions\kvoptions.sty
Package: kvoptions 2022-06-15 v3.15 Key value format for package options (HO)
))
\c@section@level=\count284
)
(C:\Users\gerar\AppData\Local\Programs\MiKTeX\tex/latex/etoolbox\etoolbox.sty
Package: etoolbox 2020/10/05 v2.5k e-TeX tools for LaTeX (JAW)
\etb@tempcnta=\count285
)
\@linkdim=\dimen169
\Hy@linkcounter=\count286
\Hy@pagecounter=\count287

(C:\Users\gerar\AppData\Local\Programs\MiKTeX\tex/latex/hyperref\pd1enc.def
File: pd1enc.def 2024-01-20 v7.01h Hyperref: PDFDocEncoding definition (HO)
Now handling font encoding PD1 ...
... no UTF-8 mapping file for font encoding PD1
)
(C:\Users\gerar\AppData\Local\Programs\MiKTeX\tex/generic/intcalc\intcalc.sty
Package: intcalc 2019/12/15 v1.3 Expandable calculations with integers (HO)
)
\Hy@SavedSpaceFactor=\count288

(C:\Users\gerar\AppData\Local\Programs\MiKTeX\tex/latex/hyperref\puenc.def
File: puenc.def 2024-01-20 v7.01h Hyperref: PDF Unicode definition (HO)
Now handling font encoding PU ...
... no UTF-8 mapping file for font encoding PU
)
Package hyperref Info: Option `hypertexnames' set `false' on input line 4062.
Package hyperref Info: Hyper figures OFF on input line 4179.
Package hyperref Info: Link nesting OFF on input line 4184.
Package hyperref Info: Hyper index ON on input line 4187.
Package hyperref Info: Plain pages OFF on input line 4194.
Package hyperref Info: Backreferencing OFF on input line 4199.
Package hyperref Info: Implicit mode ON; LaTeX internals redefined.
Package hyperref Info: Bookmarks ON on input line 4446.
\c@Hy@tempcnt=\count289

(C:\Users\gerar\AppData\Local\Programs\MiKTeX\tex/latex/url\url.sty
\Urlmuskip=\muskip20
Package: url 2013/09/16  ver 3.4  Verb mode for urls, etc.
)
LaTeX Info: Redefining \url on input line 4784.
\XeTeXLinkMargin=\dimen170

(C:\Users\gerar\AppData\Local\Programs\MiKTeX\tex/generic/bitset\bitset.sty
Package: bitset 2019/12/09 v1.3 Handle bit-vector datatype (HO)

(C:\Users\gerar\AppData\Local\Programs\MiKTeX\tex/generic/bigintcalc\bigintcalc
.sty
Package: bigintcalc 2019/12/15 v1.5 Expandable calculations on big integers (HO
)
))
\Fld@menulength=\count290
\Field@Width=\dimen171
\Fld@charsize=\dimen172
Package hyperref Info: Hyper figures OFF on input line 6063.
Package hyperref Info: Link nesting OFF on input line 6068.
Package hyperref Info: Hyper index ON on input line 6071.
Package hyperref Info: backreferencing OFF on input line 6078.
Package hyperref Info: Link coloring OFF on input line 6083.
Package hyperref Info: Link coloring with OCG OFF on input line 6088.
Package hyperref Info: PDF/A mode OFF on input line 6093.

(C:\Users\gerar\AppData\Local\Programs\MiKTeX\tex/latex/base\atbegshi-ltx.sty
Package: atbegshi-ltx 2021/01/10 v1.0c Emulation of the original atbegshi
package with kernel methods
)
\Hy@abspage=\count291
\c@Item=\count292
\c@Hfootnote=\count293
)
Package hyperref Info: Driver (autodetected): hpdftex.
(C:\Users\gerar\AppData\Local\Programs\MiKTeX\tex/latex/hyperref\hpdftex.def
File: hpdftex.def 2024-01-20 v7.01h Hyperref driver for pdfTeX

(C:\Users\gerar\AppData\Local\Programs\MiKTeX\tex/latex/base\atveryend-ltx.sty
Package: atveryend-ltx 2020/08/19 v1.0a Emulation of the original atveryend pac
kage
with kernel methods
)
\Fld@listcount=\count294
\c@bookmark@seq@number=\count295

(C:\Users\gerar\AppData\Local\Programs\MiKTeX\tex/latex/rerunfilecheck\rerunfil
echeck.sty
Package: rerunfilecheck 2022-07-10 v1.10 Rerun checks for auxiliary files (HO)

(C:\Users\gerar\AppData\Local\Programs\MiKTeX\tex/generic/uniquecounter\uniquec
ounter.sty
Package: uniquecounter 2019/12/15 v1.4 Provide unlimited unique counter (HO)
)
Package uniquecounter Info: New unique counter `rerunfilecheck' on input line 2
85.
)
\Hy@SectionHShift=\skip61
)
(C:\Users\gerar\AppData\Local\Programs\MiKTeX\tex/latex/caption\caption.sty
Package: caption 2023/08/05 v3.6o Customizing captions (AR)

(C:\Users\gerar\AppData\Local\Programs\MiKTeX\tex/latex/caption\caption3.sty
Package: caption3 2023/07/31 v2.4d caption3 kernel (AR)
\caption@tempdima=\dimen173
\captionmargin=\dimen174
\caption@leftmargin=\dimen175
\caption@rightmargin=\dimen176
\caption@width=\dimen177
\caption@indent=\dimen178
\caption@parindent=\dimen179
\caption@hangindent=\dimen180
Package caption Info: Standard document class detected.
)
\c@caption@flags=\count296
\c@continuedfloat=\count297
Package caption Info: float package is loaded.
Package caption Info: hyperref package is loaded.
)
(C:\Users\gerar\AppData\Local\Programs\MiKTeX\tex/latex/caption\subcaption.sty
Package: subcaption 2023/07/28 v1.6b Sub-captions (AR)
Package caption Info: New subtype `subfigure' on input line 238.
\c@subfigure=\count298
Package caption Info: New subtype `subtable' on input line 238.
\c@subtable=\count299
) (C:\Users\gerar\AppData\Local\Programs\MiKTeX\tex/latex/xpatch\xpatch.sty
Package: xpatch 2020/03/25 v0.3a Extending etoolbox patching commands
)
(C:\Users\gerar\AppData\Local\Programs\MiKTeX\tex/latex/emptypage\emptypage.sty
Package: emptypage 2010/05/30 v1.2 Suppress page numbers and headings on empty 
pages
) (C:\Users\gerar\AppData\Local\Programs\MiKTeX\tex/latex/hyphenat\hyphenat.sty
Package: hyphenat 2009/09/02 v2.3c hyphenation utilities
\langwohyphens=\language80
LaTeX Info: Redefining \_ on input line 43.
) (C:\Users\gerar\AppData\Local\Programs\MiKTeX\tex/latex/fancyhdr\fancyhdr.sty
Package: fancyhdr 2022/11/09 v4.1 Extensive control of page headers and footers

\f@nch@headwidth=\skip62
\f@nch@O@elh=\skip63
\f@nch@O@erh=\skip64
\f@nch@O@olh=\skip65
\f@nch@O@orh=\skip66
\f@nch@O@elf=\skip67
\f@nch@O@erf=\skip68
\f@nch@O@olf=\skip69
\f@nch@O@orf=\skip70
) (C:\Users\gerar\AppData\Local\Programs\MiKTeX\tex/latex/biblatex\biblatex.sty
Package: biblatex 2023/03/05 v3.19 programmable bibliographies (PK/MW)
(C:\Users\gerar\AppData\Local\Programs\MiKTeX\tex/latex/logreq\logreq.sty
Package: logreq 2010/08/04 v1.0 xml request logger
\lrq@indent=\count300

(C:\Users\gerar\AppData\Local\Programs\MiKTeX\tex/latex/logreq\logreq.def
File: logreq.def 2010/08/04 v1.0 logreq spec v1.0
))
(C:\Users\gerar\AppData\Local\Programs\MiKTeX\tex/latex/base\ifthen.sty
Package: ifthen 2022/04/13 v1.1d Standard LaTeX ifthen package (DPC)
)
\c@tabx@nest=\count301
\c@listtotal=\count302
\c@listcount=\count303
\c@liststart=\count304
\c@liststop=\count305
\c@citecount=\count306
\c@citetotal=\count307
\c@multicitecount=\count308
\c@multicitetotal=\count309
\c@instcount=\count310
\c@maxnames=\count311
\c@minnames=\count312
\c@maxitems=\count313
\c@minitems=\count314
\c@citecounter=\count315
\c@maxcitecounter=\count316
\c@savedcitecounter=\count317
\c@uniquelist=\count318
\c@uniquename=\count319
\c@refsection=\count320
\c@refsegment=\count321
\c@maxextratitle=\count322
\c@maxextratitleyear=\count323
\c@maxextraname=\count324
\c@maxextradate=\count325
\c@maxextraalpha=\count326
\c@abbrvpenalty=\count327
\c@highnamepenalty=\count328
\c@lownamepenalty=\count329
\c@maxparens=\count330
\c@parenlevel=\count331
\blx@tempcnta=\count332
\blx@tempcntb=\count333
\blx@tempcntc=\count334
\c@blx@maxsection=\count335
\blx@maxsegment@0=\count336
\blx@notetype=\count337
\blx@parenlevel@text=\count338
\blx@parenlevel@foot=\count339
\blx@sectionciteorder@0=\count340
\blx@sectionciteorderinternal@0=\count341
\blx@entrysetcounter=\count342
\blx@biblioinstance=\count343
\labelnumberwidth=\skip71
\labelalphawidth=\skip72
\biblabelsep=\skip73
\bibitemsep=\skip74
\bibnamesep=\skip75
\bibinitsep=\skip76
\bibparsep=\skip77
\bibhang=\skip78
\blx@bcfin=\read3
\blx@bcfout=\write3
\blx@langwohyphens=\language81
\c@mincomprange=\count344
\c@maxcomprange=\count345
\c@mincompwidth=\count346
Package biblatex Info: Trying to load biblatex default data model...
Package biblatex Info: ... file 'blx-dm.def' found.

(C:\Users\gerar\AppData\Local\Programs\MiKTeX\tex/latex/biblatex\blx-dm.def
File: blx-dm.def 2023/03/05 v3.19 biblatex localization (PK/MW)
)
Package biblatex Info: Trying to load biblatex style data model...
Package biblatex Info: ... file 'ieee.dbx' not found.
Package biblatex Info: Trying to load biblatex custom data model...
Package biblatex Info: ... file 'biblatex-dm.cfg' not found.
\c@afterword=\count347
\c@savedafterword=\count348
\c@annotator=\count349
\c@savedannotator=\count350
\c@author=\count351
\c@savedauthor=\count352
\c@bookauthor=\count353
\c@savedbookauthor=\count354
\c@commentator=\count355
\c@savedcommentator=\count356
\c@editor=\count357
\c@savededitor=\count358
\c@editora=\count359
\c@savededitora=\count360
\c@editorb=\count361
\c@savededitorb=\count362
\c@editorc=\count363
\c@savededitorc=\count364
\c@foreword=\count365
\c@savedforeword=\count366
\c@holder=\count367
\c@savedholder=\count368
\c@introduction=\count369
\c@savedintroduction=\count370
\c@namea=\count371
\c@savednamea=\count372
\c@nameb=\count373
\c@savednameb=\count374
\c@namec=\count375
\c@savednamec=\count376
\c@translator=\count377
\c@savedtranslator=\count378
\c@shortauthor=\count379
\c@savedshortauthor=\count380
\c@shorteditor=\count381
\c@savedshorteditor=\count382
\c@labelname=\count383
\c@savedlabelname=\count384
\c@institution=\count385
\c@savedinstitution=\count386
\c@lista=\count387
\c@savedlista=\count388
\c@listb=\count389
\c@savedlistb=\count390
\c@listc=\count391
\c@savedlistc=\count392
\c@listd=\count393
\c@savedlistd=\count394
\c@liste=\count395
\c@savedliste=\count396
\c@listf=\count397
\c@savedlistf=\count398
\c@location=\count399
\c@savedlocation=\count400
\c@organization=\count401
\c@savedorganization=\count402
\c@origlocation=\count403
\c@savedoriglocation=\count404
\c@origpublisher=\count405
\c@savedorigpublisher=\count406
\c@publisher=\count407
\c@savedpublisher=\count408
\c@language=\count409
\c@savedlanguage=\count410
\c@origlanguage=\count411
\c@savedoriglanguage=\count412
\c@pageref=\count413
\c@savedpageref=\count414
\shorthandwidth=\skip79
\shortjournalwidth=\skip80
\shortserieswidth=\skip81
\shorttitlewidth=\skip82
\shortauthorwidth=\skip83
\shorteditorwidth=\skip84
\locallabelnumberwidth=\skip85
\locallabelalphawidth=\skip86
\localshorthandwidth=\skip87
\localshortjournalwidth=\skip88
\localshortserieswidth=\skip89
\localshorttitlewidth=\skip90
\localshortauthorwidth=\skip91
\localshorteditorwidth=\skip92
Package biblatex Info: Trying to load compatibility code...
Package biblatex Info: ... file 'blx-compat.def' found.

(C:\Users\gerar\AppData\Local\Programs\MiKTeX\tex/latex/biblatex\blx-compat.def
File: blx-compat.def 2023/03/05 v3.19 biblatex compatibility (PK/MW)
)
Package biblatex Info: Trying to load generic definitions...
Package biblatex Info: ... file 'biblatex.def' found.
 (C:\Users\gerar\AppData\Local\Programs\MiKTeX\tex/latex/biblatex\biblatex.def
File: biblatex.def 2023/03/05 v3.19 biblatex compatibility (PK/MW)
\c@textcitecount=\count415
\c@textcitetotal=\count416
\c@textcitemaxnames=\count417
\c@biburlbigbreakpenalty=\count418
\c@biburlbreakpenalty=\count419
\c@biburlnumpenalty=\count420
\c@biburlucpenalty=\count421
\c@biburllcpenalty=\count422
\biburlbigskip=\muskip21
\biburlnumskip=\muskip22
\biburlucskip=\muskip23
\biburllcskip=\muskip24
\c@smartand=\count423
)
Package biblatex Info: Trying to load bibliography style 'ieee'...
Package biblatex Info: ... file 'ieee.bbx' found.

(C:\Users\gerar\AppData\Local\Programs\MiKTeX\tex/latex/biblatex-ieee\ieee.bbx
File: ieee.bbx 2021/12/06 v1.3f biblatex bibliography style
Package biblatex Info: Trying to load bibliography style 'numeric-comp'...
Package biblatex Info: ... file 'numeric-comp.bbx' found.

(C:\Users\gerar\AppData\Local\Programs\MiKTeX\tex/latex/biblatex/bbx\numeric-co
mp.bbx
File: numeric-comp.bbx 2023/03/05 v3.19 biblatex bibliography style (PK/MW)
Package biblatex Info: Trying to load bibliography style 'numeric'...
Package biblatex Info: ... file 'numeric.bbx' found.

(C:\Users\gerar\AppData\Local\Programs\MiKTeX\tex/latex/biblatex/bbx\numeric.bb
x
File: numeric.bbx 2023/03/05 v3.19 biblatex bibliography style (PK/MW)
Package biblatex Info: Trying to load bibliography style 'standard'...
Package biblatex Info: ... file 'standard.bbx' found.

(C:\Users\gerar\AppData\Local\Programs\MiKTeX\tex/latex/biblatex/bbx\standard.b
bx
File: standard.bbx 2023/03/05 v3.19 biblatex bibliography style (PK/MW)
\c@bbx:relatedcount=\count424
\c@bbx:relatedtotal=\count425
))))
Package biblatex Info: Trying to load citation style 'ieee'...
Package biblatex Info: ... file 'ieee.cbx' found.

(C:\Users\gerar\AppData\Local\Programs\MiKTeX\tex/latex/biblatex-ieee\ieee.cbx
File: ieee.cbx 2021/12/06 v1.3f biblatex citation style
Package biblatex Info: Trying to load citation style 'numeric-comp'...
Package biblatex Info: ... file 'numeric-comp.cbx' found.

(C:\Users\gerar\AppData\Local\Programs\MiKTeX\tex/latex/biblatex/cbx\numeric-co
mp.cbx
File: numeric-comp.cbx 2023/03/05 v3.19 biblatex citation style (PK/MW)
\c@cbx@tempcnta=\count426
\c@cbx@tempcntb=\count427
\c@cbx@tempcntc=\count428
\c@cbx@tempcntd=\count429
Package biblatex Info: Redefining '\cite'.
Package biblatex Info: Redefining '\parencite'.
Package biblatex Info: Redefining '\footcite'.
Package biblatex Info: Redefining '\footcitetext'.
Package biblatex Info: Redefining '\smartcite'.
Package biblatex Info: Redefining '\supercite'.
Package biblatex Info: Redefining '\textcite'.
Package biblatex Info: Redefining '\textcites'.
Package biblatex Info: Redefining '\cites'.
Package biblatex Info: Redefining '\parencites'.
Package biblatex Info: Redefining '\smartcites'.
)
Package biblatex Info: Redefining '\cite'.
Package biblatex Info: Redefining '\supercite'.
Package biblatex Info: Redefining '\cites'.
)
Package biblatex Info: Trying to load configuration file...
Package biblatex Info: ... file 'biblatex.cfg' found.

(C:\Users\gerar\AppData\Local\Programs\MiKTeX\tex/latex/biblatex\biblatex.cfg
File: biblatex.cfg 
)
Package biblatex Info: Input encoding 'utf8' detected.
Package biblatex Info: Document encoding is UTF8 ....
Package biblatex Info: ... and expl3
(biblatex)             2024-01-22 L3 programming layer (loader) 
(biblatex)             is new enough (at least 2020/04/06),
(biblatex)             setting 'casechanger=expl3'.

(C:\Users\gerar\AppData\Local\Programs\MiKTeX\tex/latex/biblatex\blx-case-expl3
.sty
Package: blx-case-expl3 2023/03/05 v3.19 expl3 case changing code for biblatex
))
(C:\Users\gerar\AppData\Local\Programs\MiKTeX\tex/latex/overpic\overpic.sty
Package: overpic 2024/01/06 2.1 picture overlays (RN)

(C:\Users\gerar\AppData\Local\Programs\MiKTeX\tex/latex/eepic\epic.sty
Enhancements to Picture Environment. Version 1.2 - Released June 1, 1986
\@@multicnt=\count430
\d@lta=\count431
\@delta=\dimen181
\@@delta=\dimen182
\@gridcnt=\count432
\@joinkind=\count433
\@dotgap=\dimen183
\@ddotgap=\dimen184
\@x@diff=\count434
\@y@diff=\count435
\x@diff=\dimen185
\y@diff=\dimen186
\@dotbox=\box59
\num@segments=\count436
\num@segmentsi=\count437
\@datafile=\read4
)
\OVP@box=\box60
)
(C:\Users\gerar\AppData\Local\Programs\MiKTeX\tex/latex/chngcntr\chngcntr.sty
Package: chngcntr 2018/04/09 v1.1a change counter resetting
Package chngcntr Info: \counterwithout already defined.
(chngcntr)             Quitting chngcntr on input line 21.
)
(C:\Users\gerar\AppData\Local\Programs\MiKTeX\tex/latex/glossaries/base\glossar
ies.sty
Package: glossaries 2024/04/03 v4.54 (NLCT)

(C:\Users\gerar\AppData\Local\Programs\MiKTeX\tex/latex/xkeyval\xkeyval.sty
Package: xkeyval 2022/06/16 v2.9 package option processing (HA)

(C:\Users\gerar\AppData\Local\Programs\MiKTeX\tex/generic/xkeyval\xkeyval.tex
(C:\Users\gerar\AppData\Local\Programs\MiKTeX\tex/generic/xkeyval\xkvutils.tex
\XKV@toks=\toks35
\XKV@tempa@toks=\toks36
)
\XKV@depth=\count438
File: xkeyval.tex 2014/12/03 v2.7a key=value parser (HA)
))
(C:\Users\gerar\AppData\Local\Programs\MiKTeX\tex/latex/mfirstuc\mfirstuc.sty
Package: mfirstuc 2022/10/14 v2.08 (NLCT)
\@glsmfirst=\toks37
\@glsmrest=\toks38
)
(C:\Users\gerar\AppData\Local\Programs\MiKTeX\tex/latex/xfor\xfor.sty
Package: xfor 2009/02/05 v1.05 (NLCT)
)
(C:\Users\gerar\AppData\Local\Programs\MiKTeX\tex/latex/datatool\datatool-base.
sty
Package: datatool-base 2019/09/27 v2.32 (NLCT)
 (C:\Users\gerar\AppData\Local\Programs\MiKTeX\tex/latex/substr\substr.sty
Package: substr 2009/10/20 v1.2 Handle substrings
\c@su@anzahl=\count439
)
(C:\Users\gerar\AppData\Local\Programs\MiKTeX\tex/latex/datatool\datatool-fp.st
y
Package: datatool-fp 2019/09/27 v2.32 (NLCT)
 (C:\Users\gerar\AppData\Local\Programs\MiKTeX\tex/latex/fp\fp.sty
Package: fp 1995/04/02

`Fixed Point Package', Version 0.8, April 2, 1995 (C) Michael Mehlich
(C:\Users\gerar\AppData\Local\Programs\MiKTeX\tex/latex/fp\defpattern.sty
Package: defpattern 1994/10/12
\actioncount=\count440
)
(C:\Users\gerar\AppData\Local\Programs\MiKTeX\tex/latex/fp\fp-basic.sty
Package: fp-basic 1996/05/13
\FP@xs=\count441
\FP@xia=\count442
\FP@xib=\count443
\FP@xfa=\count444
\FP@xfb=\count445
\FP@rega=\count446
\FP@regb=\count447
\FP@regs=\count448
\FP@times=\count449
)
(C:\Users\gerar\AppData\Local\Programs\MiKTeX\tex/latex/fp\fp-addons.sty
Package: fp-addons 1995/03/15
)
(C:\Users\gerar\AppData\Local\Programs\MiKTeX\tex/latex/fp\fp-snap.sty
Package: fp-snap 1995/04/05
)
(C:\Users\gerar\AppData\Local\Programs\MiKTeX\tex/latex/fp\fp-exp.sty
Package: fp-exp 1995/04/03
)
(C:\Users\gerar\AppData\Local\Programs\MiKTeX\tex/latex/fp\fp-trigo.sty
Package: fp-trigo 1995/04/14
)
(C:\Users\gerar\AppData\Local\Programs\MiKTeX\tex/latex/fp\fp-pas.sty
Package: fp-pas 1994/08/29
)
(C:\Users\gerar\AppData\Local\Programs\MiKTeX\tex/latex/fp\fp-random.sty
Package: fp-random 1995/02/23
\FPseed=\count450
)
(C:\Users\gerar\AppData\Local\Programs\MiKTeX\tex/latex/fp\fp-eqn.sty
Package: fp-eqn 1995/04/03
)
(C:\Users\gerar\AppData\Local\Programs\MiKTeX\tex/latex/fp\fp-upn.sty
Package: fp-upn 1996/10/21
)
(C:\Users\gerar\AppData\Local\Programs\MiKTeX\tex/latex/fp\fp-eval.sty
Package: fp-eval 1995/04/03
)))
\@dtl@toks=\toks39
\@dtl@tmpcount=\count451
\dtl@tmplength=\skip93
\dtl@sortresult=\count452
\@dtl@numgrpsepcount=\count453
\@dtl@datatype=\count454
\dtl@codeA=\count455
\dtl@codeB=\count456
\@dtl@foreach@level=\count457
)
(C:\Users\gerar\AppData\Local\Programs\MiKTeX\tex/latex/tracklang\tracklang.sty
Package: tracklang 2022/12/13 v1.6.1 (NLCT) Track Languages

(C:\Users\gerar\AppData\Local\Programs\MiKTeX\tex/generic/tracklang\tracklang.t
ex))
(C:\Users\gerar\AppData\Local\Programs\MiKTeX\tex/latex/translator\translator.s
ty
Package: translator 2021-05-31 v1.12d Easy translation of strings in LaTeX
)
(C:\Users\gerar\AppData\Local\Programs\MiKTeX\tex/latex/glossaries-spanish\glos
saries-spanish.ldf
File: glossaries-spanish.ldf 2014/11/23 v1.0

(C:\Users\gerar\AppData\Local\Programs\MiKTeX\tex/latex/glossaries-spanish\glos
saries-spanish-utf8.ldf))
\gls@level=\count458
\@gls@tmpb=\toks40
\gls@tmplen=\skip94
\glskeylisttok=\toks41
\glslabeltok=\toks42
\glsshorttok=\toks43
\glslongtok=\toks44

(C:\Users\gerar\AppData\Local\Programs\MiKTeX\tex/latex/glossaries/styles\gloss
ary-hypernav.sty
Package: glossary-hypernav 2024/04/03 v4.54 (NLCT)
)
(C:\Users\gerar\AppData\Local\Programs\MiKTeX\tex/latex/glossaries/styles\gloss
ary-list.sty
Package: glossary-list 2024/04/03 v4.54 (NLCT)
\glslistdottedwidth=\skip95
)
(C:\Users\gerar\AppData\Local\Programs\MiKTeX\tex/latex/glossaries/styles\gloss
ary-long.sty
Package: glossary-long 2024/04/03 v4.54 (NLCT)

(C:\Users\gerar\AppData\Local\Programs\MiKTeX\tex/latex/tools\longtable.sty
Package: longtable 2023-11-01 v4.19 Multi-page Table package (DPC)
\LTleft=\skip96
\LTright=\skip97
\LTpre=\skip98
\LTpost=\skip99
\LTchunksize=\count459
\LTcapwidth=\dimen187
\LT@head=\box61
\LT@firsthead=\box62
\LT@foot=\box63
\LT@lastfoot=\box64
\LT@gbox=\box65
\LT@cols=\count460
\LT@rows=\count461
\c@LT@tables=\count462
\c@LT@chunks=\count463
\LT@p@ftn=\toks45
)
\glsdescwidth=\skip100
\glspagelistwidth=\skip101
)
(C:\Users\gerar\AppData\Local\Programs\MiKTeX\tex/latex/glossaries/styles\gloss
ary-super.sty
Package: glossary-super 2024/04/03 v4.54 (NLCT)

(C:\Users\gerar\AppData\Local\Programs\MiKTeX\tex/latex/supertabular\supertabul
ar.sty
Package: supertabular 2020/02/02 v4.1g the supertabular environment
\c@tracingst=\count464
\ST@wd=\dimen188
\ST@rightskip=\skip102
\ST@leftskip=\skip103
\ST@parfillskip=\skip104
\ST@pageleft=\dimen189
\ST@headht=\dimen190
\ST@tailht=\dimen191
\ST@pagesofar=\dimen192
\ST@pboxht=\dimen193
\ST@lineht=\dimen194
\ST@prevht=\dimen195
\ST@toadd=\dimen196
\ST@dimen=\dimen197
\ST@pbox=\box66
))
(C:\Users\gerar\AppData\Local\Programs\MiKTeX\tex/latex/glossaries/styles\gloss
ary-tree.sty
Package: glossary-tree 2024/04/03 v4.54 (NLCT)
\glstreeindent=\skip105
))
\glswrite=\write4
\glo@main@file=\write5
\openout5 = `z-main.glo'.

Package glossaries Info: Writing glossary file z-main.glo on input line 64.
 (o-glosario.tex)
(C:\Users\gerar\AppData\Local\Programs\MiKTeX\tex/latex/geometry\geometry.sty
Package: geometry 2020/01/02 v5.9 Page Geometry

(C:\Users\gerar\AppData\Local\Programs\MiKTeX\tex/generic/iftex\ifvtex.sty
Package: ifvtex 2019/10/25 v1.7 ifvtex legacy package. Use iftex instead.
)
\Gm@cnth=\count465
\Gm@cntv=\count466
\c@Gm@tempcnt=\count467
\Gm@bindingoffset=\dimen198
\Gm@wd@mp=\dimen199
\Gm@odd@mp=\dimen256
\Gm@even@mp=\dimen257
\Gm@layoutwidth=\dimen258
\Gm@layoutheight=\dimen259
\Gm@layouthoffset=\dimen260
\Gm@layoutvoffset=\dimen261
\Gm@dimlist=\toks46

(C:\Users\gerar\AppData\Local\Programs\MiKTeX\tex/latex/geometry\geometry.cfg))
(C:\Users\gerar\AppData\Local\Programs\MiKTeX\tex/latex/fncychap\fncychap.sty
Package: fncychap 2007/07/30 v1.34 LaTeX package (Revised chapters)
\RW=\skip106
\mylen=\skip107
\myhi=\skip108
\px=\skip109
\py=\skip110
\pyy=\skip111
\pxx=\skip112
)
(2-paquetes_y_comandos_usuario.tex)

Package biblatex Warning: 'babel/polyglossia' detected but 'csquotes' missing.
(biblatex)                Loading 'csquotes' recommended.

\@quotelevel=\count468
\@quotereset=\count469
(z-main.aux
LaTeX Info: Redefining \. on input line 9.
LaTeX Info: Redefining \% on input line 9.
LaTeX Info: Redefining \. on input line 16.
LaTeX Info: Redefining \% on input line 16.
)
\openout1 = `z-main.aux'.

LaTeX Font Info:    Checking defaults for OML/cmm/m/it on input line 109.
LaTeX Font Info:    ... okay on input line 109.
LaTeX Font Info:    Checking defaults for OMS/cmsy/m/n on input line 109.
LaTeX Font Info:    ... okay on input line 109.
LaTeX Font Info:    Checking defaults for OT1/cmr/m/n on input line 109.
LaTeX Font Info:    ... okay on input line 109.
LaTeX Font Info:    Checking defaults for T1/cmr/m/n on input line 109.
LaTeX Font Info:    ... okay on input line 109.
LaTeX Font Info:    Checking defaults for TS1/cmr/m/n on input line 109.
LaTeX Font Info:    ... okay on input line 109.
LaTeX Font Info:    Checking defaults for OMX/cmex/m/n on input line 109.
LaTeX Font Info:    ... okay on input line 109.
LaTeX Font Info:    Checking defaults for U/cmr/m/n on input line 109.
LaTeX Font Info:    ... okay on input line 109.
LaTeX Font Info:    Checking defaults for PD1/pdf/m/n on input line 109.
LaTeX Font Info:    ... okay on input line 109.
LaTeX Font Info:    Checking defaults for PU/pdf/m/n on input line 109.
LaTeX Font Info:    ... okay on input line 109.
LaTeX Info: Redefining \. on input line 109.
LaTeX Info: Redefining \% on input line 109.

(C:\Users\gerar\AppData\Local\Programs\MiKTeX\tex/context/base/mkii\supp-pdf.mk
ii
[Loading MPS to PDF converter (version 2006.09.02).]
\scratchcounter=\count470
\scratchdimen=\dimen262
\scratchbox=\box67
\nofMPsegments=\count471
\nofMParguments=\count472
\everyMPshowfont=\toks47
\MPscratchCnt=\count473
\MPscratchDim=\dimen263
\MPnumerator=\count474
\makeMPintoPDFobject=\count475
\everyMPtoPDFconversion=\toks48
)
(C:\Users\gerar\AppData\Local\Programs\MiKTeX\tex/latex/epstopdf-pkg\epstopdf-b
ase.sty
Package: epstopdf-base 2020-01-24 v2.11 Base part for package epstopdf

(C:\Users\gerar\AppData\Local\Programs\MiKTeX\tex/latex/grfext\grfext.sty
Package: grfext 2019/12/03 v1.3 Manage graphics extensions (HO)
)
Package epstopdf-base Info: Redefining graphics rule for `.eps' on input line 4
85.
Package grfext Info: Graphics extension search list:
(grfext)             [.pdf,.png,.jpg,.mps,.jpeg,.jbig2,.jb2,.PDF,.PNG,.JPG,.JPE
G,.JBIG2,.JB2,.eps]
(grfext)             \AppendGraphicsExtensions on input line 504.

(C:\Users\gerar\AppData\Local\Programs\MiKTeX\tex/latex/00miktex\epstopdf-sys.c
fg
File: epstopdf-sys.cfg 2021/03/18 v2.0 Configuration of epstopdf for MiKTeX
))
Package hyperref Info: Link coloring OFF on input line 109.
 (z-main.out) (z-main.out)
\@outlinefile=\write6
\openout6 = `z-main.out'.

Package caption Info: Begin \AtBeginDocument code.
Package caption Info: longtable package is loaded.

(C:\Users\gerar\AppData\Local\Programs\MiKTeX\tex/latex/caption\ltcaption.sty
Package: ltcaption 2021/01/08 v1.4c longtable captions (AR)
)
Package caption Info: supertabular package is loaded.
Package caption Info: End \AtBeginDocument code.
Package biblatex Info: Trying to load language 'spanish'...
Package biblatex Info: ... file 'spanish.lbx' found.

(C:\Users\gerar\AppData\Local\Programs\MiKTeX\tex/latex/biblatex/lbx\spanish.lb
x
File: spanish.lbx 2023/03/05 v3.19 biblatex localization (PK/MW)
)
Package biblatex Info: Input encoding 'utf8' detected.
Package biblatex Info: Automatic encoding selection.
(biblatex)             Assuming data encoding 'utf8'.
\openout3 = `z-main.bcf'.

Package biblatex Info: Trying to load bibliographic data...
Package biblatex Info: ... file 'z-main.bbl' found.
 (z-main.bbl)
Package biblatex Info: Reference section=0 on input line 109.
Package biblatex Info: Reference segment=0 on input line 109.

*geometry* driver: auto-detecting
*geometry* detected driver: pdftex
*geometry* verbose mode - [ preamble ] result:
* driver: pdftex
* paper: letterpaper
* layout: <same size as paper>
* layoutoffset:(h,v)=(0.0pt,0.0pt)
* modes: 
* h-part:(L,W,R)=(108.405pt, 433.62001pt, 72.26999pt)
* v-part:(T,H,B)=(72.26999pt, 650.43001pt, 72.26999pt)
* \paperwidth=614.295pt
* \paperheight=794.96999pt
* \textwidth=433.62001pt
* \textheight=650.43001pt
* \oddsidemargin=36.13501pt
* \evensidemargin=36.13501pt
* \topmargin=-37.0pt
* \headheight=12.0pt
* \headsep=25.0pt
* \topskip=11.0pt
* \footskip=30.0pt
* \marginparwidth=59.0pt
* \marginparsep=10.0pt
* \columnsep=10.0pt
* \skip\footins=10.0pt plus 4.0pt minus 2.0pt
* \hoffset=0.0pt
* \voffset=0.0pt
* \mag=1000
* \@twocolumnfalse
* \@twosidefalse
* \@mparswitchfalse
* \@reversemarginfalse
* (1in=72.27pt=25.4mm, 1cm=28.453pt)

*geometry* verbose mode - [ newgeometry ] result:
* driver: pdftex
* paper: letterpaper
* layout: <same size as paper>
* layoutoffset:(h,v)=(0.0pt,0.0pt)
* modes: 
* h-part:(L,W,R)=(85.35826pt, 443.57848pt, 85.35826pt)
* v-part:(T,H,B)=(72.26999pt, 722.7pt, 0.0pt)
* \paperwidth=614.295pt
* \paperheight=794.96999pt
* \textwidth=443.57848pt
* \textheight=722.7pt
* \oddsidemargin=13.08827pt
* \evensidemargin=13.08827pt
* \topmargin=-37.0pt
* \headheight=12.0pt
* \headsep=25.0pt
* \topskip=11.0pt
* \footskip=30.0pt
* \marginparwidth=59.0pt
* \marginparsep=10.0pt
* \columnsep=10.0pt
* \skip\footins=10.0pt plus 4.0pt minus 2.0pt
* \hoffset=0.0pt
* \voffset=0.0pt
* \mag=1000
* \@twocolumnfalse
* \@twosidefalse
* \@mparswitchfalse
* \@reversemarginfalse
* (1in=72.27pt=25.4mm, 1cm=28.453pt)


Overfull \hbox (29.81235pt too wide) in paragraph at lines 128--128
\T1/cmr/m/n/24.88 de enjambre enfocado en sincronización y control
 []


Underfull \hbox (badness 10000) in paragraph at lines 128--128

 []

<plantilla/portadacit.jpg, id=311, 1927.2pt x 752.8125pt>
File: plantilla/portadacit.jpg Graphic file (type jpg)
<use plantilla/portadacit.jpg>
Package pdftex.def Info: plantilla/portadacit.jpg  used on input line 140.
(pdftex.def)             Requested size: 965.1268pt x 376.99901pt.
<plantilla/fondologo_grande.png, id=312, 969.02025pt x 430.0065pt>
File: plantilla/fondologo_grande.png Graphic file (type png)
<use plantilla/fondologo_grande.png>
Package pdftex.def Info: plantilla/fondologo_grande.png  used on input line 140
.
(pdftex.def)             Requested size: 187.27997pt x 83.11005pt.
Package epstopdf Info: Source file: <plantilla/logoUVGblanco.eps>
(epstopdf)                    date: 2024-07-20 08:53:48
(epstopdf)                    size: 733366 bytes
(epstopdf)             Output file: <plantilla/logoUVGblanco-eps-converted-to.p
df>
(epstopdf)                    date: 2024-07-20 11:51:55
(epstopdf)                    size: 8894 bytes
(epstopdf)             Command: <miktex-epstopdf --outfile=plantilla/logoUVGbla
nco-eps-converted-to.pdf plantilla/logoUVGblanco.eps>
(epstopdf)             \includegraphics on input line 140.
Package epstopdf Info: Output file is already uptodate.
<plantilla/logoUVGblanco-eps-converted-to.pdf, id=314, 680.5425pt x 174.6525pt>

File: plantilla/logoUVGblanco-eps-converted-to.pdf Graphic file (type pdf)
<use plantilla/logoUVGblanco-eps-converted-to.pdf>
Package pdftex.def Info: plantilla/logoUVGblanco-eps-converted-to.pdf  used on 
input line 140.
(pdftex.def)             Requested size: 154.88077pt x 39.74872pt.
[1

\openout4 = `z-main.ist'.



{C:/Users/gerar/AppData/Local/MiKTeX/fonts/map/pdftex/pdftex.map} <./plantilla/
portadacit.jpg> <./plantilla/fondologo_grande.png> <./plantilla/logoUVGblanco-e
ps-converted-to.pdf>]
Package epstopdf Info: Source file: <plantilla/escudoUVGnegro.eps>
(epstopdf)                    date: 2024-07-20 08:53:48
(epstopdf)                    size: 353392 bytes
(epstopdf)             Output file: <plantilla/escudoUVGnegro-eps-converted-to.
pdf>
(epstopdf)                    date: 2024-07-20 09:37:00
(epstopdf)                    size: 37956 bytes
(epstopdf)             Command: <miktex-epstopdf --outfile=plantilla/escudoUVGn
egro-eps-converted-to.pdf plantilla/escudoUVGnegro.eps>
(epstopdf)             \includegraphics on input line 164.
Package epstopdf Info: Output file is already uptodate.
<plantilla/escudoUVGnegro-eps-converted-to.pdf, id=329, 141.52875pt x 209.78375
pt>
File: plantilla/escudoUVGnegro-eps-converted-to.pdf Graphic file (type pdf)
<use plantilla/escudoUVGnegro-eps-converted-to.pdf>
Package pdftex.def Info: plantilla/escudoUVGnegro-eps-converted-to.pdf  used on
 input line 164.
(pdftex.def)             Requested size: 105.574pt x 156.49014pt.
 [1


 <./plantilla/escudoUVGnegro-eps-converted-to.pdf>]
Underfull \hbox (badness 10000) in paragraph at lines 221--222

 []


Underfull \hbox (badness 10000) in paragraph at lines 228--229

 []

[2

]
LaTeX Font Info:    Trying to load font information for T1+cmss on input line 2
55.
 (C:\Users\gerar\AppData\Local\Programs\MiKTeX\tex/latex/base\t1cmss.fd
File: t1cmss.fd 2023/04/13 v2.5m Standard LaTeX font definitions
)
(a-prefacio.tex) [3


] (z-main.toc
LaTeX Info: Redefining \sptext on input line 1.
LaTeX Info: Redefining \. on input line 1.
LaTeX Info: Redefining \% on input line 1.
LaTeX Info: Redefining \sptext on input line 2.
LaTeX Info: Redefining \. on input line 2.
LaTeX Info: Redefining \% on input line 2.
LaTeX Font Info:    Trying to load font information for U+msa on input line 10.


(C:\Users\gerar\AppData\Local\Programs\MiKTeX\tex/latex/amsfonts\umsa.fd
File: umsa.fd 2013/01/14 v3.01 AMS symbols A
)
LaTeX Font Info:    Trying to load font information for U+msb on input line 10.


(C:\Users\gerar\AppData\Local\Programs\MiKTeX\tex/latex/amsfonts\umsb.fd
File: umsb.fd 2013/01/14 v3.01 AMS symbols B
)
Overfull \hbox (2.03497pt too wide) in paragraph at lines 14--14
 [][] [][]\T1/cmr/m/n/10.95 Validación de al-go-rit-mos de al-go-rit-mos de \T1
/cmr/m/it/10.95 Par-ti-cle Swarm Op-ti-mi-za-tion \T1/cmr/m/n/10.95 (PSO) 
 []

[4


] [5])
\tf@toc=\write7
\openout7 = `z-main.toc'.

 [6] (z-main.lof
LaTeX Info: Redefining \sptext on input line 1.
LaTeX Info: Redefining \. on input line 1.
LaTeX Info: Redefining \% on input line 1.
LaTeX Info: Redefining \sptext on input line 2.
LaTeX Info: Redefining \. on input line 2.
LaTeX Info: Redefining \% on input line 2.
 [7


])
\tf@lof=\write8
\openout8 = `z-main.lof'.

 [8] (z-main.lot
LaTeX Info: Redefining \sptext on input line 1.
LaTeX Info: Redefining \. on input line 1.
LaTeX Info: Redefining \% on input line 1.
LaTeX Info: Redefining \sptext on input line 2.
LaTeX Info: Redefining \. on input line 2.
LaTeX Info: Redefining \% on input line 2.
)
\tf@lot=\write9
\openout9 = `z-main.lot'.

 [9


] (b-resumen.tex) [10


]
(c-abstract.tex) [11


]
Cap\'{\i }tulo 1.
(d-introduccion.tex) [1


]
Cap\'{\i }tulo 2.
(e-antecedentes.tex [2

]
<figuras/Bluebot.jpg, id=606, 534.49687pt x 452.4403pt>
File: figuras/Bluebot.jpg Graphic file (type jpg)
<use figuras/Bluebot.jpg>
Package pdftex.def Info: figuras/Bluebot.jpg  used on input line 15.
(pdftex.def)             Requested size: 216.81pt x 183.52727pt.
<figuras/robotarium.jpg, id=610, 1505.625pt x 732.7375pt>
File: figuras/robotarium.jpg Graphic file (type jpg)
<use figuras/robotarium.jpg>
Package pdftex.def Info: figuras/robotarium.jpg  used on input line 25.
(pdftex.def)             Requested size: 216.81pt x 105.51187pt.
 [3 <./figuras/Bluebot.jpg> <./figuras/robotarium.jpg>]
<figuras/robotatUVG.jpg, id=620, 1690.315pt x 1126.2075pt>
File: figuras/robotatUVG.jpg Graphic file (type jpg)
<use figuras/robotatUVG.jpg>
Package pdftex.def Info: figuras/robotatUVG.jpg  used on input line 37.
(pdftex.def)             Requested size: 216.81pt x 144.45308pt.

[4 <./figuras/robotatUVG.jpg>]
<figuras/simulacion_inicio_tesis_andreaPena.png, id=632, 539.01375pt x 316.1812
4pt>
File: figuras/simulacion_inicio_tesis_andreaPena.png Graphic file (type png)
<use figuras/simulacion_inicio_tesis_andreaPena.png>
Package pdftex.def Info: figuras/simulacion_inicio_tesis_andreaPena.png  used o
n input line 56.
(pdftex.def)             Requested size: 173.44534pt x 101.7397pt.
<figuras/simulacion_final_tesis_andreaPena.png, id=633, 527.72156pt x 267.24844
pt>
File: figuras/simulacion_final_tesis_andreaPena.png Graphic file (type png)
<use figuras/simulacion_final_tesis_andreaPena.png>
Package pdftex.def Info: figuras/simulacion_final_tesis_andreaPena.png  used on
 input line 56.
(pdftex.def)             Requested size: 173.44534pt x 87.8334pt.
) [5 <./figuras/simulacion_inicio_tesis_andreaPena.png> <./figuras/simulacion_f
inal_tesis_andreaPena.png>]
Cap\'{\i }tulo 3.
(f-justificacion.tex) [6

]
Cap\'{\i }tulo 4.
(g-objetivos.tex) [7

]
Cap\'{\i }tulo 5.
(h-alcance.tex) [8

]
Cap\'{\i }tulo 6.
(i-marco_teorico.tex
<figuras/enjambre.jpg, id=661, 460.72125pt x 375.65344pt>
File: figuras/enjambre.jpg Graphic file (type jpg)
<use figuras/enjambre.jpg>
Package pdftex.def Info: figuras/enjambre.jpg  used on input line 8.
(pdftex.def)             Requested size: 260.17465pt x 212.13567pt.
 [9

 <./figuras/enjambre.jpg>]
<figuras/control_centralizado_descentralizado.png, id=673, 676.77844pt x 403.50
75pt>
File: figuras/control_centralizado_descentralizado.png Graphic file (type png)
<use figuras/control_centralizado_descentralizado.png>
Package pdftex.def Info: figuras/control_centralizado_descentralizado.png  used
 on input line 28.
(pdftex.def)             Requested size: 433.62001pt x 258.53946pt.
 [10]
<figuras/grafo_matrices_andrea.png, id=683, 373.395pt x 247.67531pt>
File: figuras/grafo_matrices_andrea.png Graphic file (type png)
<use figuras/grafo_matrices_andrea.png>
Package pdftex.def Info: figuras/grafo_matrices_andrea.png  used on input line 
41.
(pdftex.def)             Requested size: 216.81pt x 143.8105pt.
 [11 <./figuras/control_centralizado_descentralizado.png> <./figuras/grafo_matr
ices_andrea.png>]
<figuras/tipos_de_grafos.png, id=697, 752.0597pt x 420.82219pt>
File: figuras/tipos_de_grafos.png Graphic file (type png)
<use figuras/tipos_de_grafos.png>
Package pdftex.def Info: figuras/tipos_de_grafos.png  used on input line 73.
(pdftex.def)             Requested size: 433.62001pt x 242.63867pt.

[12] [13 <./figuras/tipos_de_grafos.png>] [14]
<figuras/grafo_formacion_triangular.png, id=725, 325.215pt x 213.04594pt>
File: figuras/grafo_formacion_triangular.png Graphic file (type png)
<use figuras/grafo_formacion_triangular.png>
Package pdftex.def Info: figuras/grafo_formacion_triangular.png  used on input 
line 165.
(pdftex.def)             Requested size: 173.44534pt x 113.62573pt.
<figuras/grafo_formacion_hexagonal.png, id=726, 218.31563pt x 225.84375pt>
File: figuras/grafo_formacion_hexagonal.png Graphic file (type png)
<use figuras/grafo_formacion_hexagonal.png>
Package pdftex.def Info: figuras/grafo_formacion_hexagonal.png  used on input l
ine 166.
(pdftex.def)             Requested size: 173.44534pt x 179.42775pt.
 [15 <./figuras/grafo_formacion_triangular.png> <./figuras/grafo_formacion_hexa
gonal.png>]
<figuras/lazo_cerrado_control.png, id=745, 697.8572pt x 180.675pt>
File: figuras/lazo_cerrado_control.png Graphic file (type png)
<use figuras/lazo_cerrado_control.png>
Package pdftex.def Info: figuras/lazo_cerrado_control.png  used on input line 1
96.
(pdftex.def)             Requested size: 346.89732pt x 89.8107pt.
<figuras/modelo_uniciclo.png, id=753, 321.45094pt x 262.73157pt>
File: figuras/modelo_uniciclo.png Graphic file (type png)
<use figuras/modelo_uniciclo.png>
Package pdftex.def Info: figuras/modelo_uniciclo.png  used on input line 219.
(pdftex.def)             Requested size: 216.81pt x 177.21187pt.
 [16 <./figuras/lazo_cerrado_control.png>] [17 <./figuras/modelo_uniciclo.png>]
 [18]
<figuras/webots.png, id=791, 1928.20375pt x 1005.7575pt>
File: figuras/webots.png Graphic file (type png)
<use figuras/webots.png>
Package pdftex.def Info: figuras/webots.png  used on input line 313.
(pdftex.def)             Requested size: 346.89732pt x 180.93646pt.
 [19 <./figuras/webots.png>]
<figuras/paralelismo_dependencia_tareas.png, id=803, 335.75438pt x 263.48438pt>

File: figuras/paralelismo_dependencia_tareas.png Graphic file (type png)
<use figuras/paralelismo_dependencia_tareas.png>
Package pdftex.def Info: figuras/paralelismo_dependencia_tareas.png  used on in
put line 330.
(pdftex.def)             Requested size: 260.17465pt x 204.17415pt.
 [20 <./figuras/paralelismo_dependencia_tareas.png>]
<figuras/primex41.png, id=813, 640.3925pt x 377.41pt>
File: figuras/primex41.png Graphic file (type png)
<use figuras/primex41.png>
Package pdftex.def Info: figuras/primex41.png  used on input line 357.
(pdftex.def)             Requested size: 216.81pt x 127.77061pt.
 [21 <./figuras/primex41.png>]
<figuras/pololu_sensores1.jpg, id=823, 543.96774pt x 498.89613pt>
File: figuras/pololu_sensores1.jpg Graphic file (type jpg)
<use figuras/pololu_sensores1.jpg>
Package pdftex.def Info: figuras/pololu_sensores1.jpg  used on input line 380.
(pdftex.def)             Requested size: 195.12767pt x 178.96301pt.
<figuras/pololu_sensores2.jpg, id=824, 543.96774pt x 498.89613pt>
File: figuras/pololu_sensores2.jpg Graphic file (type jpg)
<use figuras/pololu_sensores2.jpg>
Package pdftex.def Info: figuras/pololu_sensores2.jpg  used on input line 380.
(pdftex.def)             Requested size: 195.12767pt x 178.96301pt.
) [22 <./figuras/pololu_sensores1.jpg> <./figuras/pololu_sensores2.jpg>] (j-cap
itulos.tex
Cap\'{\i }tulo 7.

Package hyperref Warning: Difference (2) between bookmark levels is greater 
(hyperref)                than one, level fixed on input line 4.

[23

]
<figuras/diagrama_supervisor.png, id=838, 718.685pt x 3460.93pt>
File: figuras/diagrama_supervisor.png Graphic file (type png)
<use figuras/diagrama_supervisor.png>
Package pdftex.def Info: figuras/diagrama_supervisor.png  used on input line 42
.
(pdftex.def)             Requested size: 86.72267pt x 417.61731pt.
 [24]
<figuras/diagrama_agentes.png, id=846, 1128.215pt x 2774.365pt>
File: figuras/diagrama_agentes.png Graphic file (type png)
<use figuras/diagrama_agentes.png>
Package pdftex.def Info: figuras/diagrama_agentes.png  used on input line 49.
(pdftex.def)             Requested size: 151.76964pt x 373.21078pt.
 [25 <./figuras/diagrama_supervisor.png>] [26 <./figuras/diagrama_agentes.png>]

Cap\'{\i }tulo 8.
[27

]
<figuras/delaygpu1.png, id=864, 438.13687pt x 445.665pt>
File: figuras/delaygpu1.png Graphic file (type png)
<use figuras/delaygpu1.png>
Package pdftex.def Info: figuras/delaygpu1.png  used on input line 83.
(pdftex.def)             Requested size: 130.08733pt x 132.32007pt.
<figuras/delaygpu2.png, id=865, 465.99094pt x 445.665pt>
File: figuras/delaygpu2.png Graphic file (type png)
<use figuras/delaygpu2.png>
Package pdftex.def Info: figuras/delaygpu2.png  used on input line 84.
(pdftex.def)             Requested size: 130.08733pt x 124.41133pt.
<figuras/delaygpu3.png, id=866, 455.45157pt x 451.6875pt>
File: figuras/delaygpu3.png Graphic file (type png)
<use figuras/delaygpu3.png>
Package pdftex.def Info: figuras/delaygpu3.png  used on input line 85.
(pdftex.def)             Requested size: 130.08733pt x 129.01485pt.
 [28 <./figuras/delaygpu1.png> <./figuras/delaygpu2.png> <./figuras/delaygpu3.p
ng>]
<figuras/sim1_p1.png, id=876, 471.26062pt x 462.97969pt>
File: figuras/sim1_p1.png Graphic file (type png)
<use figuras/sim1_p1.png>
Package pdftex.def Info: figuras/sim1_p1.png  used on input line 112.
(pdftex.def)             Requested size: 195.12767pt x 191.70204pt.
<figuras/sim1_p2.png, id=877, 469.755pt x 459.21562pt>
File: figuras/sim1_p2.png Graphic file (type png)
<use figuras/sim1_p2.png>
Package pdftex.def Info: figuras/sim1_p2.png  used on input line 113.
(pdftex.def)             Requested size: 195.12767pt x 190.7461pt.
<figuras/sim1_p3.png, id=878, 469.755pt x 452.4403pt>
File: figuras/sim1_p3.png Graphic file (type png)
<use figuras/sim1_p3.png>
Package pdftex.def Info: figuras/sim1_p3.png  used on input line 114.
(pdftex.def)             Requested size: 195.12767pt x 187.93182pt.
<figuras/sim1_p4.png, id=879, 475.7775pt x 460.72125pt>
File: figuras/sim1_p4.png Graphic file (type png)
<use figuras/sim1_p4.png>
Package pdftex.def Info: figuras/sim1_p4.png  used on input line 115.
(pdftex.def)             Requested size: 195.12767pt x 188.95317pt.
 [29 <./figuras/sim1_p1.png> <./figuras/sim1_p2.png> <./figuras/sim1_p3.png> <.
/figuras/sim1_p4.png>]
<figuras/sim2_p1.png, id=890, 476.53032pt x 505.13719pt>
File: figuras/sim2_p1.png Graphic file (type png)
<use figuras/sim2_p1.png>
Package pdftex.def Info: figuras/sim2_p1.png  used on input line 133.
(pdftex.def)             Requested size: 195.12767pt x 206.84552pt.
<figuras/sim2_p2.png, id=891, 478.78876pt x 508.14844pt>
File: figuras/sim2_p2.png Graphic file (type png)
<use figuras/sim2_p2.png>
Package pdftex.def Info: figuras/sim2_p2.png  used on input line 134.
(pdftex.def)             Requested size: 195.12767pt x 207.09386pt.
<figuras/sim2_p3.png, id=892, 479.54156pt x 509.65407pt>
File: figuras/sim2_p3.png Graphic file (type png)
<use figuras/sim2_p3.png>
Package pdftex.def Info: figuras/sim2_p3.png  used on input line 135.
(pdftex.def)             Requested size: 195.12767pt x 207.38084pt.
<figuras/sim2_p4.png, id=893, 477.28313pt x 501.37312pt>
File: figuras/sim2_p4.png Graphic file (type png)
<use figuras/sim2_p4.png>
Package pdftex.def Info: figuras/sim2_p4.png  used on input line 136.
(pdftex.def)             Requested size: 195.12767pt x 204.97522pt.
 [30 <./figuras/sim2_p1.png> <./figuras/sim2_p2.png> <./figuras/sim2_p3.png> <.
/figuras/sim2_p4.png>]
<figuras/sim3_p1.png, id=904, 465.99094pt x 495.35063pt>
File: figuras/sim3_p1.png Graphic file (type png)
<use figuras/sim3_p1.png>
Package pdftex.def Info: figuras/sim3_p1.png  used on input line 154.
(pdftex.def)             Requested size: 195.12767pt x 207.41849pt.
<figuras/sim3_p2.png, id=905, 474.27188pt x 499.8675pt>
File: figuras/sim3_p2.png Graphic file (type png)
<use figuras/sim3_p2.png>
Package pdftex.def Info: figuras/sim3_p2.png  used on input line 155.
(pdftex.def)             Requested size: 195.12767pt x 205.65634pt.
<figuras/sim3_p3.png, id=906, 469.00218pt x 502.87875pt>
File: figuras/sim3_p3.png Graphic file (type png)
<use figuras/sim3_p3.png>
Package pdftex.def Info: figuras/sim3_p3.png  used on input line 156.
(pdftex.def)             Requested size: 195.12767pt x 209.22025pt.
<figuras/sim3_p4.png, id=907, 469.00218pt x 500.62032pt>
File: figuras/sim3_p4.png Graphic file (type png)
<use figuras/sim3_p4.png>
Package pdftex.def Info: figuras/sim3_p4.png  used on input line 157.
(pdftex.def)             Requested size: 195.12767pt x 208.28064pt.
 [31 <./figuras/sim3_p1.png> <./figuras/sim3_p2.png> <./figuras/sim3_p3.png> <.
/figuras/sim3_p4.png>]
<figuras/error_conexion.png, id=920, 573.64313pt x 63.98906pt>
File: figuras/error_conexion.png Graphic file (type png)
<use figuras/error_conexion.png>
Package pdftex.def Info: figuras/error_conexion.png  used on input line 185.
(pdftex.def)             Requested size: 346.89732pt x 38.6964pt.

[32 <./figuras/error_conexion.png>]
<figuras/marcadores_disponibles.png, id=929, 963.6pt x 580.41844pt>
File: figuras/marcadores_disponibles.png Graphic file (type png)
<use figuras/marcadores_disponibles.png>
Package pdftex.def Info: figuras/marcadores_disponibles.png  used on input line
 199.
(pdftex.def)             Requested size: 346.89732pt x 208.95047pt.
<figuras/marcadores_ejey.png, id=930, 722.7pt x 963.6pt>
File: figuras/marcadores_ejey.png Graphic file (type png)
<use figuras/marcadores_ejey.png>
Package pdftex.def Info: figuras/marcadores_ejey.png  used on input line 206.
(pdftex.def)             Requested size: 260.17465pt x 346.89574pt.
 [33 <./figuras/marcadores_disponibles.png>] [34 <./figuras/marcadores_ejey.png
>] [35]
<figuras/agente_inmovil_p1.png, id=951, 310.15875pt x 300.3722pt>
File: figuras/agente_inmovil_p1.png Graphic file (type png)
<use figuras/agente_inmovil_p1.png>
Package pdftex.def Info: figuras/agente_inmovil_p1.png  used on input line 305.

(pdftex.def)             Requested size: 260.17465pt x 251.96257pt.
<figuras/agente_inmovil_p2.png, id=952, 304.88907pt x 325.96782pt>
File: figuras/agente_inmovil_p2.png Graphic file (type png)
<use figuras/agente_inmovil_p2.png>
Package pdftex.def Info: figuras/agente_inmovil_p2.png  used on input line 306.

(pdftex.def)             Requested size: 260.17465pt x 278.17316pt.
 [36] [37 <./figuras/agente_inmovil_p1.png> <./figuras/agente_inmovil_p2.png>]
<figuras/seleccion_agentes.png, id=965, 1533.73pt x 1172.38pt>
File: figuras/seleccion_agentes.png Graphic file (type png)
<use figuras/seleccion_agentes.png>
Package pdftex.def Info: figuras/seleccion_agentes.png  used on input line 333.

(pdftex.def)             Requested size: 260.17465pt x 198.87262pt.
 [38]
<figuras/divergencia_p1.png, id=971, 774.64406pt x 665.48625pt>
File: figuras/divergencia_p1.png Graphic file (type png)
<use figuras/divergencia_p1.png>
Package pdftex.def Info: figuras/divergencia_p1.png  used on input line 344.
(pdftex.def)             Requested size: 260.17465pt x 223.51045pt.
<figuras/divergencia_p2.png, id=972, 809.27344pt x 704.6325pt>
File: figuras/divergencia_p2.png Graphic file (type png)
<use figuras/divergencia_p2.png>
Package pdftex.def Info: figuras/divergencia_p2.png  used on input line 345.
(pdftex.def)             Requested size: 260.17465pt x 226.52994pt.
 [39 <./figuras/seleccion_agentes.png>]
<figuras/divergencia2_p1.png, id=979, 966.61125pt x 966.61125pt>
File: figuras/divergencia2_p1.png Graphic file (type png)
<use figuras/divergencia2_p1.png>
Package pdftex.def Info: figuras/divergencia2_p1.png  used on input line 354.
(pdftex.def)             Requested size: 260.17465pt x 260.17732pt.
<figuras/divergencia2_p2.png, id=980, 966.61125pt x 966.61125pt>
File: figuras/divergencia2_p2.png Graphic file (type png)
<use figuras/divergencia2_p2.png>
Package pdftex.def Info: figuras/divergencia2_p2.png  used on input line 355.
(pdftex.def)             Requested size: 260.17465pt x 260.17732pt.
 [40 <./figuras/divergencia_p1.png> <./figuras/divergencia_p2.png>]
[41 <./figuras/divergencia2_p1.png> <./figuras/divergencia2_p2.png>]
<figuras/prueba_fisico_p1.png, id=995, 963.6pt x 963.6pt>
File: figuras/prueba_fisico_p1.png Graphic file (type png)
<use figuras/prueba_fisico_p1.png>
Package pdftex.def Info: figuras/prueba_fisico_p1.png  used on input line 371.
(pdftex.def)             Requested size: 195.12767pt x 195.12793pt.
<figuras/prueba_fisico_p2.png, id=996, 963.6pt x 963.6pt>
File: figuras/prueba_fisico_p2.png Graphic file (type png)
<use figuras/prueba_fisico_p2.png>
Package pdftex.def Info: figuras/prueba_fisico_p2.png  used on input line 372.
(pdftex.def)             Requested size: 195.12767pt x 195.12793pt.
<figuras/prueba_fisico_p3.png, id=997, 963.6pt x 963.6pt>
File: figuras/prueba_fisico_p3.png Graphic file (type png)
<use figuras/prueba_fisico_p3.png>
Package pdftex.def Info: figuras/prueba_fisico_p3.png  used on input line 373.
(pdftex.def)             Requested size: 195.12767pt x 195.12793pt.
<figuras/prueba_fisico_p4.png, id=998, 963.6pt x 963.6pt>
File: figuras/prueba_fisico_p4.png Graphic file (type png)
<use figuras/prueba_fisico_p4.png>
Package pdftex.def Info: figuras/prueba_fisico_p4.png  used on input line 374.
(pdftex.def)             Requested size: 195.12767pt x 195.12793pt.
 [42 <./figuras/prueba_fisico_p1.png> <./figuras/prueba_fisico_p2.png> <./figur
as/prueba_fisico_p3.png> <./figuras/prueba_fisico_p4.png>]
Cap\'{\i }tulo 9.
[43

]
<figuras/grafo_formacion1.png, id=1017, 683.55376pt x 381.425pt>
File: figuras/grafo_formacion1.png Graphic file (type png)
<use figuras/grafo_formacion1.png>
Package pdftex.def Info: figuras/grafo_formacion1.png  used on input line 411.
(pdftex.def)             Requested size: 346.89732pt x 193.5755pt.
 [44]
<figuras/grafo_formacion2.png, id=1023, 648.4225pt x 381.425pt>
File: figuras/grafo_formacion2.png Graphic file (type png)
<use figuras/grafo_formacion2.png>
Package pdftex.def Info: figuras/grafo_formacion2.png  used on input line 420.
(pdftex.def)             Requested size: 346.89732pt x 204.05743pt.
 [45 <./figuras/grafo_formacion1.png> <./figuras/grafo_formacion2.png>] [46]
<figuras/tiempos_desfases.png, id=1045, 517.935pt x 250.536pt>
File: figuras/tiempos_desfases.png Graphic file (type png)
<use figuras/tiempos_desfases.png>
Package pdftex.def Info: figuras/tiempos_desfases.png  used on input line 503.
(pdftex.def)             Requested size: 346.89732pt x 167.80853pt.
 [47]) [48 <./figuras/tiempos_desfases.png>]
Cap\'{\i }tulo 10.
(k-conclusiones.tex) [49

]
Cap\'{\i }tulo 11.
(l-recomendaciones.tex) [50

]
Cap\'{\i }tulo 12.
LaTeX Font Info:    Trying to load font information for T1+cmtt on input line 4
38.
(C:\Users\gerar\AppData\Local\Programs\MiKTeX\tex/latex/base\t1cmtt.fd
File: t1cmtt.fd 2023/04/13 v2.5m Standard LaTeX font definitions
)
[51


] [52]
Cap\'{\i }tulo 13.
(n-anexos.tex) [53

]
No file z-main.gls.
[54] (z-main.aux
LaTeX Info: Redefining \sptext on input line 9.
LaTeX Info: Redefining \. on input line 9.
LaTeX Info: Redefining \% on input line 9.
LaTeX Info: Redefining \sptext on input line 16.
LaTeX Info: Redefining \. on input line 16.
LaTeX Info: Redefining \% on input line 16.
)
 ***********
LaTeX2e <2023-11-01> patch level 1
L3 programming layer <2020/03/25>
 ***********
Package rerunfilecheck Info: File `z-main.out' has not changed.
(rerunfilecheck)             Checksum: 422C50981E95A0096D6E7BBD495D0A0F;16808.
Package logreq Info: Writing requests to 'z-main.run.xml'.
\openout1 = `z-main.run.xml'.

 ) 
Here is how much of TeX's memory you used:
 30224 strings out of 474542
 559897 string characters out of 5744446
 1945978 words of memory out of 5000000
 51718 multiletter control sequences out of 15000+600000
 577414 words of font info for 80 fonts, out of 8000000 for 9000
 1141 hyphenation exceptions out of 8191
 94i,15n,93p,2343b,2750s stack positions out of 10000i,1000n,20000p,200000b,200000s

pdfTeX warning (dest): name{glo:formula} has been referenced but does not exist
, replaced by a fixed one


pdfTeX warning (dest): name{glo:latex} has been referenced but does not exist, 
replaced by a fixed one

 <C:\Users\gerar\AppData\Local\MiKTeX\fonts/pk/ljfour/jknappen/ec/dpi600\ecrm08
00.pk> <C:\Users\gerar\AppData\Local\MiKTeX\fonts/pk/ljfour/jknappen/ec/dpi600\
ectt1095.pk> <C:\Users\gerar\AppData\Local\MiKTeX\fonts/pk/ljfour/jknappen/ec/d
pi600\ecti1000.pk> <C:\Users\gerar\AppData\Local\MiKTeX\fonts/pk/ljfour/jknappe
n/ec/dpi600\ecbx1200.pk> <C:\Users\gerar\AppData\Local\MiKTeX\fonts/pk/ljfour/j
knappen/ec/dpi600\ecbi1440.pk> <C:\Users\gerar\AppData\Local\MiKTeX\fonts/pk/lj
four/jknappen/ec/dpi600\ecrm1000.pk> <C:\Users\gerar\AppData\Local\MiKTeX\fonts
/pk/ljfour/jknappen/ec/dpi600\ecss2488.pk> <C:\Users\gerar\AppData\Local\MiKTeX
\fonts/pk/ljfour/jknappen/ec/dpi600\ecti1095.pk> <C:\Users\gerar\AppData\Local\
MiKTeX\fonts/pk/ljfour/jknappen/ec/dpi600\ecxc1095.pk> <C:\Users\gerar\AppData\
Local\MiKTeX\fonts/pk/ljfour/jknappen/ec/dpi600\ecbx1095.pk> <C:\Users\gerar\Ap
pData\Local\MiKTeX\fonts/pk/ljfour/jknappen/ec/dpi600\eccc1095.pk> <C:\Users\ge
rar\AppData\Local\MiKTeX\fonts/pk/ljfour/jknappen/ec/dpi600\ecrm1095.pk> <C:\Us
ers\gerar\AppData\Local\MiKTeX\fonts/pk/ljfour/jknappen/ec/dpi600\ecss1440.pk> 
<C:\Users\gerar\AppData\Local\MiKTeX\fonts/pk/ljfour/jknappen/ec/dpi600\ecrm120
0.pk> <C:\Users\gerar\AppData\Local\MiKTeX\fonts/pk/ljfour/jknappen/ec/dpi600\e
crm1440.pk> <C:\Users\gerar\AppData\Local\MiKTeX\fonts/pk/ljfour/jknappen/ec/dp
i600\ecbx1440.pk> <C:\Users\gerar\AppData\Local\MiKTeX\fonts/pk/ljfour/jknappen
/ec/dpi600\ecrm1728.pk> <C:\Users\gerar\AppData\Local\MiKTeX\fonts/pk/ljfour/jk
nappen/ec/dpi600\ecrm2488.pk><C:/Users/gerar/AppData/Local/Programs/MiKTeX/font
s/type1/public/amsfonts/cm/cmex10.pfb><C:/Users/gerar/AppData/Local/Programs/Mi
KTeX/fonts/type1/public/amsfonts/cm/cmmi10.pfb><C:/Users/gerar/AppData/Local/Pr
ograms/MiKTeX/fonts/type1/public/amsfonts/cm/cmmi7.pfb><C:/Users/gerar/AppData/
Local/Programs/MiKTeX/fonts/type1/public/amsfonts/cm/cmmi8.pfb><C:/Users/gerar/
AppData/Local/Programs/MiKTeX/fonts/type1/public/amsfonts/cm/cmr10.pfb><C:/User
s/gerar/AppData/Local/Programs/MiKTeX/fonts/type1/public/amsfonts/cm/cmr6.pfb><
C:/Users/gerar/AppData/Local/Programs/MiKTeX/fonts/type1/public/amsfonts/cm/cmr
8.pfb><C:/Users/gerar/AppData/Local/Programs/MiKTeX/fonts/type1/public/amsfonts
/cm/cmsy10.pfb><C:/Users/gerar/AppData/Local/Programs/MiKTeX/fonts/type1/public
/amsfonts/cm/cmsy8.pfb>
Output written on z-main.pdf (66 pages, 22477983 bytes).
PDF statistics:
 1902 PDF objects out of 2073 (max. 8388607)
 251 named destinations out of 1000 (max. 500000)
 897 words of extra memory for PDF output out of 10000 (max. 10000000)

