\BOOKMARK [0][-]{section*.6}{\376\377\000P\000r\000e\000f\000a\000c\000i\000o}{}% 1
\BOOKMARK [0][-]{toc.0}{\376\377\000\315\000n\000d\000i\000c\000e}{}% 2
\BOOKMARK [0][-]{section*.8}{\376\377\000L\000i\000s\000t\000a\000\040\000d\000e\000\040\000f\000i\000g\000u\000r\000a\000s}{}% 3
\BOOKMARK [0][-]{section*.9}{\376\377\000L\000i\000s\000t\000a\000\040\000d\000e\000\040\000c\000u\000a\000d\000r\000o\000s}{}% 4
\BOOKMARK [0][-]{section*.10}{\376\377\000R\000e\000s\000u\000m\000e\000n}{}% 5
\BOOKMARK [0][-]{section*.11}{\376\377\000A\000b\000s\000t\000r\000a\000c\000t}{}% 6
\BOOKMARK [0][-]{chapter.12}{\376\377\000I\000n\000t\000r\000o\000d\000u\000c\000c\000i\000\363\000n}{}% 7
\BOOKMARK [0][-]{chapter.13}{\376\377\000A\000n\000t\000e\000c\000e\000d\000e\000n\000t\000e\000s}{}% 8
\BOOKMARK [1][-]{section.14}{\376\377\000R\000o\000b\000\363\000t\000i\000c\000a\000\040\000d\000e\000\040\000e\000n\000j\000a\000m\000b\000r\000e}{chapter.13}% 9
\BOOKMARK [1][-]{section.15}{\376\377\000R\000o\000b\000\363\000t\000i\000c\000a\000\040\000d\000e\000\040\000e\000n\000j\000a\000m\000b\000r\000e\000\040\000i\000n\000s\000p\000i\000r\000a\000d\000a\000\040\000e\000n\000\040\000p\000e\000c\000e\000s}{chapter.13}% 10
\BOOKMARK [1][-]{section.17}{\376\377\000R\000o\000b\000o\000t\000a\000r\000i\000u\000m\000\040\000d\000e\000\040\000G\000e\000o\000r\000g\000i\000a\000\040\000T\000e\000c\000h}{chapter.13}% 11
\BOOKMARK [1][-]{section.19}{\376\377\000R\000o\000b\000o\000t\000a\000t\000\040\000d\000e\000\040\000l\000a\000\040\000U\000n\000i\000v\000e\000r\000s\000i\000d\000a\000d\000\040\000d\000e\000l\000\040\000V\000a\000l\000l\000e\000\040\000d\000e\000\040\000G\000u\000a\000t\000e\000m\000a\000l\000a}{chapter.13}% 12
\BOOKMARK [1][-]{section.21}{\376\377\000V\000a\000l\000i\000d\000a\000c\000i\000\363\000n\000\040\000d\000e\000\040\000a\000l\000g\000o\000r\000i\000t\000m\000o\000s\000\040\000d\000e\000\040\000a\000l\000g\000o\000r\000i\000t\000m\000o\000s\000\040\000d\000e\000\040\000P\000a\000r\000t\000i\000c\000l\000e\000\040\000S\000w\000a\000r\000m\000\040\000O\000p\000t\000i\000m\000i\000z\000a\000t\000i\000o\000n\000\040\000\050\000P\000S\000O\000\051\000\040\000y\000\040\000A\000n\000t\000\040\000C\000o\000l\000o\000n\000y\000\040\000O\000p\000t\000i\000m\000i\000z\000a\000t\000i\000o\000n\000\040\000\050\000A\000C\000O\000\051}{chapter.13}% 13
\BOOKMARK [1][-]{section.22}{\376\377\000A\000l\000g\000o\000r\000i\000t\000m\000o\000\040\000d\000e\000\040\000s\000i\000n\000c\000r\000o\000n\000i\000z\000a\000c\000i\000\363\000n\000\040\000y\000\040\000c\000o\000n\000t\000r\000o\000l\000\040\000d\000e\000\040\000s\000i\000s\000t\000e\000m\000a\000s\000\040\000d\000e\000\040\000r\000o\000b\000o\000t\000s\000\040\000m\000u\000l\000t\000i\000a\000g\000e\000n\000t\000e\000\040\000p\000a\000r\000a\000\040\000m\000i\000s\000i\000o\000n\000e\000s\000\040\000d\000e\000\040\000b\000\372\000s\000q\000u\000e\000d\000a}{chapter.13}% 14
\BOOKMARK [1][-]{section.24}{\376\377\000V\000a\000l\000i\000d\000a\000c\000i\000\363\000n\000\040\000d\000e\000\040\000u\000n\000\040\000a\000l\000g\000o\000r\000i\000t\000m\000o\000\040\000d\000e\000\040\000i\000n\000t\000e\000l\000i\000g\000e\000n\000c\000i\000a\000\040\000d\000e\000\040\000e\000n\000j\000a\000m\000b\000r\000e\000\040\000e\000n\000f\000o\000c\000a\000d\000o\000\040\000e\000n\000\040\000s\000i\000n\000c\000r\000o\000n\000i\000z\000a\000c\000i\000\363\000n\000\040\000y\000\040\000c\000o\000n\000t\000r\000o\000l\000\040\000d\000e\000\040\000f\000o\000r\000m\000a\000c\000i\000o\000n\000e\000s\000\040\000d\000e\000\040\000s\000i\000s\000t\000e\000m\000a\000s\000\040\000r\000o\000b\000\363\000t\000i\000c\000o\000s\000\040\000m\000u\000l\000t\000i\000-\000a\000g\000e\000n\000t\000e\000\040\000e\000n\000\040\000u\000n\000\040\000e\000n\000t\000o\000r\000n\000o\000\040\000f\000\355\000s\000i\000c\000o}{chapter.13}% 15
\BOOKMARK [0][-]{chapter.25}{\376\377\000J\000u\000s\000t\000i\000f\000i\000c\000a\000c\000i\000\363\000n}{}% 16
\BOOKMARK [0][-]{chapter.26}{\376\377\000O\000b\000j\000e\000t\000i\000v\000o\000s}{}% 17
\BOOKMARK [1][-]{section.27}{\376\377\000O\000b\000j\000e\000t\000i\000v\000o\000\040\000g\000e\000n\000e\000r\000a\000l}{chapter.26}% 18
\BOOKMARK [1][-]{section.28}{\376\377\000O\000b\000j\000e\000t\000i\000v\000o\000s\000\040\000e\000s\000p\000e\000c\000\355\000f\000i\000c\000o\000s}{chapter.26}% 19
\BOOKMARK [0][-]{chapter.29}{\376\377\000A\000l\000c\000a\000n\000c\000e}{}% 20
\BOOKMARK [0][-]{chapter.30}{\376\377\000M\000a\000r\000c\000o\000\040\000t\000e\000\363\000r\000i\000c\000o}{}% 21
\BOOKMARK [1][-]{section.31}{\376\377\000C\000o\000n\000c\000e\000p\000t\000o\000s\000\040\000f\000u\000n\000d\000a\000m\000e\000n\000t\000a\000l\000e\000s\000\040\000e\000n\000\040\000r\000o\000b\000\363\000t\000i\000c\000a\000\040\000d\000e\000\040\000e\000n\000j\000a\000m\000b\000r\000e}{chapter.30}% 22
\BOOKMARK [2][-]{subsection.32}{\376\377\000E\000n\000j\000a\000m\000b\000r\000e}{section.31}% 23
\BOOKMARK [2][-]{subsection.34}{\376\377\000A\000g\000e\000n\000t\000e}{section.31}% 24
\BOOKMARK [2][-]{subsection.35}{\376\377\000F\000o\000r\000m\000a\000c\000i\000o\000n\000e\000s}{section.31}% 25
\BOOKMARK [2][-]{subsection.36}{\376\377\000C\000o\000n\000t\000r\000o\000l\000\040\000c\000e\000n\000t\000r\000a\000l\000i\000z\000a\000d\000o\000\040\000y\000\040\000d\000e\000s\000c\000e\000n\000t\000r\000a\000l\000i\000z\000a\000d\000o}{section.31}% 26
\BOOKMARK [1][-]{section.38}{\376\377\000C\000o\000n\000c\000e\000p\000t\000o\000s\000\040\000b\000\341\000s\000i\000c\000o\000s\000\040\000e\000n\000\040\000T\000e\000o\000r\000\355\000a\000\040\000d\000e\000\040\000g\000r\000a\000f\000o\000s}{chapter.30}% 27
\BOOKMARK [2][-]{subsection.39}{\376\377\000T\000e\000o\000r\000\355\000a\000\040\000d\000e\000\040\000g\000r\000a\000f\000o\000s}{section.38}% 28
\BOOKMARK [2][-]{subsection.41}{\376\377\000V\000\351\000r\000t\000i\000c\000e\000s\000\040\000y\000\040\000a\000r\000i\000s\000t\000a\000s}{section.38}% 29
\BOOKMARK [2][-]{subsection.42}{\376\377\000T\000i\000p\000o\000s\000\040\000d\000e\000\040\000g\000r\000a\000f\000o\000s}{section.38}% 30
\BOOKMARK [2][-]{subsection.44}{\376\377\000M\000a\000t\000r\000i\000c\000e\000s\000\040\000a\000s\000o\000c\000i\000a\000d\000a\000s\000\040\000a\000\040\000u\000n\000\040\000g\000r\000a\000f\000o}{section.38}% 31
\BOOKMARK [1][-]{section.45}{\376\377\000C\000o\000n\000t\000r\000o\000l\000\040\000d\000e\000\040\000l\000a\000\040\000f\000o\000r\000m\000a\000c\000i\000\363\000n}{chapter.30}% 32
\BOOKMARK [2][-]{subsection.46}{\376\377\000G\000r\000a\000f\000o\000\040\000d\000e\000\040\000f\000o\000r\000m\000a\000c\000i\000\363\000n}{section.45}% 33
\BOOKMARK [2][-]{subsection.48}{\376\377\000C\000o\000n\000s\000t\000r\000u\000c\000c\000i\000\363\000n\000\040\000d\000e\000\040\000u\000n\000\040\000g\000r\000a\000f\000o\000\040\000m\000\355\000n\000i\000m\000a\000m\000e\000n\000t\000e\000\040\000r\000\355\000g\000i\000d\000o}{section.45}% 34
\BOOKMARK [2][-]{subsection.53}{\376\377\000G\000r\000a\000f\000o\000\040\000p\000a\000r\000a\000\040\000l\000a\000\040\000r\000e\000d\000\040\000d\000e\000\040\000c\000o\000m\000u\000n\000i\000c\000a\000c\000i\000\363\000n}{section.45}% 35
\BOOKMARK [1][-]{section.54}{\376\377\000T\000e\000o\000r\000\355\000a\000\040\000d\000e\000\040\000c\000o\000n\000t\000r\000o\000l}{chapter.30}% 36
\BOOKMARK [2][-]{subsection.56}{\376\377\000C\000o\000n\000t\000r\000o\000l\000\040\000d\000e\000\040\000f\000o\000r\000m\000a\000c\000i\000\363\000n}{section.54}% 37
\BOOKMARK [1][-]{section.57}{\376\377\000C\000i\000n\000e\000m\000\341\000t\000i\000c\000a\000\040\000d\000e\000\040\000r\000o\000b\000o\000t\000s\000\040\000d\000i\000f\000e\000r\000e\000n\000c\000i\000a\000l\000e\000s\000\040\000c\000o\000n\000\040\000r\000u\000e\000d\000a\000s}{chapter.30}% 38
\BOOKMARK [1][-]{section.63}{\376\377\000O\000t\000r\000a\000s\000\040\000e\000c\000u\000a\000c\000i\000o\000n\000e\000s\000\040\000m\000a\000t\000e\000m\000\341\000t\000i\000c\000a\000s\000\040\000r\000e\000l\000e\000v\000a\000n\000t\000e\000s}{chapter.30}% 39
\BOOKMARK [2][-]{subsection.64}{\376\377\000E\000c\000u\000a\000c\000i\000\363\000n\000\040\000d\000e\000\040\000c\000o\000n\000s\000e\000n\000s\000o}{section.63}% 40
\BOOKMARK [2][-]{subsection.67}{\376\377\000F\000u\000n\000c\000i\000o\000n\000e\000s\000\040\000r\000a\000c\000i\000o\000n\000a\000l\000e\000s\000\040\000p\000a\000r\000a\000\040\000h\000a\000l\000l\000a\000r\000\040\000l\000a\000\040\000t\000e\000n\000s\000i\000\363\000n}{section.63}% 41
\BOOKMARK [1][-]{section.72}{\376\377\000H\000e\000r\000r\000a\000m\000i\000e\000n\000t\000a\000s\000\040\000d\000e\000\040\000s\000o\000f\000t\000w\000a\000r\000e}{chapter.30}% 42
\BOOKMARK [2][-]{subsection.73}{\376\377\000M\000a\000t\000l\000a\000b}{section.72}% 43
\BOOKMARK [2][-]{subsection.74}{\376\377\000E\000n\000t\000o\000r\000n\000o\000\040\000d\000e\000\040\000s\000i\000m\000u\000l\000a\000c\000i\000\363\000n\000\040\000W\000e\000b\000o\000t\000s}{section.72}% 44
\BOOKMARK [2][-]{subsection.76}{\376\377\000P\000a\000r\000a\000l\000e\000l\000i\000s\000m\000o\000\040\000c\000o\000m\000p\000u\000t\000a\000c\000i\000o\000n\000a\000l}{section.72}% 45
\BOOKMARK [1][-]{section.78}{\376\377\000E\000c\000o\000s\000i\000s\000t\000e\000m\000a\000\040\000R\000o\000b\000o\000t\000a\000t}{chapter.30}% 46
\BOOKMARK [2][-]{subsection.79}{\376\377\000M\000e\000s\000a\000\040\000d\000e\000\040\000p\000r\000u\000e\000b\000a\000s}{section.78}% 47
\BOOKMARK [2][-]{subsection.80}{\376\377\000S\000i\000s\000t\000e\000m\000a\000\040\000d\000e\000\040\000c\000a\000p\000t\000u\000r\000a\000\040\000d\000e\000\040\000m\000o\000v\000i\000m\000i\000e\000n\000t\000o\000\040\000O\000p\000t\000i\000T\000r\000a\000c\000k}{section.78}% 48
\BOOKMARK [2][-]{subsection.82}{\376\377\000C\000o\000m\000u\000n\000i\000c\000a\000c\000i\000\363\000n\000\040\000d\000e\000l\000\040\000R\000o\000b\000o\000t\000a\000t}{section.78}% 49
\BOOKMARK [1][-]{section.83}{\376\377\000H\000a\000r\000d\000w\000a\000r\000e}{chapter.30}% 50
\BOOKMARK [2][-]{subsection.84}{\376\377\000P\000l\000a\000t\000a\000f\000o\000r\000m\000a\000\040\000m\000\363\000v\000i\000l\000\040\000P\000o\000l\000o\000l\000u\000\040\0003\000p\000i\000+\000\040\000m\000o\000d\000i\000f\000i\000c\000a\000d\000o}{section.83}% 51
\BOOKMARK [0][-]{chapter.86}{\376\377\000A\000l\000g\000o\000r\000i\000t\000m\000o\000\040\000d\000e\000\040\000s\000i\000n\000c\000r\000o\000n\000i\000z\000a\000c\000i\000\363\000n\000\040\000y\000\040\000c\000o\000n\000t\000r\000o\000l\000\040\000d\000e\000\040\000f\000o\000r\000m\000a\000c\000i\000o\000n\000e\000s}{}% 52
\BOOKMARK [1][-]{subsection.87}{\376\377\000C\000o\000n\000t\000r\000o\000l\000a\000d\000o\000r\000\040\000d\000e\000l\000\040\000s\000u\000p\000e\000r\000v\000i\000s\000o\000r}{chapter.86}% 53
\BOOKMARK [2][-]{subsection.93}{\376\377\000C\000o\000n\000t\000r\000o\000l\000a\000d\000o\000r\000\040\000d\000e\000\040\000l\000o\000s\000\040\000a\000g\000e\000n\000t\000e\000s}{subsection.87}% 54
\BOOKMARK [2][-]{subsection.94}{\376\377\000F\000u\000n\000c\000i\000o\000n\000a\000m\000i\000e\000n\000t\000o\000\040\000d\000e\000l\000\040\000a\000l\000g\000o\000r\000i\000t\000m\000o}{subsection.87}% 55
\BOOKMARK [0][-]{chapter.97}{\376\377\000R\000e\000s\000t\000a\000u\000r\000a\000c\000i\000\363\000n\000\040\000d\000e\000l\000\040\000a\000l\000g\000o\000r\000i\000t\000m\000o\000\040\000d\000e\000s\000a\000r\000r\000o\000l\000l\000a\000d\000o\000\040\000e\000n\000\040\000f\000a\000s\000e\000s\000\040\000p\000r\000e\000v\000i\000a\000s}{}% 56
\BOOKMARK [1][-]{section.98}{\376\377\000R\000e\000p\000l\000i\000c\000a\000r\000\040\000s\000i\000m\000u\000l\000a\000c\000i\000o\000n\000e\000s\000\040\000d\000e\000\040\000W\000e\000b\000o\000t\000s}{chapter.97}% 57
\BOOKMARK [2][-]{subsection.99}{\376\377\000C\000o\000m\000u\000n\000i\000c\000a\000c\000i\000\363\000n\000\040\000e\000n\000t\000r\000e\000\040\000s\000u\000p\000e\000r\000v\000i\000s\000o\000r\000\040\000y\000\040\000a\000g\000e\000n\000t\000e\000s}{section.98}% 58
\BOOKMARK [2][-]{subsection.101}{\376\377\000P\000r\000u\000e\000b\000a\000\040\000d\000e\000l\000\040\000a\000l\000g\000o\000r\000i\000t\000m\000o\000\040\000c\000o\000n\000\040\000s\000i\000m\000u\000l\000a\000c\000i\000o\000n\000e\000s\000\040\000b\000a\000s\000a\000d\000a\000s\000\040\000e\000n\000\040\000e\000s\000c\000e\000n\000a\000r\000i\000o\000s\000\040\000p\000r\000e\000v\000i\000o\000s}{section.98}% 59
\BOOKMARK [1][-]{section.108}{\376\377\000R\000e\000p\000l\000i\000c\000a\000r\000\040\000e\000l\000\040\000f\000u\000n\000c\000i\000o\000n\000a\000m\000i\000e\000n\000t\000o\000\040\000d\000e\000l\000\040\000a\000l\000g\000o\000r\000i\000t\000m\000o\000\040\000e\000n\000\040\000e\000l\000\040\000R\000o\000b\000o\000t\000a\000t}{chapter.97}% 60
\BOOKMARK [2][-]{subsection.109}{\376\377\000P\000r\000u\000e\000b\000a\000s\000\040\000d\000e\000\040\000c\000o\000n\000e\000x\000i\000\363\000n\000\040\000c\000o\000n\000\040\000e\000l\000\040\000P\000o\000l\000o\000l\000u\000\040\0003\000P\000i\000+\000\040\000y\000\040\000e\000l\000\040\000R\000o\000b\000o\000t\000a\000t}{section.108}% 61
\BOOKMARK [2][-]{subsection.111}{\376\377\000C\000a\000l\000i\000b\000r\000a\000c\000i\000\363\000n\000\040\000d\000e\000\040\000m\000a\000r\000c\000a\000d\000o\000r\000e\000s}{section.108}% 62
\BOOKMARK [2][-]{subsection.117}{\376\377\000S\000e\000l\000e\000c\000c\000i\000\363\000n\000\040\000d\000e\000\040\000m\000a\000r\000c\000a\000d\000o\000r\000e\000s\000\040\000a\000\040\000u\000t\000i\000l\000i\000z\000a\000r}{section.108}% 63
\BOOKMARK [2][-]{subsection.120}{\376\377\000A\000j\000u\000s\000t\000e\000\040\000d\000e\000\040\000p\000a\000r\000\341\000m\000e\000t\000r\000o\000s\000\040\000e\000n\000\040\000e\000l\000\040\000a\000l\000g\000o\000r\000i\000t\000m\000o}{section.108}% 64
\BOOKMARK [2][-]{subsection.125}{\376\377\000C\000o\000n\000f\000i\000g\000u\000r\000a\000c\000i\000o\000n\000e\000s\000\040\000p\000a\000r\000a\000\040\000e\000l\000\040\000e\000s\000c\000e\000n\000a\000r\000i\000o}{section.108}% 65
\BOOKMARK [2][-]{subsection.127}{\376\377\000P\000r\000u\000e\000b\000a\000\040\000d\000e\000l\000\040\000a\000l\000g\000o\000r\000i\000t\000m\000o\000\040\000e\000n\000\040\000f\000\355\000s\000i\000c\000o\000\040\000c\000o\000n\000\040\000e\000s\000c\000e\000n\000a\000r\000i\000o\000s\000\040\000p\000r\000e\000v\000i\000o\000s}{section.108}% 66
\BOOKMARK [1][-]{section.143}{\376\377\000P\000r\000u\000e\000b\000a\000\040\000d\000e\000\040\000f\000u\000n\000c\000i\000o\000n\000a\000m\000i\000e\000n\000t\000o\000\040\000d\000e\000l\000\040\000a\000l\000g\000o\000r\000i\000t\000m\000o\000\040\000c\000o\000n\000\040\000o\000b\000s\000t\000\341\000c\000u\000l\000o\000s\000\040\000m\000\363\000v\000i\000l\000e\000s}{chapter.97}% 67
\BOOKMARK [2][-]{subsection.144}{\376\377\000S\000i\000m\000u\000l\000a\000c\000i\000o\000n\000e\000s\000\040\000u\000t\000i\000l\000i\000z\000a\000n\000d\000o\000\040\000o\000b\000s\000t\000\341\000c\000u\000l\000o\000s\000\040\000m\000\363\000v\000i\000l\000e\000s}{section.143}% 68
\BOOKMARK [2][-]{subsection.151}{\376\377\000E\000s\000c\000e\000n\000a\000r\000i\000o\000s\000\040\000f\000\355\000s\000i\000c\000o\000s\000\040\000u\000t\000i\000l\000i\000z\000a\000n\000d\000o\000\040\000o\000b\000s\000t\000\341\000c\000u\000l\000o\000s\000\040\000m\000\363\000v\000i\000l\000e\000s}{section.143}% 69
\BOOKMARK [0][-]{chapter.160}{\376\377\000O\000p\000t\000i\000m\000i\000z\000a\000c\000i\000\363\000n\000\040\000d\000e\000l\000\040\000a\000l\000g\000o\000r\000i\000t\000m\000o\000\040\000y\000\040\000s\000u\000\040\000i\000m\000p\000l\000e\000m\000e\000n\000t\000a\000c\000i\000\363\000n}{}% 70
\BOOKMARK [1][-]{section.161}{\376\377\000L\000e\000n\000g\000u\000a\000j\000e\000\040\000d\000e\000\040\000p\000r\000o\000g\000r\000a\000m\000a\000c\000i\000\363\000n\000\040\000y\000\040\000l\000i\000m\000p\000i\000e\000z\000a\000\040\000d\000e\000\040\000c\000\363\000d\000i\000g\000o}{chapter.160}% 71
\BOOKMARK [1][-]{section.163}{\376\377\000P\000o\000s\000i\000c\000i\000\363\000n\000\040\000d\000e\000\040\000c\000a\000d\000a\000\040\000a\000g\000e\000n\000t\000e\000\040\000s\000e\000g\000\372\000n\000\040\000e\000l\000\040\000g\000r\000a\000f\000o\000\040\000d\000e\000\040\000f\000o\000r\000m\000a\000c\000i\000\363\000n}{chapter.160}% 72
\BOOKMARK [1][-]{section.166}{\376\377\000M\000e\000j\000o\000r\000a\000r\000\040\000l\000a\000\040\000e\000f\000i\000c\000i\000e\000n\000c\000i\000a\000\040\000c\000o\000m\000p\000u\000t\000a\000c\000i\000o\000n\000a\000l\000\040\000c\000o\000n\000\040\000N\000u\000m\000P\000y}{chapter.160}% 73
\BOOKMARK [2][-]{subsection.167}{\376\377\000A\000p\000l\000i\000c\000a\000r\000\040\000d\000e\000s\000f\000a\000s\000e\000s\000\040\000d\000e\000\040\000l\000o\000s\000\040\000m\000a\000r\000c\000a\000d\000o\000r\000e\000s}{section.166}% 74
\BOOKMARK [2][-]{subsection.182}{\376\377\000C\000\341\000l\000c\000u\000l\000o\000\040\000d\000e\000\040\000l\000a\000\040\000d\000i\000s\000t\000a\000n\000c\000i\000a\000\040\000e\000n\000t\000r\000e\000\040\000a\000g\000e\000n\000t\000e\000s}{section.166}% 75
\BOOKMARK [2][-]{subsection.186}{\376\377\000C\000\341\000l\000c\000u\000l\000o\000\040\000d\000e\000l\000\040\000e\000r\000r\000o\000r\000\040\000d\000e\000\040\000f\000o\000r\000m\000a\000c\000i\000\363\000n}{section.166}% 76
\BOOKMARK [1][-]{section.190}{\376\377\000A\000j\000u\000s\000t\000e\000\040\000d\000e\000\040\000p\000a\000r\000\341\000m\000e\000t\000r\000o\000s\000\040\000d\000e\000l\000\040\000a\000l\000g\000o\000r\000i\000t\000m\000o}{chapter.160}% 77
\BOOKMARK [0][-]{chapter.191}{\376\377\000V\000a\000l\000i\000d\000a\000c\000i\000\363\000n\000\040\000d\000e\000l\000\040\000a\000l\000g\000o\000r\000i\000t\000m\000o\000\040\000o\000p\000t\000i\000m\000i\000z\000a\000d\000o\000\040\000e\000n\000\040\000e\000s\000c\000e\000n\000a\000r\000i\000o\000s\000\040\000f\000\355\000s\000i\000c\000o\000s\000\040\000c\000o\000n\000\040\000o\000b\000s\000t\000\341\000c\000u\000l\000o\000s\000\040\000m\000\363\000v\000i\000l\000e\000s}{}% 78
\BOOKMARK [0][-]{chapter.192}{\376\377\000C\000o\000n\000c\000l\000u\000s\000i\000o\000n\000e\000s}{}% 79
\BOOKMARK [0][-]{chapter.193}{\376\377\000R\000e\000c\000o\000m\000e\000n\000d\000a\000c\000i\000o\000n\000e\000s}{}% 80
\BOOKMARK [0][-]{chapter.195}{\376\377\000B\000i\000b\000l\000i\000o\000g\000r\000a\000f\000\355\000a}{}% 81
