\BOOKMARK [0][-]{section*.6}{\376\377\000P\000r\000e\000f\000a\000c\000i\000o}{}% 1
\BOOKMARK [0][-]{toc.0}{\376\377\000\315\000n\000d\000i\000c\000e}{}% 2
\BOOKMARK [0][-]{section*.8}{\376\377\000L\000i\000s\000t\000a\000\040\000d\000e\000\040\000f\000i\000g\000u\000r\000a\000s}{}% 3
\BOOKMARK [0][-]{section*.9}{\376\377\000L\000i\000s\000t\000a\000\040\000d\000e\000\040\000c\000u\000a\000d\000r\000o\000s}{}% 4
\BOOKMARK [0][-]{section*.10}{\376\377\000R\000e\000s\000u\000m\000e\000n}{}% 5
\BOOKMARK [0][-]{section*.11}{\376\377\000A\000b\000s\000t\000r\000a\000c\000t}{}% 6
\BOOKMARK [0][-]{chapter.12}{\376\377\000I\000n\000t\000r\000o\000d\000u\000c\000c\000i\000\363\000n}{}% 7
\BOOKMARK [0][-]{chapter.13}{\376\377\000A\000n\000t\000e\000c\000e\000d\000e\000n\000t\000e\000s}{}% 8
\BOOKMARK [1][-]{section.14}{\376\377\000R\000o\000b\000\363\000t\000i\000c\000a\000\040\000d\000e\000\040\000e\000n\000j\000a\000m\000b\000r\000e}{chapter.13}% 9
\BOOKMARK [2][-]{subsection.15}{\376\377\000R\000o\000b\000\363\000t\000i\000c\000a\000\040\000d\000e\000\040\000e\000n\000j\000a\000m\000b\000r\000e\000\040\000i\000n\000s\000p\000i\000r\000a\000d\000a\000\040\000e\000n\000\040\000p\000e\000c\000e\000s}{section.14}% 10
\BOOKMARK [1][-]{section.17}{\376\377\000R\000o\000b\000o\000t\000a\000r\000i\000u\000m\000\040\000d\000e\000\040\000G\000e\000o\000r\000g\000i\000a\000\040\000T\000e\000c\000h}{chapter.13}% 11
\BOOKMARK [1][-]{section.19}{\376\377\000R\000o\000b\000o\000t\000a\000t\000\040\000d\000e\000\040\000l\000a\000\040\000U\000n\000i\000v\000e\000r\000s\000i\000d\000a\000d\000\040\000d\000e\000l\000\040\000V\000a\000l\000l\000e\000\040\000d\000e\000\040\000G\000u\000a\000t\000e\000m\000a\000l\000a}{chapter.13}% 12
\BOOKMARK [1][-]{section.21}{\376\377\000T\000r\000a\000b\000a\000j\000o\000s\000\040\000p\000r\000e\000v\000i\000o\000s\000\040\000d\000e\000\040\000r\000o\000b\000\363\000t\000i\000c\000a\000\040\000d\000e\000\040\000e\000n\000j\000a\000m\000b\000r\000e\000\040\000e\000n\000\040\000l\000a\000\040\000U\000V\000G}{chapter.13}% 13
\BOOKMARK [2][-]{subsection.22}{\376\377\000V\000a\000l\000i\000d\000a\000c\000i\000\363\000n\000\040\000d\000e\000\040\000a\000l\000g\000o\000r\000i\000t\000m\000o\000s\000\040\000d\000e\000\040\000a\000l\000g\000o\000r\000i\000t\000m\000o\000s\000\040\000d\000e\000\040\000P\000a\000r\000t\000i\000c\000l\000e\000\040\000S\000w\000a\000r\000m\000\040\000O\000p\000t\000i\000m\000i\000z\000a\000t\000i\000o\000n\000\040\000\050\000P\000S\000O\000\051\000\040\000y\000\040\000A\000n\000t\000\040\000C\000o\000l\000o\000n\000y\000\040\000O\000p\000t\000i\000m\000i\000z\000a\000t\000i\000o\000n\000\040\000\050\000A\000C\000O\000\051}{section.21}% 14
\BOOKMARK [2][-]{subsection.23}{\376\377\000A\000l\000g\000o\000r\000i\000t\000m\000o\000\040\000d\000e\000\040\000s\000i\000n\000c\000r\000o\000n\000i\000z\000a\000c\000i\000\363\000n\000\040\000y\000\040\000c\000o\000n\000t\000r\000o\000l\000\040\000d\000e\000\040\000s\000i\000s\000t\000e\000m\000a\000s\000\040\000d\000e\000\040\000r\000o\000b\000o\000t\000s\000\040\000m\000u\000l\000t\000i\000a\000g\000e\000n\000t\000e\000\040\000p\000a\000r\000a\000\040\000m\000i\000s\000i\000o\000n\000e\000s\000\040\000d\000e\000\040\000b\000\372\000s\000q\000u\000e\000d\000a}{section.21}% 15
\BOOKMARK [2][-]{subsection.25}{\376\377\000V\000a\000l\000i\000d\000a\000c\000i\000\363\000n\000\040\000d\000e\000\040\000u\000n\000\040\000a\000l\000g\000o\000r\000i\000t\000m\000o\000\040\000d\000e\000\040\000i\000n\000t\000e\000l\000i\000g\000e\000n\000c\000i\000a\000\040\000d\000e\000\040\000e\000n\000j\000a\000m\000b\000r\000e\000\040\000e\000n\000f\000o\000c\000a\000d\000o\000\040\000e\000n\000\040\000s\000i\000n\000c\000r\000o\000n\000i\000z\000a\000c\000i\000\363\000n\000\040\000y\000\040\000c\000o\000n\000t\000r\000o\000l\000\040\000d\000e\000\040\000f\000o\000r\000m\000a\000c\000i\000o\000n\000e\000s\000\040\000d\000e\000\040\000s\000i\000s\000t\000e\000m\000a\000s\000\040\000r\000o\000b\000\363\000t\000i\000c\000o\000s\000\040\000m\000u\000l\000t\000i\000-\000a\000g\000e\000n\000t\000e\000\040\000e\000n\000\040\000u\000n\000\040\000e\000n\000t\000o\000r\000n\000o\000\040\000f\000\355\000s\000i\000c\000o}{section.21}% 16
\BOOKMARK [0][-]{chapter.26}{\376\377\000J\000u\000s\000t\000i\000f\000i\000c\000a\000c\000i\000\363\000n}{}% 17
\BOOKMARK [0][-]{chapter.27}{\376\377\000O\000b\000j\000e\000t\000i\000v\000o\000s}{}% 18
\BOOKMARK [1][-]{section.28}{\376\377\000O\000b\000j\000e\000t\000i\000v\000o\000\040\000g\000e\000n\000e\000r\000a\000l}{chapter.27}% 19
\BOOKMARK [1][-]{section.29}{\376\377\000O\000b\000j\000e\000t\000i\000v\000o\000s\000\040\000e\000s\000p\000e\000c\000\355\000f\000i\000c\000o\000s}{chapter.27}% 20
\BOOKMARK [0][-]{chapter.30}{\376\377\000A\000l\000c\000a\000n\000c\000e}{}% 21
\BOOKMARK [0][-]{chapter.31}{\376\377\000M\000a\000r\000c\000o\000\040\000t\000e\000\363\000r\000i\000c\000o}{}% 22
\BOOKMARK [1][-]{section.32}{\376\377\000C\000o\000n\000c\000e\000p\000t\000o\000s\000\040\000f\000u\000n\000d\000a\000m\000e\000n\000t\000a\000l\000e\000s\000\040\000e\000n\000\040\000r\000o\000b\000\363\000t\000i\000c\000a\000\040\000d\000e\000\040\000e\000n\000j\000a\000m\000b\000r\000e}{chapter.31}% 23
\BOOKMARK [2][-]{subsection.33}{\376\377\000E\000n\000j\000a\000m\000b\000r\000e}{section.32}% 24
\BOOKMARK [2][-]{subsection.35}{\376\377\000A\000g\000e\000n\000t\000e}{section.32}% 25
\BOOKMARK [2][-]{subsection.36}{\376\377\000F\000o\000r\000m\000a\000c\000i\000o\000n\000e\000s}{section.32}% 26
\BOOKMARK [2][-]{subsection.37}{\376\377\000C\000o\000n\000t\000r\000o\000l\000\040\000c\000e\000n\000t\000r\000a\000l\000i\000z\000a\000d\000o\000\040\000y\000\040\000d\000e\000s\000c\000e\000n\000t\000r\000a\000l\000i\000z\000a\000d\000o}{section.32}% 27
\BOOKMARK [1][-]{section.39}{\376\377\000C\000o\000n\000c\000e\000p\000t\000o\000s\000\040\000b\000\341\000s\000i\000c\000o\000s\000\040\000e\000n\000\040\000t\000e\000o\000r\000\355\000a\000\040\000d\000e\000\040\000g\000r\000a\000f\000o\000s}{chapter.31}% 28
\BOOKMARK [2][-]{subsection.40}{\376\377\000T\000e\000o\000r\000\355\000a\000\040\000d\000e\000\040\000g\000r\000a\000f\000o\000s}{section.39}% 29
\BOOKMARK [2][-]{subsection.42}{\376\377\000V\000\351\000r\000t\000i\000c\000e\000s\000\040\000y\000\040\000a\000r\000i\000s\000t\000a\000s}{section.39}% 30
\BOOKMARK [2][-]{subsection.43}{\376\377\000T\000i\000p\000o\000s\000\040\000d\000e\000\040\000g\000r\000a\000f\000o\000s}{section.39}% 31
\BOOKMARK [2][-]{subsection.45}{\376\377\000M\000a\000t\000r\000i\000c\000e\000s\000\040\000a\000s\000o\000c\000i\000a\000d\000a\000s\000\040\000a\000\040\000u\000n\000\040\000g\000r\000a\000f\000o}{section.39}% 32
\BOOKMARK [1][-]{section.46}{\376\377\000C\000o\000n\000t\000r\000o\000l\000\040\000d\000e\000\040\000l\000a\000\040\000f\000o\000r\000m\000a\000c\000i\000\363\000n}{chapter.31}% 33
\BOOKMARK [2][-]{subsection.47}{\376\377\000G\000r\000a\000f\000o\000\040\000d\000e\000\040\000f\000o\000r\000m\000a\000c\000i\000\363\000n}{section.46}% 34
\BOOKMARK [2][-]{subsection.49}{\376\377\000C\000o\000n\000s\000t\000r\000u\000c\000c\000i\000\363\000n\000\040\000d\000e\000\040\000u\000n\000\040\000g\000r\000a\000f\000o\000\040\000m\000\355\000n\000i\000m\000a\000m\000e\000n\000t\000e\000\040\000r\000\355\000g\000i\000d\000o}{section.46}% 35
\BOOKMARK [2][-]{subsection.54}{\376\377\000G\000r\000a\000f\000o\000\040\000p\000a\000r\000a\000\040\000l\000a\000\040\000r\000e\000d\000\040\000d\000e\000\040\000c\000o\000m\000u\000n\000i\000c\000a\000c\000i\000\363\000n}{section.46}% 36
\BOOKMARK [1][-]{section.55}{\376\377\000T\000e\000o\000r\000\355\000a\000\040\000d\000e\000\040\000c\000o\000n\000t\000r\000o\000l}{chapter.31}% 37
\BOOKMARK [2][-]{subsection.57}{\376\377\000C\000o\000n\000t\000r\000o\000l\000\040\000d\000e\000\040\000f\000o\000r\000m\000a\000c\000i\000\363\000n}{section.55}% 38
\BOOKMARK [1][-]{section.58}{\376\377\000C\000i\000n\000e\000m\000\341\000t\000i\000c\000a\000\040\000d\000e\000\040\000r\000o\000b\000o\000t\000s\000\040\000d\000i\000f\000e\000r\000e\000n\000c\000i\000a\000l\000e\000s\000\040\000c\000o\000n\000\040\000r\000u\000e\000d\000a\000s}{chapter.31}% 39
\BOOKMARK [1][-]{section.64}{\376\377\000O\000t\000r\000a\000s\000\040\000e\000c\000u\000a\000c\000i\000o\000n\000e\000s\000\040\000m\000a\000t\000e\000m\000\341\000t\000i\000c\000a\000s\000\040\000r\000e\000l\000e\000v\000a\000n\000t\000e\000s}{chapter.31}% 40
\BOOKMARK [2][-]{subsection.65}{\376\377\000E\000c\000u\000a\000c\000i\000\363\000n\000\040\000d\000e\000\040\000c\000o\000n\000s\000e\000n\000s\000o}{section.64}% 41
\BOOKMARK [2][-]{subsection.68}{\376\377\000F\000u\000n\000c\000i\000o\000n\000e\000s\000\040\000r\000a\000c\000i\000o\000n\000a\000l\000e\000s\000\040\000p\000a\000r\000a\000\040\000h\000a\000l\000l\000a\000r\000\040\000l\000a\000\040\000t\000e\000n\000s\000i\000\363\000n}{section.64}% 42
\BOOKMARK [1][-]{section.73}{\376\377\000H\000e\000r\000r\000a\000m\000i\000e\000n\000t\000a\000s\000\040\000d\000e\000\040\000s\000o\000f\000t\000w\000a\000r\000e}{chapter.31}% 43
\BOOKMARK [2][-]{subsection.74}{\376\377\000M\000a\000t\000l\000a\000b}{section.73}% 44
\BOOKMARK [2][-]{subsection.75}{\376\377\000E\000n\000t\000o\000r\000n\000o\000\040\000d\000e\000\040\000s\000i\000m\000u\000l\000a\000c\000i\000\363\000n\000\040\000W\000e\000b\000o\000t\000s}{section.73}% 45
\BOOKMARK [2][-]{subsection.77}{\376\377\000P\000a\000r\000a\000l\000e\000l\000i\000s\000m\000o\000\040\000c\000o\000m\000p\000u\000t\000a\000c\000i\000o\000n\000a\000l}{section.73}% 46
\BOOKMARK [1][-]{section.79}{\376\377\000E\000c\000o\000s\000i\000s\000t\000e\000m\000a\000\040\000R\000o\000b\000o\000t\000a\000t}{chapter.31}% 47
\BOOKMARK [2][-]{subsection.80}{\376\377\000M\000e\000s\000a\000\040\000d\000e\000\040\000p\000r\000u\000e\000b\000a\000s}{section.79}% 48
\BOOKMARK [2][-]{subsection.81}{\376\377\000S\000i\000s\000t\000e\000m\000a\000\040\000d\000e\000\040\000c\000a\000p\000t\000u\000r\000a\000\040\000d\000e\000\040\000m\000o\000v\000i\000m\000i\000e\000n\000t\000o\000\040\000O\000p\000t\000i\000T\000r\000a\000c\000k}{section.79}% 49
\BOOKMARK [2][-]{subsection.83}{\376\377\000C\000o\000m\000u\000n\000i\000c\000a\000c\000i\000\363\000n\000\040\000d\000e\000l\000\040\000R\000o\000b\000o\000t\000a\000t}{section.79}% 50
\BOOKMARK [1][-]{section.84}{\376\377\000H\000a\000r\000d\000w\000a\000r\000e}{chapter.31}% 51
\BOOKMARK [2][-]{subsection.85}{\376\377\000P\000l\000a\000t\000a\000f\000o\000r\000m\000a\000\040\000m\000\363\000v\000i\000l\000\040\000P\000o\000l\000o\000l\000u\000\040\0003\000p\000i\000+\000\040\000m\000o\000d\000i\000f\000i\000c\000a\000d\000o}{section.84}% 52
\BOOKMARK [0][-]{chapter.87}{\376\377\000A\000l\000g\000o\000r\000i\000t\000m\000o\000\040\000d\000e\000\040\000s\000i\000n\000c\000r\000o\000n\000i\000z\000a\000c\000i\000\363\000n\000\040\000y\000\040\000c\000o\000n\000t\000r\000o\000l\000\040\000d\000e\000\040\000f\000o\000r\000m\000a\000c\000i\000o\000n\000e\000s}{}% 53
\BOOKMARK [1][-]{section.88}{\376\377\000P\000r\000o\000g\000r\000a\000m\000a\000\040\000d\000e\000l\000\040\000s\000u\000p\000e\000r\000v\000i\000s\000o\000r}{chapter.87}% 54
\BOOKMARK [2][-]{subsection.89}{\376\377\000A\000d\000q\000u\000i\000s\000i\000c\000i\000\363\000n\000\040\000d\000e\000\040\000p\000o\000s\000i\000c\000i\000o\000n\000e\000s}{section.88}% 55
\BOOKMARK [2][-]{subsection.90}{\376\377\000C\000\341\000l\000c\000u\000l\000o\000\040\000d\000e\000\040\000v\000e\000l\000o\000c\000i\000d\000a\000d\000e\000s\000\040\000d\000e\000\040\000a\000g\000e\000n\000t\000e\000s}{section.88}% 56
\BOOKMARK [2][-]{subsection.91}{\376\377\000E\000v\000a\000s\000i\000\363\000n\000\040\000d\000e\000\040\000o\000b\000s\000t\000\341\000c\000u\000l\000o\000s\000\040\000y\000\040\000c\000o\000l\000i\000s\000i\000o\000n\000e\000s}{section.88}% 57
\BOOKMARK [2][-]{subsection.92}{\376\377\000C\000o\000n\000t\000r\000o\000l\000\040\000p\000r\000o\000p\000o\000r\000c\000i\000o\000n\000a\000l}{section.88}% 58
\BOOKMARK [1][-]{section.94}{\376\377\000P\000r\000o\000g\000r\000a\000m\000a\000\040\000d\000e\000\040\000l\000o\000s\000\040\000a\000g\000e\000n\000t\000e\000s}{chapter.87}% 59
\BOOKMARK [1][-]{section.95}{\376\377\000F\000u\000n\000c\000i\000o\000n\000a\000m\000i\000e\000n\000t\000o\000\040\000d\000e\000l\000\040\000a\000l\000g\000o\000r\000i\000t\000m\000o}{chapter.87}% 60
\BOOKMARK [0][-]{chapter.98}{\376\377\000V\000e\000r\000i\000f\000i\000c\000a\000c\000i\000\363\000n\000\040\000d\000e\000\040\000f\000u\000n\000c\000i\000o\000n\000a\000l\000i\000d\000a\000d\000\040\000d\000e\000l\000\040\000a\000l\000g\000o\000r\000i\000t\000m\000o\000\040\000d\000e\000s\000a\000r\000r\000o\000l\000l\000a\000d\000o\000\040\000e\000n\000\040\000f\000a\000s\000e\000s\000\040\000p\000r\000e\000v\000i\000a\000s}{}% 61
\BOOKMARK [1][-]{section.99}{\376\377\000R\000\351\000p\000l\000i\000c\000a\000\040\000d\000e\000\040\000s\000i\000m\000u\000l\000a\000c\000i\000o\000n\000e\000s\000\040\000d\000e\000\040\000W\000e\000b\000o\000t\000s}{chapter.98}% 62
\BOOKMARK [2][-]{subsection.100}{\376\377\000C\000o\000m\000u\000n\000i\000c\000a\000c\000i\000\363\000n\000\040\000e\000n\000t\000r\000e\000\040\000s\000u\000p\000e\000r\000v\000i\000s\000o\000r\000\040\000y\000\040\000a\000g\000e\000n\000t\000e\000s}{section.99}% 63
\BOOKMARK [2][-]{subsection.102}{\376\377\000P\000r\000u\000e\000b\000a\000\040\000d\000e\000l\000\040\000a\000l\000g\000o\000r\000i\000t\000m\000o\000\040\000c\000o\000n\000\040\000s\000i\000m\000u\000l\000a\000c\000i\000o\000n\000e\000s\000\040\000b\000a\000s\000a\000d\000a\000s\000\040\000e\000n\000\040\000e\000s\000c\000e\000n\000a\000r\000i\000o\000s\000\040\000p\000r\000e\000v\000i\000o\000s}{section.99}% 64
\BOOKMARK [1][-]{section.109}{\376\377\000R\000\351\000p\000l\000i\000c\000a\000\040\000d\000e\000l\000\040\000f\000u\000n\000c\000i\000o\000n\000a\000m\000i\000e\000n\000t\000o\000\040\000d\000e\000l\000\040\000a\000l\000g\000o\000r\000i\000t\000m\000o\000\040\000e\000n\000\040\000e\000l\000\040\000R\000o\000b\000o\000t\000a\000t}{chapter.98}% 65
\BOOKMARK [2][-]{subsection.110}{\376\377\000P\000r\000u\000e\000b\000a\000s\000\040\000d\000e\000\040\000c\000o\000n\000e\000x\000i\000\363\000n\000\040\000c\000o\000n\000\040\000e\000l\000\040\000P\000o\000l\000o\000l\000u\000\040\0003\000P\000i\000+\000\040\000y\000\040\000e\000l\000\040\000R\000o\000b\000o\000t\000a\000t}{section.109}% 66
\BOOKMARK [2][-]{subsection.112}{\376\377\000C\000a\000l\000i\000b\000r\000a\000c\000i\000\363\000n\000\040\000d\000e\000\040\000m\000a\000r\000c\000a\000d\000o\000r\000e\000s}{section.109}% 67
\BOOKMARK [2][-]{subsection.116}{\376\377\000S\000e\000l\000e\000c\000c\000i\000\363\000n\000\040\000d\000e\000\040\000m\000a\000r\000c\000a\000d\000o\000r\000e\000s\000\040\000a\000\040\000u\000t\000i\000l\000i\000z\000a\000r}{section.109}% 68
\BOOKMARK [2][-]{subsection.119}{\376\377\000A\000j\000u\000s\000t\000e\000\040\000d\000e\000\040\000p\000a\000r\000\341\000m\000e\000t\000r\000o\000s\000\040\000e\000n\000\040\000e\000l\000\040\000a\000l\000g\000o\000r\000i\000t\000m\000o}{section.109}% 69
\BOOKMARK [2][-]{subsection.122}{\376\377\000C\000o\000n\000f\000i\000g\000u\000r\000a\000c\000i\000o\000n\000e\000s\000\040\000p\000a\000r\000a\000\040\000e\000l\000\040\000e\000s\000c\000e\000n\000a\000r\000i\000o}{section.109}% 70
\BOOKMARK [2][-]{subsection.124}{\376\377\000P\000r\000u\000e\000b\000a\000\040\000d\000e\000l\000\040\000a\000l\000g\000o\000r\000i\000t\000m\000o\000\040\000e\000n\000\040\000f\000\355\000s\000i\000c\000o\000\040\000c\000o\000n\000\040\000e\000s\000c\000e\000n\000a\000r\000i\000o\000s\000\040\000p\000r\000e\000v\000i\000o\000s}{section.109}% 71
\BOOKMARK [0][-]{chapter.140}{\376\377\000P\000r\000u\000e\000b\000a\000\040\000d\000e\000\040\000l\000a\000\040\000n\000a\000t\000u\000r\000a\000l\000e\000z\000a\000\040\000d\000i\000n\000\341\000m\000i\000c\000a\000\040\000d\000e\000l\000\040\000a\000l\000g\000o\000r\000i\000t\000m\000o\000\040\000c\000o\000n\000\040\000o\000b\000s\000t\000\341\000c\000u\000l\000o\000s\000\040\000m\000\363\000v\000i\000l\000e\000s}{}% 72
\BOOKMARK [1][-]{section.141}{\376\377\000N\000a\000t\000u\000r\000a\000l\000e\000z\000a\000\040\000d\000i\000n\000\341\000m\000i\000c\000a\000\040\000d\000e\000l\000\040\000a\000l\000g\000o\000r\000i\000t\000m\000o}{chapter.140}% 73
\BOOKMARK [1][-]{section.142}{\376\377\000S\000i\000m\000u\000l\000a\000c\000i\000o\000n\000e\000s\000\040\000u\000t\000i\000l\000i\000z\000a\000n\000d\000o\000\040\000o\000b\000s\000t\000\341\000c\000u\000l\000o\000s\000\040\000m\000\363\000v\000i\000l\000e\000s}{chapter.140}% 74
\BOOKMARK [2][-]{subsection.143}{\376\377\000P\000r\000i\000m\000e\000r\000\040\000e\000s\000c\000e\000n\000a\000r\000i\000o}{section.142}% 75
\BOOKMARK [2][-]{subsection.145}{\376\377\000S\000e\000g\000u\000n\000d\000o\000\040\000e\000s\000c\000e\000n\000a\000r\000i\000o}{section.142}% 76
\BOOKMARK [2][-]{subsection.147}{\376\377\000T\000e\000r\000c\000e\000r\000\040\000e\000s\000c\000e\000n\000a\000r\000i\000o}{section.142}% 77
\BOOKMARK [1][-]{section.149}{\376\377\000E\000s\000c\000e\000n\000a\000r\000i\000o\000s\000\040\000f\000\355\000s\000i\000c\000o\000s\000\040\000u\000t\000i\000l\000i\000z\000a\000n\000d\000o\000\040\000o\000b\000s\000t\000\341\000c\000u\000l\000o\000s\000\040\000m\000\363\000v\000i\000l\000e\000s}{chapter.140}% 78
\BOOKMARK [2][-]{subsection.150}{\376\377\000P\000r\000i\000m\000e\000r\000\040\000e\000s\000c\000e\000n\000a\000r\000i\000o}{section.149}% 79
\BOOKMARK [2][-]{subsection.152}{\376\377\000S\000e\000g\000u\000n\000d\000o\000\040\000e\000s\000c\000e\000n\000a\000r\000i\000o}{section.149}% 80
\BOOKMARK [2][-]{subsection.154}{\376\377\000T\000e\000r\000c\000e\000r\000\040\000e\000s\000c\000e\000n\000a\000r\000i\000o}{section.149}% 81
\BOOKMARK [2][-]{subsection.156}{\376\377\000C\000u\000a\000r\000t\000o\000\040\000e\000s\000c\000e\000n\000a\000r\000i\000o}{section.149}% 82
\BOOKMARK [0][-]{chapter.158}{\376\377\000O\000p\000t\000i\000m\000i\000z\000a\000c\000i\000\363\000n\000\040\000d\000e\000l\000\040\000a\000l\000g\000o\000r\000i\000t\000m\000o\000\040\000y\000\040\000s\000u\000\040\000i\000m\000p\000l\000e\000m\000e\000n\000t\000a\000c\000i\000\363\000n}{}% 83
\BOOKMARK [1][-]{section.159}{\376\377\000L\000e\000n\000g\000u\000a\000j\000e\000\040\000d\000e\000\040\000p\000r\000o\000g\000r\000a\000m\000a\000c\000i\000\363\000n\000\040\000y\000\040\000l\000i\000m\000p\000i\000e\000z\000a\000\040\000d\000e\000\040\000c\000\363\000d\000i\000g\000o}{chapter.158}% 84
\BOOKMARK [1][-]{section.161}{\376\377\000P\000o\000s\000i\000c\000i\000\363\000n\000\040\000d\000e\000\040\000c\000a\000d\000a\000\040\000a\000g\000e\000n\000t\000e\000\040\000s\000e\000g\000\372\000n\000\040\000e\000l\000\040\000g\000r\000a\000f\000o\000\040\000d\000e\000\040\000f\000o\000r\000m\000a\000c\000i\000\363\000n}{chapter.158}% 85
\BOOKMARK [1][-]{section.164}{\376\377\000M\000e\000j\000o\000r\000a\000\040\000d\000e\000\040\000l\000a\000\040\000e\000f\000i\000c\000i\000e\000n\000c\000i\000a\000\040\000c\000o\000m\000p\000u\000t\000a\000c\000i\000o\000n\000a\000l\000\040\000c\000o\000n\000\040\000N\000u\000m\000P\000y}{chapter.158}% 86
\BOOKMARK [2][-]{subsection.165}{\376\377\000A\000p\000l\000i\000c\000a\000c\000i\000\363\000n\000\040\000d\000e\000\040\000d\000e\000s\000f\000a\000s\000e\000s\000\040\000a\000\040\000l\000o\000s\000\040\000m\000a\000r\000c\000a\000d\000o\000r\000e\000s}{section.164}% 87
\BOOKMARK [2][-]{subsection.180}{\376\377\000C\000\341\000l\000c\000u\000l\000o\000\040\000d\000e\000\040\000l\000a\000\040\000d\000i\000s\000t\000a\000n\000c\000i\000a\000\040\000e\000n\000t\000r\000e\000\040\000a\000g\000e\000n\000t\000e\000s}{section.164}% 88
\BOOKMARK [2][-]{subsection.184}{\376\377\000C\000\341\000l\000c\000u\000l\000o\000\040\000d\000e\000l\000\040\000e\000r\000r\000o\000r\000\040\000d\000e\000\040\000f\000o\000r\000m\000a\000c\000i\000\363\000n}{section.164}% 89
\BOOKMARK [1][-]{section.188}{\376\377\000I\000m\000p\000l\000e\000m\000e\000n\000t\000a\000c\000i\000\363\000n\000\040\000d\000e\000\040\000p\000a\000r\000a\000l\000e\000l\000i\000s\000m\000o\000\040\000c\000o\000m\000p\000u\000t\000a\000c\000i\000o\000n\000a\000l}{chapter.158}% 90
\BOOKMARK [2][-]{subsection.189}{\376\377\000D\000e\000f\000i\000n\000i\000c\000i\000\363\000n\000\040\000d\000e\000\040\000f\000u\000n\000c\000i\000o\000n\000a\000l\000i\000d\000a\000d\000e\000s\000\040\000q\000u\000e\000\040\000s\000e\000\040\000e\000j\000e\000c\000u\000t\000a\000r\000\341\000n\000\040\000e\000n\000\040\000p\000a\000r\000a\000l\000e\000l\000o}{section.188}% 91
\BOOKMARK [2][-]{subsection.191}{\376\377\000C\000r\000e\000a\000c\000i\000\363\000n\000\040\000d\000e\000\040\000h\000i\000l\000o\000s\000\040\000e\000n\000\040\000p\000a\000r\000a\000l\000e\000l\000o}{section.188}% 92
\BOOKMARK [1][-]{section.193}{\376\377\000A\000j\000u\000s\000t\000e\000\040\000d\000e\000\040\000p\000a\000r\000\341\000m\000e\000t\000r\000o\000s\000\040\000d\000e\000l\000\040\000a\000l\000g\000o\000r\000i\000t\000m\000o}{chapter.158}% 93
\BOOKMARK [1][-]{section.194}{\376\377\000V\000a\000l\000i\000d\000a\000c\000i\000\363\000n\000\040\000d\000e\000\040\000l\000a\000\040\000o\000p\000t\000i\000m\000i\000z\000a\000c\000i\000\363\000n\000\040\000d\000e\000l\000\040\000a\000l\000g\000o\000r\000i\000t\000m\000o}{chapter.158}% 94
\BOOKMARK [0][-]{chapter.195}{\376\377\000V\000a\000l\000i\000d\000a\000c\000i\000\363\000n\000\040\000d\000e\000l\000\040\000a\000l\000g\000o\000r\000i\000t\000m\000o\000\040\000o\000p\000t\000i\000m\000i\000z\000a\000d\000o\000\040\000e\000n\000\040\000e\000s\000c\000e\000n\000a\000r\000i\000o\000s\000\040\000f\000\355\000s\000i\000c\000o\000s\000\040\000c\000o\000n\000\040\000o\000b\000s\000t\000\341\000c\000u\000l\000o\000s\000\040\000m\000\363\000v\000i\000l\000e\000s}{}% 95
\BOOKMARK [0][-]{chapter.196}{\376\377\000C\000o\000n\000c\000l\000u\000s\000i\000o\000n\000e\000s}{}% 96
\BOOKMARK [0][-]{chapter.197}{\376\377\000R\000e\000c\000o\000m\000e\000n\000d\000a\000c\000i\000o\000n\000e\000s}{}% 97
\BOOKMARK [0][-]{chapter.199}{\376\377\000B\000i\000b\000l\000i\000o\000g\000r\000a\000f\000\355\000a}{}% 98
