This is pdfTeX, Version 3.141592653-2.6-1.40.25 (MiKTeX 24.1) (preloaded format=pdflatex 2024.1.31)  13 NOV 2024 12:56
entering extended mode
 restricted \write18 enabled.
 %&-line parsing enabled.
**./z-main.tex
(z-main.tex
LaTeX2e <2023-11-01> patch level 1
L3 programming layer <2024-01-22>
(0-datos_estudiante.tex)
(C:\Users\gerar\AppData\Local\Programs\MiKTeX\tex/latex/base\report.cls
Document Class: report 2023/05/17 v1.4n Standard LaTeX document class
(C:\Users\gerar\AppData\Local\Programs\MiKTeX\tex/latex/base\size11.clo
File: size11.clo 2023/05/17 v1.4n Standard LaTeX file (size option)
)
\c@part=\count187
\c@chapter=\count188
\c@section=\count189
\c@subsection=\count190
\c@subsubsection=\count191
\c@paragraph=\count192
\c@subparagraph=\count193
\c@figure=\count194
\c@table=\count195
\abovecaptionskip=\skip48
\belowcaptionskip=\skip49
\bibindent=\dimen140
)
(C:\Users\gerar\AppData\Local\Programs\MiKTeX\tex/generic/babel\babel.sty
Package: babel 2024/01/07 v24.1 The Babel package
\babel@savecnt=\count196
\U@D=\dimen141
\l@unhyphenated=\language79

(C:\Users\gerar\AppData\Local\Programs\MiKTeX\tex/generic/babel\txtbabel.def)
\bbl@readstream=\read2
\bbl@dirlevel=\count197

*************************************
* Local config file bblopts.cfg used
*
(C:\Users\gerar\AppData\Local\Programs\MiKTeX\tex/latex/arabi\bblopts.cfg
File: bblopts.cfg 2005/09/08 v0.1 add Arabic and Farsi to "declared" options of
 babel
)
(C:\Users\gerar\AppData\Local\Programs\MiKTeX\tex/latex/babel-spanish\spanish.l
df
Language: spanish.ldf 2021/05/27 v5.0q Spanish support from the babel system
\es@quottoks=\toks17
\es@quotdepth=\count198
Package babel Info: Making " an active character on input line 570.
))
(C:\Users\gerar\AppData\Local\Programs\MiKTeX\tex/generic/babel/locale/es\babel
-spanish.tex
Package babel Info: Importing font and identification data for spanish
(babel)             from babel-es.ini. Reported on input line 11.
)
LaTeX Info: Redefining \. on input line 16.
LaTeX Info: Redefining \% on input line 16.

(C:\Users\gerar\AppData\Local\Programs\MiKTeX\tex/latex/base\inputenc.sty
Package: inputenc 2021/02/14 v1.3d Input encoding file
\inpenc@prehook=\toks18
\inpenc@posthook=\toks19
)
(C:\Users\gerar\AppData\Local\Programs\MiKTeX\tex/latex/base\fontenc.sty
Package: fontenc 2021/04/29 v2.0v Standard LaTeX package
)
(0-datos_estudiante.tex) (1-opciones_adicionales.tex)
(C:\Users\gerar\AppData\Local\Programs\MiKTeX\tex/latex/multirow\multirow.sty
Package: multirow 2021/03/15 v2.8 Span multiple rows of a table
\multirow@colwidth=\skip50
\multirow@cntb=\count199
\multirow@dima=\skip51
\bigstrutjot=\dimen142
)
(C:\Users\gerar\AppData\Local\Programs\MiKTeX\tex/latex/xcolor\xcolor.sty
Package: xcolor 2023/11/15 v3.01 LaTeX color extensions (UK)

(C:\Users\gerar\AppData\Local\Programs\MiKTeX\tex/latex/graphics-cfg\color.cfg
File: color.cfg 2016/01/02 v1.6 sample color configuration
)
Package xcolor Info: Driver file: pdftex.def on input line 274.

(C:\Users\gerar\AppData\Local\Programs\MiKTeX\tex/latex/graphics-def\pdftex.def
File: pdftex.def 2022/09/22 v1.2b Graphics/color driver for pdftex
)
(C:\Users\gerar\AppData\Local\Programs\MiKTeX\tex/latex/graphics\mathcolor.ltx)
Package xcolor Info: Model `cmy' substituted by `cmy0' on input line 1350.
Package xcolor Info: Model `hsb' substituted by `rgb' on input line 1354.
Package xcolor Info: Model `RGB' extended on input line 1366.
Package xcolor Info: Model `HTML' substituted by `rgb' on input line 1368.
Package xcolor Info: Model `Hsb' substituted by `hsb' on input line 1369.
Package xcolor Info: Model `tHsb' substituted by `hsb' on input line 1370.
Package xcolor Info: Model `HSB' substituted by `hsb' on input line 1371.
Package xcolor Info: Model `Gray' substituted by `gray' on input line 1372.
Package xcolor Info: Model `wave' substituted by `hsb' on input line 1373.
) (C:\Users\gerar\AppData\Local\Programs\MiKTeX\tex/latex/amsfonts\amsfonts.sty
Package: amsfonts 2013/01/14 v3.01 Basic AMSFonts support
\@emptytoks=\toks20
\symAMSa=\mathgroup4
\symAMSb=\mathgroup5
LaTeX Font Info:    Redeclaring math symbol \hbar on input line 98.
LaTeX Font Info:    Overwriting math alphabet `\mathfrak' in version `bold'
(Font)                  U/euf/m/n --> U/euf/b/n on input line 106.
) (C:\Users\gerar\AppData\Local\Programs\MiKTeX\tex/latex/amsmath\amsmath.sty
Package: amsmath 2023/05/13 v2.17o AMS math features
\@mathmargin=\skip52

For additional information on amsmath, use the `?' option.
(C:\Users\gerar\AppData\Local\Programs\MiKTeX\tex/latex/amsmath\amstext.sty
Package: amstext 2021/08/26 v2.01 AMS text

(C:\Users\gerar\AppData\Local\Programs\MiKTeX\tex/latex/amsmath\amsgen.sty
File: amsgen.sty 1999/11/30 v2.0 generic functions
\@emptytoks=\toks21
\ex@=\dimen143
))
(C:\Users\gerar\AppData\Local\Programs\MiKTeX\tex/latex/amsmath\amsbsy.sty
Package: amsbsy 1999/11/29 v1.2d Bold Symbols
\pmbraise@=\dimen144
)
(C:\Users\gerar\AppData\Local\Programs\MiKTeX\tex/latex/amsmath\amsopn.sty
Package: amsopn 2022/04/08 v2.04 operator names
)
\inf@bad=\count266
LaTeX Info: Redefining \frac on input line 234.
\uproot@=\count267
\leftroot@=\count268
LaTeX Info: Redefining \overline on input line 399.
LaTeX Info: Redefining \colon on input line 410.
\classnum@=\count269
\DOTSCASE@=\count270
LaTeX Info: Redefining \ldots on input line 496.
LaTeX Info: Redefining \dots on input line 499.
LaTeX Info: Redefining \cdots on input line 620.
\Mathstrutbox@=\box51
\strutbox@=\box52
LaTeX Info: Redefining \big on input line 722.
LaTeX Info: Redefining \Big on input line 723.
LaTeX Info: Redefining \bigg on input line 724.
LaTeX Info: Redefining \Bigg on input line 725.
\big@size=\dimen145
LaTeX Font Info:    Redeclaring font encoding OML on input line 743.
LaTeX Font Info:    Redeclaring font encoding OMS on input line 744.
\macc@depth=\count271
LaTeX Info: Redefining \bmod on input line 905.
LaTeX Info: Redefining \pmod on input line 910.
LaTeX Info: Redefining \smash on input line 940.
LaTeX Info: Redefining \relbar on input line 970.
LaTeX Info: Redefining \Relbar on input line 971.
\c@MaxMatrixCols=\count272
\dotsspace@=\muskip16
\c@parentequation=\count273
\dspbrk@lvl=\count274
\tag@help=\toks22
\row@=\count275
\column@=\count276
\maxfields@=\count277
\andhelp@=\toks23
\eqnshift@=\dimen146
\alignsep@=\dimen147
\tagshift@=\dimen148
\tagwidth@=\dimen149
\totwidth@=\dimen150
\lineht@=\dimen151
\@envbody=\toks24
\multlinegap=\skip53
\multlinetaggap=\skip54
\mathdisplay@stack=\toks25
LaTeX Info: Redefining \[ on input line 2953.
LaTeX Info: Redefining \] on input line 2954.
)
(C:\Users\gerar\AppData\Local\Programs\MiKTeX\tex/latex/amsfonts\amssymb.sty
Package: amssymb 2013/01/14 v3.01 AMS font symbols
)
(C:\Users\gerar\AppData\Local\Programs\MiKTeX\tex/latex/amscls\amsthm.sty
Package: amsthm 2020/05/29 v2.20.6
\thm@style=\toks26
\thm@bodyfont=\toks27
\thm@headfont=\toks28
\thm@notefont=\toks29
\thm@headpunct=\toks30
\thm@preskip=\skip55
\thm@postskip=\skip56
\thm@headsep=\skip57
\dth@everypar=\toks31
)
(C:\Users\gerar\AppData\Local\Programs\MiKTeX\tex/latex/mathtools\mathtools.sty
Package: mathtools 2022/06/29 v1.29 mathematical typesetting tools
(C:\Users\gerar\AppData\Local\Programs\MiKTeX\tex/latex/graphics\keyval.sty
Package: keyval 2022/05/29 v1.15 key=value parser (DPC)
\KV@toks@=\toks32
)
(C:\Users\gerar\AppData\Local\Programs\MiKTeX\tex/latex/tools\calc.sty
Package: calc 2023/07/08 v4.3 Infix arithmetic (KKT,FJ)
\calc@Acount=\count278
\calc@Bcount=\count279
\calc@Adimen=\dimen152
\calc@Bdimen=\dimen153
\calc@Askip=\skip58
\calc@Bskip=\skip59
LaTeX Info: Redefining \setlength on input line 80.
LaTeX Info: Redefining \addtolength on input line 81.
\calc@Ccount=\count280
\calc@Cskip=\skip60
)
(C:\Users\gerar\AppData\Local\Programs\MiKTeX\tex/latex/mathtools\mhsetup.sty
Package: mhsetup 2021/03/18 v1.4 programming setup (MH)
)
\g_MT_multlinerow_int=\count281
\l_MT_multwidth_dim=\dimen154
\origjot=\skip61
\l_MT_shortvdotswithinadjustabove_dim=\dimen155
\l_MT_shortvdotswithinadjustbelow_dim=\dimen156
\l_MT_above_intertext_sep=\dimen157
\l_MT_below_intertext_sep=\dimen158
\l_MT_above_shortintertext_sep=\dimen159
\l_MT_below_shortintertext_sep=\dimen160
\xmathstrut@box=\box53
\xmathstrut@dim=\dimen161
) (C:\Users\gerar\AppData\Local\Programs\MiKTeX\tex/latex/graphics\graphicx.sty
Package: graphicx 2021/09/16 v1.2d Enhanced LaTeX Graphics (DPC,SPQR)

(C:\Users\gerar\AppData\Local\Programs\MiKTeX\tex/latex/graphics\graphics.sty
Package: graphics 2022/03/10 v1.4e Standard LaTeX Graphics (DPC,SPQR)

(C:\Users\gerar\AppData\Local\Programs\MiKTeX\tex/latex/graphics\trig.sty
Package: trig 2021/08/11 v1.11 sin cos tan (DPC)
)
(C:\Users\gerar\AppData\Local\Programs\MiKTeX\tex/latex/graphics-cfg\graphics.c
fg
File: graphics.cfg 2016/06/04 v1.11 sample graphics configuration
)
Package graphics Info: Driver file: pdftex.def on input line 107.
)
\Gin@req@height=\dimen162
\Gin@req@width=\dimen163
)
(C:\Users\gerar\AppData\Local\Programs\MiKTeX\tex/latex/l3packages/xfrac\xfrac.
sty (C:\Users\gerar\AppData\Local\Programs\MiKTeX\tex/latex/l3kernel\expl3.sty
Package: expl3 2024-01-22 L3 programming layer (loader) 

(C:\Users\gerar\AppData\Local\Programs\MiKTeX\tex/latex/l3backend\l3backend-pdf
tex.def
File: l3backend-pdftex.def 2024-01-04 L3 backend support: PDF output (pdfTeX)
\l__color_backend_stack_int=\count282
\l__pdf_internal_box=\box54
))
(C:\Users\gerar\AppData\Local\Programs\MiKTeX\tex/latex/l3packages/l3keys2e\l3k
eys2e.sty
Package: l3keys2e 2023-10-10 LaTeX2e option processing using LaTeX3 keys
)
(C:\Users\gerar\AppData\Local\Programs\MiKTeX\tex/latex/base\textcomp.sty
Package: textcomp 2020/02/02 v2.0n Standard LaTeX package
)
(C:\Users\gerar\AppData\Local\Programs\MiKTeX\tex/latex/l3packages/xparse\xpars
e.sty
Package: xparse 2023-10-10 L3 Experimental document command parser
)
(C:\Users\gerar\AppData\Local\Programs\MiKTeX\tex/latex/l3packages/xtemplate\xt
emplate.sty
Package: xtemplate 2023-10-10 L3 Experimental prototype document functions
\l__xtemplate_tmp_dim=\dimen164
\l__xtemplate_tmp_int=\count283
\l__xtemplate_tmp_muskip=\muskip17
\l__xtemplate_tmp_skip=\skip62
)
Package: xfrac 2023-10-10 L3 Experimental split-level fractions
\l__xfrac_slash_box=\box55
\l__xfrac_tmp_box=\box56
\l__xfrac_denominator_bot_sep_dim=\dimen165
\l__xfrac_numerator_bot_sep_dim=\dimen166
\l__xfrac_numerator_top_sep_dim=\dimen167
\l__xfrac_slash_left_sep_dim=\dimen168
\l__xfrac_slash_right_sep_dim=\dimen169
\l__xfrac_slash_left_muskip=\muskip18
\l__xfrac_slash_right_muskip=\muskip19

Package xtemplate Info: Declaring object type 'xfrac' taking 3 argument(s) on
(xtemplate)             line 80.

)
(C:\Users\gerar\AppData\Local\Programs\MiKTeX\tex/latex/float\float.sty
Package: float 2001/11/08 v1.3d Float enhancements (AL)
\c@float@type=\count284
\float@exts=\toks33
\float@box=\box57
\@float@everytoks=\toks34
\@floatcapt=\box58
)
(C:\Users\gerar\AppData\Local\Programs\MiKTeX\tex/latex/hyperref\hyperref.sty
Package: hyperref 2024-01-20 v7.01h Hypertext links for LaTeX

(C:\Users\gerar\AppData\Local\Programs\MiKTeX\tex/generic/iftex\iftex.sty
Package: iftex 2022/02/03 v1.0f TeX engine tests
)
(C:\Users\gerar\AppData\Local\Programs\MiKTeX\tex/latex/kvsetkeys\kvsetkeys.sty
Package: kvsetkeys 2022-10-05 v1.19 Key value parser (HO)
)
(C:\Users\gerar\AppData\Local\Programs\MiKTeX\tex/generic/kvdefinekeys\kvdefine
keys.sty
Package: kvdefinekeys 2019-12-19 v1.6 Define keys (HO)
)
(C:\Users\gerar\AppData\Local\Programs\MiKTeX\tex/generic/pdfescape\pdfescape.s
ty
Package: pdfescape 2019/12/09 v1.15 Implements pdfTeX's escape features (HO)

(C:\Users\gerar\AppData\Local\Programs\MiKTeX\tex/generic/ltxcmds\ltxcmds.sty
Package: ltxcmds 2023-12-04 v1.26 LaTeX kernel commands for general use (HO)
)
(C:\Users\gerar\AppData\Local\Programs\MiKTeX\tex/generic/pdftexcmds\pdftexcmds
.sty
Package: pdftexcmds 2020-06-27 v0.33 Utility functions of pdfTeX for LuaTeX (HO
)

(C:\Users\gerar\AppData\Local\Programs\MiKTeX\tex/generic/infwarerr\infwarerr.s
ty
Package: infwarerr 2019/12/03 v1.5 Providing info/warning/error messages (HO)
)
Package pdftexcmds Info: \pdf@primitive is available.
Package pdftexcmds Info: \pdf@ifprimitive is available.
Package pdftexcmds Info: \pdfdraftmode found.
))
(C:\Users\gerar\AppData\Local\Programs\MiKTeX\tex/latex/hycolor\hycolor.sty
Package: hycolor 2020-01-27 v1.10 Color options for hyperref/bookmark (HO)
)
(C:\Users\gerar\AppData\Local\Programs\MiKTeX\tex/latex/auxhook\auxhook.sty
Package: auxhook 2019-12-17 v1.6 Hooks for auxiliary files (HO)
)
(C:\Users\gerar\AppData\Local\Programs\MiKTeX\tex/latex/hyperref\nameref.sty
Package: nameref 2023-11-26 v2.56 Cross-referencing by name of section

(C:\Users\gerar\AppData\Local\Programs\MiKTeX\tex/latex/refcount\refcount.sty
Package: refcount 2019/12/15 v3.6 Data extraction from label references (HO)
)
(C:\Users\gerar\AppData\Local\Programs\MiKTeX\tex/generic/gettitlestring\gettit
lestring.sty
Package: gettitlestring 2019/12/15 v1.6 Cleanup title references (HO)

(C:\Users\gerar\AppData\Local\Programs\MiKTeX\tex/latex/kvoptions\kvoptions.sty
Package: kvoptions 2022-06-15 v3.15 Key value format for package options (HO)
))
\c@section@level=\count285
)
(C:\Users\gerar\AppData\Local\Programs\MiKTeX\tex/latex/etoolbox\etoolbox.sty
Package: etoolbox 2020/10/05 v2.5k e-TeX tools for LaTeX (JAW)
\etb@tempcnta=\count286
)
\@linkdim=\dimen170
\Hy@linkcounter=\count287
\Hy@pagecounter=\count288

(C:\Users\gerar\AppData\Local\Programs\MiKTeX\tex/latex/hyperref\pd1enc.def
File: pd1enc.def 2024-01-20 v7.01h Hyperref: PDFDocEncoding definition (HO)
Now handling font encoding PD1 ...
... no UTF-8 mapping file for font encoding PD1
)
(C:\Users\gerar\AppData\Local\Programs\MiKTeX\tex/generic/intcalc\intcalc.sty
Package: intcalc 2019/12/15 v1.3 Expandable calculations with integers (HO)
)
\Hy@SavedSpaceFactor=\count289

(C:\Users\gerar\AppData\Local\Programs\MiKTeX\tex/latex/hyperref\puenc.def
File: puenc.def 2024-01-20 v7.01h Hyperref: PDF Unicode definition (HO)
Now handling font encoding PU ...
... no UTF-8 mapping file for font encoding PU
)
Package hyperref Info: Option `hypertexnames' set `false' on input line 4062.
Package hyperref Info: Hyper figures OFF on input line 4179.
Package hyperref Info: Link nesting OFF on input line 4184.
Package hyperref Info: Hyper index ON on input line 4187.
Package hyperref Info: Plain pages OFF on input line 4194.
Package hyperref Info: Backreferencing OFF on input line 4199.
Package hyperref Info: Implicit mode ON; LaTeX internals redefined.
Package hyperref Info: Bookmarks ON on input line 4446.
\c@Hy@tempcnt=\count290

(C:\Users\gerar\AppData\Local\Programs\MiKTeX\tex/latex/url\url.sty
\Urlmuskip=\muskip20
Package: url 2013/09/16  ver 3.4  Verb mode for urls, etc.
)
LaTeX Info: Redefining \url on input line 4784.
\XeTeXLinkMargin=\dimen171

(C:\Users\gerar\AppData\Local\Programs\MiKTeX\tex/generic/bitset\bitset.sty
Package: bitset 2019/12/09 v1.3 Handle bit-vector datatype (HO)

(C:\Users\gerar\AppData\Local\Programs\MiKTeX\tex/generic/bigintcalc\bigintcalc
.sty
Package: bigintcalc 2019/12/15 v1.5 Expandable calculations on big integers (HO
)
))
\Fld@menulength=\count291
\Field@Width=\dimen172
\Fld@charsize=\dimen173
Package hyperref Info: Hyper figures OFF on input line 6063.
Package hyperref Info: Link nesting OFF on input line 6068.
Package hyperref Info: Hyper index ON on input line 6071.
Package hyperref Info: backreferencing OFF on input line 6078.
Package hyperref Info: Link coloring OFF on input line 6083.
Package hyperref Info: Link coloring with OCG OFF on input line 6088.
Package hyperref Info: PDF/A mode OFF on input line 6093.

(C:\Users\gerar\AppData\Local\Programs\MiKTeX\tex/latex/base\atbegshi-ltx.sty
Package: atbegshi-ltx 2021/01/10 v1.0c Emulation of the original atbegshi
package with kernel methods
)
\Hy@abspage=\count292
\c@Item=\count293
\c@Hfootnote=\count294
)
Package hyperref Info: Driver (autodetected): hpdftex.
(C:\Users\gerar\AppData\Local\Programs\MiKTeX\tex/latex/hyperref\hpdftex.def
File: hpdftex.def 2024-01-20 v7.01h Hyperref driver for pdfTeX

(C:\Users\gerar\AppData\Local\Programs\MiKTeX\tex/latex/base\atveryend-ltx.sty
Package: atveryend-ltx 2020/08/19 v1.0a Emulation of the original atveryend pac
kage
with kernel methods
)
\Fld@listcount=\count295
\c@bookmark@seq@number=\count296

(C:\Users\gerar\AppData\Local\Programs\MiKTeX\tex/latex/rerunfilecheck\rerunfil
echeck.sty
Package: rerunfilecheck 2022-07-10 v1.10 Rerun checks for auxiliary files (HO)

(C:\Users\gerar\AppData\Local\Programs\MiKTeX\tex/generic/uniquecounter\uniquec
ounter.sty
Package: uniquecounter 2019/12/15 v1.4 Provide unlimited unique counter (HO)
)
Package uniquecounter Info: New unique counter `rerunfilecheck' on input line 2
85.
)
\Hy@SectionHShift=\skip63
)
(C:\Users\gerar\AppData\Local\Programs\MiKTeX\tex/latex/caption\caption.sty
Package: caption 2023/08/05 v3.6o Customizing captions (AR)

(C:\Users\gerar\AppData\Local\Programs\MiKTeX\tex/latex/caption\caption3.sty
Package: caption3 2023/07/31 v2.4d caption3 kernel (AR)
\caption@tempdima=\dimen174
\captionmargin=\dimen175
\caption@leftmargin=\dimen176
\caption@rightmargin=\dimen177
\caption@width=\dimen178
\caption@indent=\dimen179
\caption@parindent=\dimen180
\caption@hangindent=\dimen181
Package caption Info: Standard document class detected.
)
\c@caption@flags=\count297
\c@continuedfloat=\count298
Package caption Info: float package is loaded.
Package caption Info: hyperref package is loaded.
)
(C:\Users\gerar\AppData\Local\Programs\MiKTeX\tex/latex/caption\subcaption.sty
Package: subcaption 2023/07/28 v1.6b Sub-captions (AR)
Package caption Info: New subtype `subfigure' on input line 238.
\c@subfigure=\count299
Package caption Info: New subtype `subtable' on input line 238.
\c@subtable=\count300
) (C:\Users\gerar\AppData\Local\Programs\MiKTeX\tex/latex/xpatch\xpatch.sty
Package: xpatch 2020/03/25 v0.3a Extending etoolbox patching commands
)
(C:\Users\gerar\AppData\Local\Programs\MiKTeX\tex/latex/emptypage\emptypage.sty
Package: emptypage 2010/05/30 v1.2 Suppress page numbers and headings on empty 
pages
) (C:\Users\gerar\AppData\Local\Programs\MiKTeX\tex/latex/hyphenat\hyphenat.sty
Package: hyphenat 2009/09/02 v2.3c hyphenation utilities
\langwohyphens=\language80
LaTeX Info: Redefining \_ on input line 43.
) (C:\Users\gerar\AppData\Local\Programs\MiKTeX\tex/latex/fancyhdr\fancyhdr.sty
Package: fancyhdr 2022/11/09 v4.1 Extensive control of page headers and footers

\f@nch@headwidth=\skip64
\f@nch@O@elh=\skip65
\f@nch@O@erh=\skip66
\f@nch@O@olh=\skip67
\f@nch@O@orh=\skip68
\f@nch@O@elf=\skip69
\f@nch@O@erf=\skip70
\f@nch@O@olf=\skip71
\f@nch@O@orf=\skip72
) (C:\Users\gerar\AppData\Local\Programs\MiKTeX\tex/latex/biblatex\biblatex.sty
Package: biblatex 2023/03/05 v3.19 programmable bibliographies (PK/MW)
(C:\Users\gerar\AppData\Local\Programs\MiKTeX\tex/latex/logreq\logreq.sty
Package: logreq 2010/08/04 v1.0 xml request logger
\lrq@indent=\count301

(C:\Users\gerar\AppData\Local\Programs\MiKTeX\tex/latex/logreq\logreq.def
File: logreq.def 2010/08/04 v1.0 logreq spec v1.0
))
(C:\Users\gerar\AppData\Local\Programs\MiKTeX\tex/latex/base\ifthen.sty
Package: ifthen 2022/04/13 v1.1d Standard LaTeX ifthen package (DPC)
)
\c@tabx@nest=\count302
\c@listtotal=\count303
\c@listcount=\count304
\c@liststart=\count305
\c@liststop=\count306
\c@citecount=\count307
\c@citetotal=\count308
\c@multicitecount=\count309
\c@multicitetotal=\count310
\c@instcount=\count311
\c@maxnames=\count312
\c@minnames=\count313
\c@maxitems=\count314
\c@minitems=\count315
\c@citecounter=\count316
\c@maxcitecounter=\count317
\c@savedcitecounter=\count318
\c@uniquelist=\count319
\c@uniquename=\count320
\c@refsection=\count321
\c@refsegment=\count322
\c@maxextratitle=\count323
\c@maxextratitleyear=\count324
\c@maxextraname=\count325
\c@maxextradate=\count326
\c@maxextraalpha=\count327
\c@abbrvpenalty=\count328
\c@highnamepenalty=\count329
\c@lownamepenalty=\count330
\c@maxparens=\count331
\c@parenlevel=\count332
\blx@tempcnta=\count333
\blx@tempcntb=\count334
\blx@tempcntc=\count335
\c@blx@maxsection=\count336
\blx@maxsegment@0=\count337
\blx@notetype=\count338
\blx@parenlevel@text=\count339
\blx@parenlevel@foot=\count340
\blx@sectionciteorder@0=\count341
\blx@sectionciteorderinternal@0=\count342
\blx@entrysetcounter=\count343
\blx@biblioinstance=\count344
\labelnumberwidth=\skip73
\labelalphawidth=\skip74
\biblabelsep=\skip75
\bibitemsep=\skip76
\bibnamesep=\skip77
\bibinitsep=\skip78
\bibparsep=\skip79
\bibhang=\skip80
\blx@bcfin=\read3
\blx@bcfout=\write3
\blx@langwohyphens=\language81
\c@mincomprange=\count345
\c@maxcomprange=\count346
\c@mincompwidth=\count347
Package biblatex Info: Trying to load biblatex default data model...
Package biblatex Info: ... file 'blx-dm.def' found.

(C:\Users\gerar\AppData\Local\Programs\MiKTeX\tex/latex/biblatex\blx-dm.def
File: blx-dm.def 2023/03/05 v3.19 biblatex localization (PK/MW)
)
Package biblatex Info: Trying to load biblatex style data model...
Package biblatex Info: ... file 'ieee.dbx' not found.
Package biblatex Info: Trying to load biblatex custom data model...
Package biblatex Info: ... file 'biblatex-dm.cfg' not found.
\c@afterword=\count348
\c@savedafterword=\count349
\c@annotator=\count350
\c@savedannotator=\count351
\c@author=\count352
\c@savedauthor=\count353
\c@bookauthor=\count354
\c@savedbookauthor=\count355
\c@commentator=\count356
\c@savedcommentator=\count357
\c@editor=\count358
\c@savededitor=\count359
\c@editora=\count360
\c@savededitora=\count361
\c@editorb=\count362
\c@savededitorb=\count363
\c@editorc=\count364
\c@savededitorc=\count365
\c@foreword=\count366
\c@savedforeword=\count367
\c@holder=\count368
\c@savedholder=\count369
\c@introduction=\count370
\c@savedintroduction=\count371
\c@namea=\count372
\c@savednamea=\count373
\c@nameb=\count374
\c@savednameb=\count375
\c@namec=\count376
\c@savednamec=\count377
\c@translator=\count378
\c@savedtranslator=\count379
\c@shortauthor=\count380
\c@savedshortauthor=\count381
\c@shorteditor=\count382
\c@savedshorteditor=\count383
\c@labelname=\count384
\c@savedlabelname=\count385
\c@institution=\count386
\c@savedinstitution=\count387
\c@lista=\count388
\c@savedlista=\count389
\c@listb=\count390
\c@savedlistb=\count391
\c@listc=\count392
\c@savedlistc=\count393
\c@listd=\count394
\c@savedlistd=\count395
\c@liste=\count396
\c@savedliste=\count397
\c@listf=\count398
\c@savedlistf=\count399
\c@location=\count400
\c@savedlocation=\count401
\c@organization=\count402
\c@savedorganization=\count403
\c@origlocation=\count404
\c@savedoriglocation=\count405
\c@origpublisher=\count406
\c@savedorigpublisher=\count407
\c@publisher=\count408
\c@savedpublisher=\count409
\c@language=\count410
\c@savedlanguage=\count411
\c@origlanguage=\count412
\c@savedoriglanguage=\count413
\c@pageref=\count414
\c@savedpageref=\count415
\shorthandwidth=\skip81
\shortjournalwidth=\skip82
\shortserieswidth=\skip83
\shorttitlewidth=\skip84
\shortauthorwidth=\skip85
\shorteditorwidth=\skip86
\locallabelnumberwidth=\skip87
\locallabelalphawidth=\skip88
\localshorthandwidth=\skip89
\localshortjournalwidth=\skip90
\localshortserieswidth=\skip91
\localshorttitlewidth=\skip92
\localshortauthorwidth=\skip93
\localshorteditorwidth=\skip94
Package biblatex Info: Trying to load compatibility code...
Package biblatex Info: ... file 'blx-compat.def' found.

(C:\Users\gerar\AppData\Local\Programs\MiKTeX\tex/latex/biblatex\blx-compat.def
File: blx-compat.def 2023/03/05 v3.19 biblatex compatibility (PK/MW)
)
Package biblatex Info: Trying to load generic definitions...
Package biblatex Info: ... file 'biblatex.def' found.
 (C:\Users\gerar\AppData\Local\Programs\MiKTeX\tex/latex/biblatex\biblatex.def
File: biblatex.def 2023/03/05 v3.19 biblatex compatibility (PK/MW)
\c@textcitecount=\count416
\c@textcitetotal=\count417
\c@textcitemaxnames=\count418
\c@biburlbigbreakpenalty=\count419
\c@biburlbreakpenalty=\count420
\c@biburlnumpenalty=\count421
\c@biburlucpenalty=\count422
\c@biburllcpenalty=\count423
\biburlbigskip=\muskip21
\biburlnumskip=\muskip22
\biburlucskip=\muskip23
\biburllcskip=\muskip24
\c@smartand=\count424
)
Package biblatex Info: Trying to load bibliography style 'ieee'...
Package biblatex Info: ... file 'ieee.bbx' found.

(C:\Users\gerar\AppData\Local\Programs\MiKTeX\tex/latex/biblatex-ieee\ieee.bbx
File: ieee.bbx 2021/12/06 v1.3f biblatex bibliography style
Package biblatex Info: Trying to load bibliography style 'numeric-comp'...
Package biblatex Info: ... file 'numeric-comp.bbx' found.

(C:\Users\gerar\AppData\Local\Programs\MiKTeX\tex/latex/biblatex/bbx\numeric-co
mp.bbx
File: numeric-comp.bbx 2023/03/05 v3.19 biblatex bibliography style (PK/MW)
Package biblatex Info: Trying to load bibliography style 'numeric'...
Package biblatex Info: ... file 'numeric.bbx' found.

(C:\Users\gerar\AppData\Local\Programs\MiKTeX\tex/latex/biblatex/bbx\numeric.bb
x
File: numeric.bbx 2023/03/05 v3.19 biblatex bibliography style (PK/MW)
Package biblatex Info: Trying to load bibliography style 'standard'...
Package biblatex Info: ... file 'standard.bbx' found.

(C:\Users\gerar\AppData\Local\Programs\MiKTeX\tex/latex/biblatex/bbx\standard.b
bx
File: standard.bbx 2023/03/05 v3.19 biblatex bibliography style (PK/MW)
\c@bbx:relatedcount=\count425
\c@bbx:relatedtotal=\count426
))))
Package biblatex Info: Trying to load citation style 'ieee'...
Package biblatex Info: ... file 'ieee.cbx' found.

(C:\Users\gerar\AppData\Local\Programs\MiKTeX\tex/latex/biblatex-ieee\ieee.cbx
File: ieee.cbx 2021/12/06 v1.3f biblatex citation style
Package biblatex Info: Trying to load citation style 'numeric-comp'...
Package biblatex Info: ... file 'numeric-comp.cbx' found.

(C:\Users\gerar\AppData\Local\Programs\MiKTeX\tex/latex/biblatex/cbx\numeric-co
mp.cbx
File: numeric-comp.cbx 2023/03/05 v3.19 biblatex citation style (PK/MW)
\c@cbx@tempcnta=\count427
\c@cbx@tempcntb=\count428
\c@cbx@tempcntc=\count429
\c@cbx@tempcntd=\count430
Package biblatex Info: Redefining '\cite'.
Package biblatex Info: Redefining '\parencite'.
Package biblatex Info: Redefining '\footcite'.
Package biblatex Info: Redefining '\footcitetext'.
Package biblatex Info: Redefining '\smartcite'.
Package biblatex Info: Redefining '\supercite'.
Package biblatex Info: Redefining '\textcite'.
Package biblatex Info: Redefining '\textcites'.
Package biblatex Info: Redefining '\cites'.
Package biblatex Info: Redefining '\parencites'.
Package biblatex Info: Redefining '\smartcites'.
)
Package biblatex Info: Redefining '\cite'.
Package biblatex Info: Redefining '\supercite'.
Package biblatex Info: Redefining '\cites'.
)
Package biblatex Info: Trying to load configuration file...
Package biblatex Info: ... file 'biblatex.cfg' found.

(C:\Users\gerar\AppData\Local\Programs\MiKTeX\tex/latex/biblatex\biblatex.cfg
File: biblatex.cfg 
)
Package biblatex Info: Input encoding 'utf8' detected.
Package biblatex Info: Document encoding is UTF8 ....
Package biblatex Info: ... and expl3
(biblatex)             2024-01-22 L3 programming layer (loader) 
(biblatex)             is new enough (at least 2020/04/06),
(biblatex)             setting 'casechanger=expl3'.

(C:\Users\gerar\AppData\Local\Programs\MiKTeX\tex/latex/biblatex\blx-case-expl3
.sty
Package: blx-case-expl3 2023/03/05 v3.19 expl3 case changing code for biblatex
))
(C:\Users\gerar\AppData\Local\Programs\MiKTeX\tex/latex/overpic\overpic.sty
Package: overpic 2024/01/06 2.1 picture overlays (RN)

(C:\Users\gerar\AppData\Local\Programs\MiKTeX\tex/latex/eepic\epic.sty
Enhancements to Picture Environment. Version 1.2 - Released June 1, 1986
\@@multicnt=\count431
\d@lta=\count432
\@delta=\dimen182
\@@delta=\dimen183
\@gridcnt=\count433
\@joinkind=\count434
\@dotgap=\dimen184
\@ddotgap=\dimen185
\@x@diff=\count435
\@y@diff=\count436
\x@diff=\dimen186
\y@diff=\dimen187
\@dotbox=\box59
\num@segments=\count437
\num@segmentsi=\count438
\@datafile=\read4
)
\OVP@box=\box60
)
(C:\Users\gerar\AppData\Local\Programs\MiKTeX\tex/latex/chngcntr\chngcntr.sty
Package: chngcntr 2018/04/09 v1.1a change counter resetting
Package chngcntr Info: \counterwithout already defined.
(chngcntr)             Quitting chngcntr on input line 21.
)
(C:\Users\gerar\AppData\Local\Programs\MiKTeX\tex/latex/glossaries/base\glossar
ies.sty
Package: glossaries 2024/04/03 v4.54 (NLCT)

(C:\Users\gerar\AppData\Local\Programs\MiKTeX\tex/latex/xkeyval\xkeyval.sty
Package: xkeyval 2022/06/16 v2.9 package option processing (HA)

(C:\Users\gerar\AppData\Local\Programs\MiKTeX\tex/generic/xkeyval\xkeyval.tex
(C:\Users\gerar\AppData\Local\Programs\MiKTeX\tex/generic/xkeyval\xkvutils.tex
\XKV@toks=\toks35
\XKV@tempa@toks=\toks36
)
\XKV@depth=\count439
File: xkeyval.tex 2014/12/03 v2.7a key=value parser (HA)
))
(C:\Users\gerar\AppData\Local\Programs\MiKTeX\tex/latex/mfirstuc\mfirstuc.sty
Package: mfirstuc 2022/10/14 v2.08 (NLCT)
\@glsmfirst=\toks37
\@glsmrest=\toks38
)
(C:\Users\gerar\AppData\Local\Programs\MiKTeX\tex/latex/xfor\xfor.sty
Package: xfor 2009/02/05 v1.05 (NLCT)
)
(C:\Users\gerar\AppData\Local\Programs\MiKTeX\tex/latex/datatool\datatool-base.
sty
Package: datatool-base 2019/09/27 v2.32 (NLCT)
 (C:\Users\gerar\AppData\Local\Programs\MiKTeX\tex/latex/substr\substr.sty
Package: substr 2009/10/20 v1.2 Handle substrings
\c@su@anzahl=\count440
)
(C:\Users\gerar\AppData\Local\Programs\MiKTeX\tex/latex/datatool\datatool-fp.st
y
Package: datatool-fp 2019/09/27 v2.32 (NLCT)
 (C:\Users\gerar\AppData\Local\Programs\MiKTeX\tex/latex/fp\fp.sty
Package: fp 1995/04/02

`Fixed Point Package', Version 0.8, April 2, 1995 (C) Michael Mehlich
(C:\Users\gerar\AppData\Local\Programs\MiKTeX\tex/latex/fp\defpattern.sty
Package: defpattern 1994/10/12
\actioncount=\count441
)
(C:\Users\gerar\AppData\Local\Programs\MiKTeX\tex/latex/fp\fp-basic.sty
Package: fp-basic 1996/05/13
\FP@xs=\count442
\FP@xia=\count443
\FP@xib=\count444
\FP@xfa=\count445
\FP@xfb=\count446
\FP@rega=\count447
\FP@regb=\count448
\FP@regs=\count449
\FP@times=\count450
)
(C:\Users\gerar\AppData\Local\Programs\MiKTeX\tex/latex/fp\fp-addons.sty
Package: fp-addons 1995/03/15
)
(C:\Users\gerar\AppData\Local\Programs\MiKTeX\tex/latex/fp\fp-snap.sty
Package: fp-snap 1995/04/05
)
(C:\Users\gerar\AppData\Local\Programs\MiKTeX\tex/latex/fp\fp-exp.sty
Package: fp-exp 1995/04/03
)
(C:\Users\gerar\AppData\Local\Programs\MiKTeX\tex/latex/fp\fp-trigo.sty
Package: fp-trigo 1995/04/14
)
(C:\Users\gerar\AppData\Local\Programs\MiKTeX\tex/latex/fp\fp-pas.sty
Package: fp-pas 1994/08/29
)
(C:\Users\gerar\AppData\Local\Programs\MiKTeX\tex/latex/fp\fp-random.sty
Package: fp-random 1995/02/23
\FPseed=\count451
)
(C:\Users\gerar\AppData\Local\Programs\MiKTeX\tex/latex/fp\fp-eqn.sty
Package: fp-eqn 1995/04/03
)
(C:\Users\gerar\AppData\Local\Programs\MiKTeX\tex/latex/fp\fp-upn.sty
Package: fp-upn 1996/10/21
)
(C:\Users\gerar\AppData\Local\Programs\MiKTeX\tex/latex/fp\fp-eval.sty
Package: fp-eval 1995/04/03
)))
\@dtl@toks=\toks39
\@dtl@tmpcount=\count452
\dtl@tmplength=\skip95
\dtl@sortresult=\count453
\@dtl@numgrpsepcount=\count454
\@dtl@datatype=\count455
\dtl@codeA=\count456
\dtl@codeB=\count457
\@dtl@foreach@level=\count458
)
(C:\Users\gerar\AppData\Local\Programs\MiKTeX\tex/latex/tracklang\tracklang.sty
Package: tracklang 2022/12/13 v1.6.1 (NLCT) Track Languages

(C:\Users\gerar\AppData\Local\Programs\MiKTeX\tex/generic/tracklang\tracklang.t
ex))
(C:\Users\gerar\AppData\Local\Programs\MiKTeX\tex/latex/translator\translator.s
ty
Package: translator 2021-05-31 v1.12d Easy translation of strings in LaTeX
)
(C:\Users\gerar\AppData\Local\Programs\MiKTeX\tex/latex/glossaries-spanish\glos
saries-spanish.ldf
File: glossaries-spanish.ldf 2014/11/23 v1.0

(C:\Users\gerar\AppData\Local\Programs\MiKTeX\tex/latex/glossaries-spanish\glos
saries-spanish-utf8.ldf))
\gls@level=\count459
\@gls@tmpb=\toks40
\gls@tmplen=\skip96
\glskeylisttok=\toks41
\glslabeltok=\toks42
\glsshorttok=\toks43
\glslongtok=\toks44

(C:\Users\gerar\AppData\Local\Programs\MiKTeX\tex/latex/glossaries/styles\gloss
ary-hypernav.sty
Package: glossary-hypernav 2024/04/03 v4.54 (NLCT)
)
(C:\Users\gerar\AppData\Local\Programs\MiKTeX\tex/latex/glossaries/styles\gloss
ary-list.sty
Package: glossary-list 2024/04/03 v4.54 (NLCT)
\glslistdottedwidth=\skip97
)
(C:\Users\gerar\AppData\Local\Programs\MiKTeX\tex/latex/glossaries/styles\gloss
ary-long.sty
Package: glossary-long 2024/04/03 v4.54 (NLCT)

(C:\Users\gerar\AppData\Local\Programs\MiKTeX\tex/latex/tools\longtable.sty
Package: longtable 2023-11-01 v4.19 Multi-page Table package (DPC)
\LTleft=\skip98
\LTright=\skip99
\LTpre=\skip100
\LTpost=\skip101
\LTchunksize=\count460
\LTcapwidth=\dimen188
\LT@head=\box61
\LT@firsthead=\box62
\LT@foot=\box63
\LT@lastfoot=\box64
\LT@gbox=\box65
\LT@cols=\count461
\LT@rows=\count462
\c@LT@tables=\count463
\c@LT@chunks=\count464
\LT@p@ftn=\toks45
)
\glsdescwidth=\skip102
\glspagelistwidth=\skip103
)
(C:\Users\gerar\AppData\Local\Programs\MiKTeX\tex/latex/glossaries/styles\gloss
ary-super.sty
Package: glossary-super 2024/04/03 v4.54 (NLCT)

(C:\Users\gerar\AppData\Local\Programs\MiKTeX\tex/latex/supertabular\supertabul
ar.sty
Package: supertabular 2020/02/02 v4.1g the supertabular environment
\c@tracingst=\count465
\ST@wd=\dimen189
\ST@rightskip=\skip104
\ST@leftskip=\skip105
\ST@parfillskip=\skip106
\ST@pageleft=\dimen190
\ST@headht=\dimen191
\ST@tailht=\dimen192
\ST@pagesofar=\dimen193
\ST@pboxht=\dimen194
\ST@lineht=\dimen195
\ST@prevht=\dimen196
\ST@toadd=\dimen197
\ST@dimen=\dimen198
\ST@pbox=\box66
))
(C:\Users\gerar\AppData\Local\Programs\MiKTeX\tex/latex/glossaries/styles\gloss
ary-tree.sty
Package: glossary-tree 2024/04/03 v4.54 (NLCT)
\glstreeindent=\skip107
))
\glswrite=\write4
\glo@main@file=\write5
\openout5 = `z-main.glo'.

Package glossaries Info: Writing glossary file z-main.glo on input line 65.
 (o-glosario.tex)
(C:\Users\gerar\AppData\Local\Programs\MiKTeX\tex/latex/geometry\geometry.sty
Package: geometry 2020/01/02 v5.9 Page Geometry

(C:\Users\gerar\AppData\Local\Programs\MiKTeX\tex/generic/iftex\ifvtex.sty
Package: ifvtex 2019/10/25 v1.7 ifvtex legacy package. Use iftex instead.
)
\Gm@cnth=\count466
\Gm@cntv=\count467
\c@Gm@tempcnt=\count468
\Gm@bindingoffset=\dimen199
\Gm@wd@mp=\dimen256
\Gm@odd@mp=\dimen257
\Gm@even@mp=\dimen258
\Gm@layoutwidth=\dimen259
\Gm@layoutheight=\dimen260
\Gm@layouthoffset=\dimen261
\Gm@layoutvoffset=\dimen262
\Gm@dimlist=\toks46

(C:\Users\gerar\AppData\Local\Programs\MiKTeX\tex/latex/geometry\geometry.cfg))
(C:\Users\gerar\AppData\Local\Programs\MiKTeX\tex/latex/fncychap\fncychap.sty
Package: fncychap 2007/07/30 v1.34 LaTeX package (Revised chapters)
\RW=\skip108
\mylen=\skip109
\myhi=\skip110
\px=\skip111
\py=\skip112
\pyy=\skip113
\pxx=\skip114
)
(2-paquetes_y_comandos_usuario.tex)

Package biblatex Warning: 'babel/polyglossia' detected but 'csquotes' missing.
(biblatex)                Loading 'csquotes' recommended.

\@quotelevel=\count469
\@quotereset=\count470
(z-main.aux
LaTeX Info: Redefining \. on input line 9.
LaTeX Info: Redefining \% on input line 9.
LaTeX Info: Redefining \. on input line 16.
LaTeX Info: Redefining \% on input line 16.
)
\openout1 = `z-main.aux'.

LaTeX Font Info:    Checking defaults for OML/cmm/m/it on input line 110.
LaTeX Font Info:    ... okay on input line 110.
LaTeX Font Info:    Checking defaults for OMS/cmsy/m/n on input line 110.
LaTeX Font Info:    ... okay on input line 110.
LaTeX Font Info:    Checking defaults for OT1/cmr/m/n on input line 110.
LaTeX Font Info:    ... okay on input line 110.
LaTeX Font Info:    Checking defaults for T1/cmr/m/n on input line 110.
LaTeX Font Info:    ... okay on input line 110.
LaTeX Font Info:    Checking defaults for TS1/cmr/m/n on input line 110.
LaTeX Font Info:    ... okay on input line 110.
LaTeX Font Info:    Checking defaults for OMX/cmex/m/n on input line 110.
LaTeX Font Info:    ... okay on input line 110.
LaTeX Font Info:    Checking defaults for U/cmr/m/n on input line 110.
LaTeX Font Info:    ... okay on input line 110.
LaTeX Font Info:    Checking defaults for PD1/pdf/m/n on input line 110.
LaTeX Font Info:    ... okay on input line 110.
LaTeX Font Info:    Checking defaults for PU/pdf/m/n on input line 110.
LaTeX Font Info:    ... okay on input line 110.
LaTeX Info: Redefining \. on input line 110.
LaTeX Info: Redefining \% on input line 110.

(C:\Users\gerar\AppData\Local\Programs\MiKTeX\tex/context/base/mkii\supp-pdf.mk
ii
[Loading MPS to PDF converter (version 2006.09.02).]
\scratchcounter=\count471
\scratchdimen=\dimen263
\scratchbox=\box67
\nofMPsegments=\count472
\nofMParguments=\count473
\everyMPshowfont=\toks47
\MPscratchCnt=\count474
\MPscratchDim=\dimen264
\MPnumerator=\count475
\makeMPintoPDFobject=\count476
\everyMPtoPDFconversion=\toks48
)
(C:\Users\gerar\AppData\Local\Programs\MiKTeX\tex/latex/epstopdf-pkg\epstopdf-b
ase.sty
Package: epstopdf-base 2020-01-24 v2.11 Base part for package epstopdf

(C:\Users\gerar\AppData\Local\Programs\MiKTeX\tex/latex/grfext\grfext.sty
Package: grfext 2019/12/03 v1.3 Manage graphics extensions (HO)
)
Package epstopdf-base Info: Redefining graphics rule for `.eps' on input line 4
85.
Package grfext Info: Graphics extension search list:
(grfext)             [.pdf,.png,.jpg,.mps,.jpeg,.jbig2,.jb2,.PDF,.PNG,.JPG,.JPE
G,.JBIG2,.JB2,.eps]
(grfext)             \AppendGraphicsExtensions on input line 504.

(C:\Users\gerar\AppData\Local\Programs\MiKTeX\tex/latex/00miktex\epstopdf-sys.c
fg
File: epstopdf-sys.cfg 2021/03/18 v2.0 Configuration of epstopdf for MiKTeX
))
Package hyperref Info: Link coloring OFF on input line 110.
 (z-main.out) (z-main.out)
\@outlinefile=\write6
\openout6 = `z-main.out'.

Package caption Info: Begin \AtBeginDocument code.
Package caption Info: longtable package is loaded.

(C:\Users\gerar\AppData\Local\Programs\MiKTeX\tex/latex/caption\ltcaption.sty
Package: ltcaption 2021/01/08 v1.4c longtable captions (AR)
)
Package caption Info: supertabular package is loaded.
Package caption Info: End \AtBeginDocument code.
Package biblatex Info: Trying to load language 'spanish'...
Package biblatex Info: ... file 'spanish.lbx' found.

(C:\Users\gerar\AppData\Local\Programs\MiKTeX\tex/latex/biblatex/lbx\spanish.lb
x
File: spanish.lbx 2023/03/05 v3.19 biblatex localization (PK/MW)
)
Package biblatex Info: Input encoding 'utf8' detected.
Package biblatex Info: Automatic encoding selection.
(biblatex)             Assuming data encoding 'utf8'.
\openout3 = `z-main.bcf'.

Package biblatex Info: Trying to load bibliographic data...
Package biblatex Info: ... file 'z-main.bbl' found.
 (z-main.bbl)
Package biblatex Info: Reference section=0 on input line 110.
Package biblatex Info: Reference segment=0 on input line 110.

*geometry* driver: auto-detecting
*geometry* detected driver: pdftex
*geometry* verbose mode - [ preamble ] result:
* driver: pdftex
* paper: letterpaper
* layout: <same size as paper>
* layoutoffset:(h,v)=(0.0pt,0.0pt)
* modes: 
* h-part:(L,W,R)=(108.405pt, 433.62001pt, 72.26999pt)
* v-part:(T,H,B)=(72.26999pt, 650.43001pt, 72.26999pt)
* \paperwidth=614.295pt
* \paperheight=794.96999pt
* \textwidth=433.62001pt
* \textheight=650.43001pt
* \oddsidemargin=36.13501pt
* \evensidemargin=36.13501pt
* \topmargin=-37.0pt
* \headheight=12.0pt
* \headsep=25.0pt
* \topskip=11.0pt
* \footskip=30.0pt
* \marginparwidth=59.0pt
* \marginparsep=10.0pt
* \columnsep=10.0pt
* \skip\footins=10.0pt plus 4.0pt minus 2.0pt
* \hoffset=0.0pt
* \voffset=0.0pt
* \mag=1000
* \@twocolumnfalse
* \@twosidefalse
* \@mparswitchfalse
* \@reversemarginfalse
* (1in=72.27pt=25.4mm, 1cm=28.453pt)

*geometry* verbose mode - [ newgeometry ] result:
* driver: pdftex
* paper: letterpaper
* layout: <same size as paper>
* layoutoffset:(h,v)=(0.0pt,0.0pt)
* modes: 
* h-part:(L,W,R)=(85.35826pt, 443.57848pt, 85.35826pt)
* v-part:(T,H,B)=(72.26999pt, 722.7pt, 0.0pt)
* \paperwidth=614.295pt
* \paperheight=794.96999pt
* \textwidth=443.57848pt
* \textheight=722.7pt
* \oddsidemargin=13.08827pt
* \evensidemargin=13.08827pt
* \topmargin=-37.0pt
* \headheight=12.0pt
* \headsep=25.0pt
* \topskip=11.0pt
* \footskip=30.0pt
* \marginparwidth=59.0pt
* \marginparsep=10.0pt
* \columnsep=10.0pt
* \skip\footins=10.0pt plus 4.0pt minus 2.0pt
* \hoffset=0.0pt
* \voffset=0.0pt
* \mag=1000
* \@twocolumnfalse
* \@twosidefalse
* \@mparswitchfalse
* \@reversemarginfalse
* (1in=72.27pt=25.4mm, 1cm=28.453pt)


Overfull \hbox (29.81235pt too wide) in paragraph at lines 129--129
\T1/cmr/m/n/24.88 de enjambre enfocado en sincronización y control
 []

<plantilla/portadacit.jpg, id=387, 1927.2pt x 752.8125pt>
File: plantilla/portadacit.jpg Graphic file (type jpg)
<use plantilla/portadacit.jpg>
Package pdftex.def Info: plantilla/portadacit.jpg  used on input line 141.
(pdftex.def)             Requested size: 965.1268pt x 376.99901pt.
<plantilla/fondologo_grande.png, id=388, 969.02025pt x 430.0065pt>
File: plantilla/fondologo_grande.png Graphic file (type png)
<use plantilla/fondologo_grande.png>
Package pdftex.def Info: plantilla/fondologo_grande.png  used on input line 141
.
(pdftex.def)             Requested size: 187.27997pt x 83.11005pt.
Package epstopdf Info: Source file: <plantilla/logoUVGblanco.eps>
(epstopdf)                    date: 2024-07-20 08:53:48
(epstopdf)                    size: 733366 bytes
(epstopdf)             Output file: <plantilla/logoUVGblanco-eps-converted-to.p
df>
(epstopdf)                    date: 2024-07-20 11:51:55
(epstopdf)                    size: 8894 bytes
(epstopdf)             Command: <miktex-epstopdf --outfile=plantilla/logoUVGbla
nco-eps-converted-to.pdf plantilla/logoUVGblanco.eps>
(epstopdf)             \includegraphics on input line 141.
Package epstopdf Info: Output file is already uptodate.
<plantilla/logoUVGblanco-eps-converted-to.pdf, id=390, 680.5425pt x 174.6525pt>

File: plantilla/logoUVGblanco-eps-converted-to.pdf Graphic file (type pdf)
<use plantilla/logoUVGblanco-eps-converted-to.pdf>
Package pdftex.def Info: plantilla/logoUVGblanco-eps-converted-to.pdf  used on 
input line 141.
(pdftex.def)             Requested size: 154.88077pt x 39.74872pt.
[1

\openout4 = `z-main.ist'.



{C:/Users/gerar/AppData/Local/MiKTeX/fonts/map/pdftex/pdftex.map} <./plantilla/
portadacit.jpg> <./plantilla/fondologo_grande.png> <./plantilla/logoUVGblanco-e
ps-converted-to.pdf>]
Package epstopdf Info: Source file: <plantilla/escudoUVGnegro.eps>
(epstopdf)                    date: 2024-07-20 08:53:48
(epstopdf)                    size: 353392 bytes
(epstopdf)             Output file: <plantilla/escudoUVGnegro-eps-converted-to.
pdf>
(epstopdf)                    date: 2024-07-20 09:37:00
(epstopdf)                    size: 37956 bytes
(epstopdf)             Command: <miktex-epstopdf --outfile=plantilla/escudoUVGn
egro-eps-converted-to.pdf plantilla/escudoUVGnegro.eps>
(epstopdf)             \includegraphics on input line 165.
Package epstopdf Info: Output file is already uptodate.
<plantilla/escudoUVGnegro-eps-converted-to.pdf, id=405, 141.52875pt x 209.78375
pt>
File: plantilla/escudoUVGnegro-eps-converted-to.pdf Graphic file (type pdf)
<use plantilla/escudoUVGnegro-eps-converted-to.pdf>
Package pdftex.def Info: plantilla/escudoUVGnegro-eps-converted-to.pdf  used on
 input line 165.
(pdftex.def)             Requested size: 105.574pt x 156.49014pt.
 [1


 <./plantilla/escudoUVGnegro-eps-converted-to.pdf>]
Underfull \hbox (badness 10000) in paragraph at lines 222--223

 []


Underfull \hbox (badness 10000) in paragraph at lines 229--230

 []

[2

]
LaTeX Font Info:    Trying to load font information for T1+cmss on input line 2
56.
 (C:\Users\gerar\AppData\Local\Programs\MiKTeX\tex/latex/base\t1cmss.fd
File: t1cmss.fd 2023/04/13 v2.5m Standard LaTeX font definitions
)
(a-prefacio.tex) [3


] (z-main.toc
LaTeX Info: Redefining \sptext on input line 1.
LaTeX Info: Redefining \. on input line 1.
LaTeX Info: Redefining \% on input line 1.
LaTeX Info: Redefining \sptext on input line 2.
LaTeX Info: Redefining \. on input line 2.
LaTeX Info: Redefining \% on input line 2.
LaTeX Font Info:    Trying to load font information for U+msa on input line 10.


(C:\Users\gerar\AppData\Local\Programs\MiKTeX\tex/latex/amsfonts\umsa.fd
File: umsa.fd 2013/01/14 v3.01 AMS symbols A
)
LaTeX Font Info:    Trying to load font information for U+msb on input line 10.


(C:\Users\gerar\AppData\Local\Programs\MiKTeX\tex/latex/amsfonts\umsb.fd
File: umsb.fd 2013/01/14 v3.01 AMS symbols B
)
[4


] [5])
\tf@toc=\write7
\openout7 = `z-main.toc'.

 [6] (z-main.lof
LaTeX Info: Redefining \sptext on input line 1.
LaTeX Info: Redefining \. on input line 1.
LaTeX Info: Redefining \% on input line 1.
LaTeX Info: Redefining \sptext on input line 2.
LaTeX Info: Redefining \. on input line 2.
LaTeX Info: Redefining \% on input line 2.
 [7


])
\tf@lof=\write8
\openout8 = `z-main.lof'.

 [8] (z-main.lot
LaTeX Info: Redefining \sptext on input line 1.
LaTeX Info: Redefining \. on input line 1.
LaTeX Info: Redefining \% on input line 1.
LaTeX Info: Redefining \sptext on input line 2.
LaTeX Info: Redefining \. on input line 2.
LaTeX Info: Redefining \% on input line 2.
)
\tf@lot=\write9
\openout9 = `z-main.lot'.

 [9


] (b-resumen.tex) [10


]
(c-abstract.tex) [11


]
Cap\'{\i }tulo 1.
(d-introduccion.tex) [1


] [2]
Cap\'{\i }tulo 2.
(e-antecedentes.tex
<figuras/Bluebot.jpg, id=748, 534.49687pt x 452.4403pt>
File: figuras/Bluebot.jpg Graphic file (type jpg)
<use figuras/Bluebot.jpg>
Package pdftex.def Info: figuras/Bluebot.jpg  used on input line 15.
(pdftex.def)             Requested size: 216.81pt x 183.52727pt.
 [3

]
<figuras/robotarium.jpg, id=759, 1505.625pt x 732.7375pt>
File: figuras/robotarium.jpg Graphic file (type jpg)
<use figuras/robotarium.jpg>
Package pdftex.def Info: figuras/robotarium.jpg  used on input line 25.
(pdftex.def)             Requested size: 216.81pt x 105.51187pt.
 [4 <./figuras/Bluebot.jpg> <./figuras/robotarium.jpg>]
<figuras/robotatUVG.jpg, id=769, 1690.315pt x 1126.2075pt>
File: figuras/robotatUVG.jpg Graphic file (type jpg)
<use figuras/robotatUVG.jpg>
Package pdftex.def Info: figuras/robotatUVG.jpg  used on input line 37.
(pdftex.def)             Requested size: 216.81pt x 144.45308pt.

[5 <./figuras/robotatUVG.jpg>]
<figuras/simulacion_inicio_tesis_andreaPena.png, id=781, 539.01375pt x 316.1812
4pt>
File: figuras/simulacion_inicio_tesis_andreaPena.png Graphic file (type png)
<use figuras/simulacion_inicio_tesis_andreaPena.png>
Package pdftex.def Info: figuras/simulacion_inicio_tesis_andreaPena.png  used o
n input line 59.
(pdftex.def)             Requested size: 173.44534pt x 101.7397pt.
<figuras/simulacion_final_tesis_andreaPena.png, id=782, 527.72156pt x 267.24844
pt>
File: figuras/simulacion_final_tesis_andreaPena.png Graphic file (type png)
<use figuras/simulacion_final_tesis_andreaPena.png>
Package pdftex.def Info: figuras/simulacion_final_tesis_andreaPena.png  used on
 input line 59.
(pdftex.def)             Requested size: 173.44534pt x 87.8334pt.
) [6 <./figuras/simulacion_inicio_tesis_andreaPena.png> <./figuras/simulacion_f
inal_tesis_andreaPena.png>]
Cap\'{\i }tulo 3.
(f-justificacion.tex) [7

]
Cap\'{\i }tulo 4.
(g-objetivos.tex) [8

]
Cap\'{\i }tulo 5.
(h-alcance.tex) [9

]
Cap\'{\i }tulo 6.
(i-marco_teorico.tex
<figuras/enjambre.jpg, id=807, 460.72125pt x 375.65344pt>
File: figuras/enjambre.jpg Graphic file (type jpg)
<use figuras/enjambre.jpg>
Package pdftex.def Info: figuras/enjambre.jpg  used on input line 8.
(pdftex.def)             Requested size: 260.17465pt x 212.13567pt.
 [10

 <./figuras/enjambre.jpg>]
<figuras/control_centralizado_descentralizado.png, id=818, 676.77844pt x 403.50
75pt>
File: figuras/control_centralizado_descentralizado.png Graphic file (type png)
<use figuras/control_centralizado_descentralizado.png>
Package pdftex.def Info: figuras/control_centralizado_descentralizado.png  used
 on input line 28.
(pdftex.def)             Requested size: 433.62001pt x 258.53946pt.
 [11]
<figuras/grafo_matrices_andrea.png, id=828, 373.395pt x 247.67531pt>
File: figuras/grafo_matrices_andrea.png Graphic file (type png)
<use figuras/grafo_matrices_andrea.png>
Package pdftex.def Info: figuras/grafo_matrices_andrea.png  used on input line 
41.
(pdftex.def)             Requested size: 216.81pt x 143.8105pt.
 [12 <./figuras/control_centralizado_descentralizado.png> <./figuras/grafo_matr
ices_andrea.png>]
<figuras/tipos_de_grafos.png, id=842, 752.0597pt x 420.82219pt>
File: figuras/tipos_de_grafos.png Graphic file (type png)
<use figuras/tipos_de_grafos.png>
Package pdftex.def Info: figuras/tipos_de_grafos.png  used on input line 73.
(pdftex.def)             Requested size: 433.62001pt x 242.63867pt.

[13] [14 <./figuras/tipos_de_grafos.png>] [15]
<figuras/grafo_formacion_triangular.png, id=870, 325.215pt x 213.04594pt>
File: figuras/grafo_formacion_triangular.png Graphic file (type png)
<use figuras/grafo_formacion_triangular.png>
Package pdftex.def Info: figuras/grafo_formacion_triangular.png  used on input 
line 165.
(pdftex.def)             Requested size: 173.44534pt x 113.62573pt.
<figuras/grafo_formacion_hexagonal.png, id=871, 218.31563pt x 225.84375pt>
File: figuras/grafo_formacion_hexagonal.png Graphic file (type png)
<use figuras/grafo_formacion_hexagonal.png>
Package pdftex.def Info: figuras/grafo_formacion_hexagonal.png  used on input l
ine 166.
(pdftex.def)             Requested size: 173.44534pt x 179.42775pt.
 [16 <./figuras/grafo_formacion_triangular.png> <./figuras/grafo_formacion_hexa
gonal.png>]
<figuras/lazo_cerrado_control.png, id=890, 697.8572pt x 180.675pt>
File: figuras/lazo_cerrado_control.png Graphic file (type png)
<use figuras/lazo_cerrado_control.png>
Package pdftex.def Info: figuras/lazo_cerrado_control.png  used on input line 1
96.
(pdftex.def)             Requested size: 346.89732pt x 89.8107pt.
<figuras/modelo_uniciclo.png, id=898, 321.45094pt x 262.73157pt>
File: figuras/modelo_uniciclo.png Graphic file (type png)
<use figuras/modelo_uniciclo.png>
Package pdftex.def Info: figuras/modelo_uniciclo.png  used on input line 219.
(pdftex.def)             Requested size: 216.81pt x 177.21187pt.
 [17 <./figuras/lazo_cerrado_control.png>] [18 <./figuras/modelo_uniciclo.png>]
 [19]
<figuras/webots.png, id=937, 1928.20375pt x 1005.7575pt>
File: figuras/webots.png Graphic file (type png)
<use figuras/webots.png>
Package pdftex.def Info: figuras/webots.png  used on input line 313.
(pdftex.def)             Requested size: 346.89732pt x 180.93646pt.
 [20 <./figuras/webots.png>]
<figuras/paralelismo_dependencia_tareas.png, id=948, 335.75438pt x 263.48438pt>

File: figuras/paralelismo_dependencia_tareas.png Graphic file (type png)
<use figuras/paralelismo_dependencia_tareas.png>
Package pdftex.def Info: figuras/paralelismo_dependencia_tareas.png  used on in
put line 330.
(pdftex.def)             Requested size: 260.17465pt x 204.17415pt.
 [21 <./figuras/paralelismo_dependencia_tareas.png>]
<figuras/primex41.png, id=958, 640.3925pt x 377.41pt>
File: figuras/primex41.png Graphic file (type png)
<use figuras/primex41.png>
Package pdftex.def Info: figuras/primex41.png  used on input line 357.
(pdftex.def)             Requested size: 216.81pt x 127.77061pt.
 [22 <./figuras/primex41.png>]
<figuras/pololu_sensores1.jpg, id=968, 543.96774pt x 498.89613pt>
File: figuras/pololu_sensores1.jpg Graphic file (type jpg)
<use figuras/pololu_sensores1.jpg>
Package pdftex.def Info: figuras/pololu_sensores1.jpg  used on input line 380.
(pdftex.def)             Requested size: 195.12767pt x 178.96301pt.
<figuras/pololu_sensores2.jpg, id=969, 543.96774pt x 498.89613pt>
File: figuras/pololu_sensores2.jpg Graphic file (type jpg)
<use figuras/pololu_sensores2.jpg>
Package pdftex.def Info: figuras/pololu_sensores2.jpg  used on input line 380.
(pdftex.def)             Requested size: 195.12767pt x 178.96301pt.
) [23 <./figuras/pololu_sensores1.jpg> <./figuras/pololu_sensores2.jpg>] (j-cap
itulos.tex
Cap\'{\i }tulo 7.
[24

] [25]
<figuras/optimizacion/diagrama_supervisor.png, id=989, 179.67125pt x 954.56625p
t>
File: figuras/optimizacion/diagrama_supervisor.png Graphic file (type png)
<use figuras/optimizacion/diagrama_supervisor.png>
Package pdftex.def Info: figuras/optimizacion/diagrama_supervisor.png  used on 
input line 46.
(pdftex.def)             Requested size: 86.72267pt x 460.75012pt.
<figuras/optimizacion/diagrama_agentes.png, id=990, 283.0575pt x 693.59125pt>
File: figuras/optimizacion/diagrama_agentes.png Graphic file (type png)
<use figuras/optimizacion/diagrama_agentes.png>
Package pdftex.def Info: figuras/optimizacion/diagrama_agentes.png  used on inp
ut line 53.
(pdftex.def)             Requested size: 195.12767pt x 478.14456pt.
 [26 <./figuras/optimizacion/diagrama_supervisor.png>] [27 <./figuras/optimizac
ion/diagrama_agentes.png>]
Cap\'{\i }tulo 8.
[28

]
<figuras/replicar_webots/delaygpu_v2_1.png, id=1007, 487.8225pt x 499.11469pt>
File: figuras/replicar_webots/delaygpu_v2_1.png Graphic file (type png)
<use figuras/replicar_webots/delaygpu_v2_1.png>
Package pdftex.def Info: figuras/replicar_webots/delaygpu_v2_1.png  used on inp
ut line 86.
(pdftex.def)             Requested size: 130.08733pt x 133.09488pt.
<figuras/replicar_webots/delaygpu_v2_2.png, id=1008, 487.8225pt x 499.11469pt>
File: figuras/replicar_webots/delaygpu_v2_2.png Graphic file (type png)
<use figuras/replicar_webots/delaygpu_v2_2.png>
Package pdftex.def Info: figuras/replicar_webots/delaygpu_v2_2.png  used on inp
ut line 87.
(pdftex.def)             Requested size: 130.08733pt x 133.09488pt.
<figuras/replicar_webots/delaygpu_v2_3.png, id=1009, 487.8225pt x 499.11469pt>
File: figuras/replicar_webots/delaygpu_v2_3.png Graphic file (type png)
<use figuras/replicar_webots/delaygpu_v2_3.png>
Package pdftex.def Info: figuras/replicar_webots/delaygpu_v2_3.png  used on inp
ut line 88.
(pdftex.def)             Requested size: 130.08733pt x 133.09488pt.
 [29 <./figuras/replicar_webots/delaygpu_v2_1.png> <./figuras/replicar_webots/d
elaygpu_v2_2.png> <./figuras/replicar_webots/delaygpu_v2_3.png>]
<figuras/replicar_webots/sim1_p1.png, id=1018, 546.54187pt x 554.07pt>
File: figuras/replicar_webots/sim1_p1.png Graphic file (type png)
<use figuras/replicar_webots/sim1_p1.png>
Package pdftex.def Info: figuras/replicar_webots/sim1_p1.png  used on input lin
e 116.
(pdftex.def)             Requested size: 173.44534pt x 175.83495pt.
<figuras/replicar_webots/sim1_p2.png, id=1019, 546.54187pt x 554.07pt>
File: figuras/replicar_webots/sim1_p2.png Graphic file (type png)
<use figuras/replicar_webots/sim1_p2.png>
Package pdftex.def Info: figuras/replicar_webots/sim1_p2.png  used on input lin
e 117.
(pdftex.def)             Requested size: 173.44534pt x 175.83495pt.
<figuras/replicar_webots/sim1_p3.png, id=1020, 546.54187pt x 554.07pt>
File: figuras/replicar_webots/sim1_p3.png Graphic file (type png)
<use figuras/replicar_webots/sim1_p3.png>
Package pdftex.def Info: figuras/replicar_webots/sim1_p3.png  used on input lin
e 118.
(pdftex.def)             Requested size: 173.44534pt x 175.83495pt.
<figuras/replicar_webots/sim1_p4.png, id=1021, 546.54187pt x 554.07pt>
File: figuras/replicar_webots/sim1_p4.png Graphic file (type png)
<use figuras/replicar_webots/sim1_p4.png>
Package pdftex.def Info: figuras/replicar_webots/sim1_p4.png  used on input lin
e 119.
(pdftex.def)             Requested size: 173.44534pt x 175.83495pt.
 [30 <./figuras/replicar_webots/sim1_p1.png (PNG copy)> <./figuras/replicar_web
ots/sim1_p2.png (PNG copy)> <./figuras/replicar_webots/sim1_p3.png (PNG copy)> 
<./figuras/replicar_webots/sim1_p4.png (PNG copy)>]
<figuras/replicar_webots/sim2_p1.png, id=1028, 546.54187pt x 554.07pt>
File: figuras/replicar_webots/sim2_p1.png Graphic file (type png)
<use figuras/replicar_webots/sim2_p1.png>
Package pdftex.def Info: figuras/replicar_webots/sim2_p1.png  used on input lin
e 138.
(pdftex.def)             Requested size: 195.12767pt x 197.81644pt.
<figuras/replicar_webots/sim2_p2.png, id=1029, 546.54187pt x 554.07pt>
File: figuras/replicar_webots/sim2_p2.png Graphic file (type png)
<use figuras/replicar_webots/sim2_p2.png>
Package pdftex.def Info: figuras/replicar_webots/sim2_p2.png  used on input lin
e 139.
(pdftex.def)             Requested size: 195.12767pt x 197.81644pt.
<figuras/replicar_webots/sim2_p3.png, id=1030, 546.54187pt x 554.07pt>
File: figuras/replicar_webots/sim2_p3.png Graphic file (type png)
<use figuras/replicar_webots/sim2_p3.png>
Package pdftex.def Info: figuras/replicar_webots/sim2_p3.png  used on input lin
e 140.
(pdftex.def)             Requested size: 195.12767pt x 197.81644pt.
<figuras/replicar_webots/sim2_p4.png, id=1031, 546.54187pt x 554.07pt>
File: figuras/replicar_webots/sim2_p4.png Graphic file (type png)
<use figuras/replicar_webots/sim2_p4.png>
Package pdftex.def Info: figuras/replicar_webots/sim2_p4.png  used on input lin
e 141.
(pdftex.def)             Requested size: 195.12767pt x 197.81644pt.
 [31 <./figuras/replicar_webots/sim2_p1.png (PNG copy)> <./figuras/replicar_web
ots/sim2_p2.png (PNG copy)> <./figuras/replicar_webots/sim2_p3.png (PNG copy)> 
<./figuras/replicar_webots/sim2_p4.png (PNG copy)>]
<figuras/replicar_webots/sim3_p1.png, id=1039, 546.54187pt x 554.07pt>
File: figuras/replicar_webots/sim3_p1.png Graphic file (type png)
<use figuras/replicar_webots/sim3_p1.png>
Package pdftex.def Info: figuras/replicar_webots/sim3_p1.png  used on input lin
e 160.
(pdftex.def)             Requested size: 195.12767pt x 197.81644pt.
<figuras/replicar_webots/sim3_p2.png, id=1040, 546.54187pt x 554.07pt>
File: figuras/replicar_webots/sim3_p2.png Graphic file (type png)
<use figuras/replicar_webots/sim3_p2.png>
Package pdftex.def Info: figuras/replicar_webots/sim3_p2.png  used on input lin
e 161.
(pdftex.def)             Requested size: 195.12767pt x 197.81644pt.
<figuras/replicar_webots/sim3_p3.png, id=1041, 546.54187pt x 554.07pt>
File: figuras/replicar_webots/sim3_p3.png Graphic file (type png)
<use figuras/replicar_webots/sim3_p3.png>
Package pdftex.def Info: figuras/replicar_webots/sim3_p3.png  used on input lin
e 162.
(pdftex.def)             Requested size: 195.12767pt x 197.81644pt.
<figuras/replicar_webots/sim3_p4.png, id=1042, 546.54187pt x 554.07pt>
File: figuras/replicar_webots/sim3_p4.png Graphic file (type png)
<use figuras/replicar_webots/sim3_p4.png>
Package pdftex.def Info: figuras/replicar_webots/sim3_p4.png  used on input lin
e 163.
(pdftex.def)             Requested size: 195.12767pt x 197.81644pt.
 [32 <./figuras/replicar_webots/sim3_p1.png (PNG copy)> <./figuras/replicar_web
ots/sim3_p2.png (PNG copy)> <./figuras/replicar_webots/sim3_p3.png (PNG copy)> 
<./figuras/replicar_webots/sim3_p4.png (PNG copy)>]
<figuras/replicar_fisico_pruebas/error_conexion.png, id=1049, 573.64313pt x 63.
98906pt>
File: figuras/replicar_fisico_pruebas/error_conexion.png Graphic file (type png
)
<use figuras/replicar_fisico_pruebas/error_conexion.png>
Package pdftex.def Info: figuras/replicar_fisico_pruebas/error_conexion.png  us
ed on input line 188.
(pdftex.def)             Requested size: 346.89732pt x 38.6964pt.
<figuras/replicar_fisico_pruebas/marcadores_disponibles.png, id=1051, 963.6pt x
 580.41844pt>
File: figuras/replicar_fisico_pruebas/marcadores_disponibles.png Graphic file (
type png)
<use figuras/replicar_fisico_pruebas/marcadores_disponibles.png>
Package pdftex.def Info: figuras/replicar_fisico_pruebas/marcadores_disponibles
.png  used on input line 200.
(pdftex.def)             Requested size: 346.89732pt x 208.95047pt.
 [33 <./figuras/replicar_fisico_pruebas/error_conexion.png>]
<figuras/replicar_fisico_pruebas/marcadores_ejey.png, id=1059, 722.7pt x 772.38
562pt>
File: figuras/replicar_fisico_pruebas/marcadores_ejey.png Graphic file (type pn
g)
<use figuras/replicar_fisico_pruebas/marcadores_ejey.png>
Package pdftex.def Info: figuras/replicar_fisico_pruebas/marcadores_ejey.png  u
sed on input line 209.
(pdftex.def)             Requested size: 260.17465pt x 278.05861pt.
 [34 <./figuras/replicar_fisico_pruebas/marcadores_disponibles.png> <./figuras/
replicar_fisico_pruebas/marcadores_ejey.png>]
<figuras/replicar_fisico_pruebas/agente_inmovil_p1.png, id=1068, 300.3722pt x 3
00.3722pt>
File: figuras/replicar_fisico_pruebas/agente_inmovil_p1.png Graphic file (type 
png)
<use figuras/replicar_fisico_pruebas/agente_inmovil_p1.png>
Package pdftex.def Info: figuras/replicar_fisico_pruebas/agente_inmovil_p1.png 
 used on input line 256.
(pdftex.def)             Requested size: 195.12767pt x 195.13419pt.
<figuras/replicar_fisico_pruebas/agente_inmovil_p2.png, id=1069, 304.88907pt x 
304.88907pt>
File: figuras/replicar_fisico_pruebas/agente_inmovil_p2.png Graphic file (type 
png)
<use figuras/replicar_fisico_pruebas/agente_inmovil_p2.png>
Package pdftex.def Info: figuras/replicar_fisico_pruebas/agente_inmovil_p2.png 
 used on input line 257.
(pdftex.def)             Requested size: 195.12767pt x 195.13298pt.
 [35] [36 <./figuras/replicar_fisico_pruebas/agente_inmovil_p1.png> <./figuras/
replicar_fisico_pruebas/agente_inmovil_p2.png>]
<figuras/replicar_fisico_pruebas/seleccion_agentes.png, id=1081, 1533.73pt x 11
72.38pt>
File: figuras/replicar_fisico_pruebas/seleccion_agentes.png Graphic file (type 
png)
<use figuras/replicar_fisico_pruebas/seleccion_agentes.png>
Package pdftex.def Info: figuras/replicar_fisico_pruebas/seleccion_agentes.png 
 used on input line 282.
(pdftex.def)             Requested size: 260.17465pt x 198.87262pt.
<figuras/replicar_fisico_pruebas/divergencia_p1.png, id=1083, 774.64406pt x 619
.56468pt>
File: figuras/replicar_fisico_pruebas/divergencia_p1.png Graphic file (type png
)
<use figuras/replicar_fisico_pruebas/divergencia_p1.png>
Package pdftex.def Info: figuras/replicar_fisico_pruebas/divergencia_p1.png  us
ed on input line 293.
(pdftex.def)             Requested size: 195.12767pt x 156.06305pt.
<figuras/replicar_fisico_pruebas/divergencia_p2.png, id=1084, 809.27344pt x 647
.41875pt>
File: figuras/replicar_fisico_pruebas/divergencia_p2.png Graphic file (type png
)
<use figuras/replicar_fisico_pruebas/divergencia_p2.png>
Package pdftex.def Info: figuras/replicar_fisico_pruebas/divergencia_p2.png  us
ed on input line 294.
(pdftex.def)             Requested size: 195.12767pt x 156.09494pt.
 [37 <./figuras/replicar_fisico_pruebas/seleccion_agentes.png> <./figuras/repli
car_fisico_pruebas/divergencia_p1.png> <./figuras/replicar_fisico_pruebas/diver
gencia_p2.png>]
<figuras/replicar_fisico_pruebas/divergencia2_p1.png, id=1094, 966.61125pt x 96
6.61125pt>
File: figuras/replicar_fisico_pruebas/divergencia2_p1.png Graphic file (type pn
g)
<use figuras/replicar_fisico_pruebas/divergencia2_p1.png>
Package pdftex.def Info: figuras/replicar_fisico_pruebas/divergencia2_p1.png  u
sed on input line 303.
(pdftex.def)             Requested size: 195.12767pt x 195.11824pt.
<figuras/replicar_fisico_pruebas/divergencia2_p2.png, id=1095, 966.61125pt x 96
6.61125pt>
File: figuras/replicar_fisico_pruebas/divergencia2_p2.png Graphic file (type pn
g)
<use figuras/replicar_fisico_pruebas/divergencia2_p2.png>
Package pdftex.def Info: figuras/replicar_fisico_pruebas/divergencia2_p2.png  u
sed on input line 304.
(pdftex.def)             Requested size: 195.12767pt x 195.11824pt.

[38 <./figuras/replicar_fisico_pruebas/divergencia2_p1.png> <./figuras/replicar
_fisico_pruebas/divergencia2_p2.png>] [39]
<figuras/replicar_fisico_escenarios/test_f1v2.png, id=1110, 2061.95343pt x 2061
.95343pt>
File: figuras/replicar_fisico_escenarios/test_f1v2.png Graphic file (type png)
<use figuras/replicar_fisico_escenarios/test_f1v2.png>
Package pdftex.def Info: figuras/replicar_fisico_escenarios/test_f1v2.png  used
 on input line 369.
(pdftex.def)             Requested size: 195.12767pt x 195.10104pt.
Package epstopdf Info: Source file: <figuras/replicar_fisico_escenarios/traj_te
st_2A_AAA_f_1.eps>
(epstopdf)                    date: 2024-09-23 00:17:11
(epstopdf)                    size: 33583 bytes
(epstopdf)             Output file: <figuras/replicar_fisico_escenarios/traj_te
st_2A_AAA_f_1-eps-converted-to.pdf>
(epstopdf)                    date: 2024-09-23 00:17:11
(epstopdf)                    size: 17453 bytes
(epstopdf)             Command: <miktex-epstopdf --outfile=figuras/replicar_fis
ico_escenarios/traj_test_2A_AAA_f_1-eps-converted-to.pdf figuras/replicar_fisic
o_escenarios/traj_test_2A_AAA_f_1.eps>
(epstopdf)             \includegraphics on input line 375.
Package epstopdf Info: Output file is already uptodate.
<figuras/replicar_fisico_escenarios/traj_test_2A_AAA_f_1-eps-converted-to.pdf, 
id=1111, 409.53pt x 453.695pt>
File: figuras/replicar_fisico_escenarios/traj_test_2A_AAA_f_1-eps-converted-to.
pdf Graphic file (type pdf)
<use figuras/replicar_fisico_escenarios/traj_test_2A_AAA_f_1-eps-converted-to.p
df>
Package pdftex.def Info: figuras/replicar_fisico_escenarios/traj_test_2A_AAA_f_
1-eps-converted-to.pdf  used on input line 375.
(pdftex.def)             Requested size: 195.12767pt x 216.17195pt.
 [40 <./figuras/replicar_fisico_escenarios/test_f1v2.png> <./figuras/replicar_f
isico_escenarios/traj_test_2A_AAA_f_1-eps-converted-to.pdf>]
<figuras/replicar_fisico_escenarios/test_f2v2.png, id=1161, 2275.75218pt x 2275
.75218pt>
File: figuras/replicar_fisico_escenarios/test_f2v2.png Graphic file (type png)
<use figuras/replicar_fisico_escenarios/test_f2v2.png>
Package pdftex.def Info: figuras/replicar_fisico_escenarios/test_f2v2.png  used
 on input line 387.
(pdftex.def)             Requested size: 195.12767pt x 195.12054pt.
Package epstopdf Info: Source file: <figuras/replicar_fisico_escenarios/traj_te
st_6A_AAA_f_1.eps>
(epstopdf)                    date: 2024-09-23 00:17:11
(epstopdf)                    size: 73857 bytes
(epstopdf)             Output file: <figuras/replicar_fisico_escenarios/traj_te
st_6A_AAA_f_1-eps-converted-to.pdf>
(epstopdf)                    date: 2024-09-23 00:17:11
(epstopdf)                    size: 30245 bytes
(epstopdf)             Command: <miktex-epstopdf --outfile=figuras/replicar_fis
ico_escenarios/traj_test_6A_AAA_f_1-eps-converted-to.pdf figuras/replicar_fisic
o_escenarios/traj_test_6A_AAA_f_1.eps>
(epstopdf)             \includegraphics on input line 393.
Package epstopdf Info: Output file is already uptodate.
<figuras/replicar_fisico_escenarios/traj_test_6A_AAA_f_1-eps-converted-to.pdf, 
id=1162, 409.53pt x 453.695pt>
File: figuras/replicar_fisico_escenarios/traj_test_6A_AAA_f_1-eps-converted-to.
pdf Graphic file (type pdf)
<use figuras/replicar_fisico_escenarios/traj_test_6A_AAA_f_1-eps-converted-to.p
df>
Package pdftex.def Info: figuras/replicar_fisico_escenarios/traj_test_6A_AAA_f_
1-eps-converted-to.pdf  used on input line 393.
(pdftex.def)             Requested size: 195.12767pt x 216.17195pt.
 [41 <./figuras/replicar_fisico_escenarios/test_f2v2.png> <./figuras/replicar_f
isico_escenarios/traj_test_6A_AAA_f_1-eps-converted-to.pdf>]
<figuras/replicar_fisico_escenarios/test_f3v2.png, id=1215, 963.6pt x 963.6pt>
File: figuras/replicar_fisico_escenarios/test_f3v2.png Graphic file (type png)
<use figuras/replicar_fisico_escenarios/test_f3v2.png>
Package pdftex.def Info: figuras/replicar_fisico_escenarios/test_f3v2.png  used
 on input line 405.
(pdftex.def)             Requested size: 195.12767pt x 195.12793pt.
Package epstopdf Info: Source file: <figuras/replicar_fisico_escenarios/traj_te
st_6A_ACA_f_1.eps>
(epstopdf)                    date: 2024-09-23 00:17:11
(epstopdf)                    size: 106741 bytes
(epstopdf)             Output file: <figuras/replicar_fisico_escenarios/traj_te
st_6A_ACA_f_1-eps-converted-to.pdf>
(epstopdf)                    date: 2024-09-23 00:17:11
(epstopdf)                    size: 39459 bytes
(epstopdf)             Command: <miktex-epstopdf --outfile=figuras/replicar_fis
ico_escenarios/traj_test_6A_ACA_f_1-eps-converted-to.pdf figuras/replicar_fisic
o_escenarios/traj_test_6A_ACA_f_1.eps>
(epstopdf)             \includegraphics on input line 411.
Package epstopdf Info: Output file is already uptodate.
<figuras/replicar_fisico_escenarios/traj_test_6A_ACA_f_1-eps-converted-to.pdf, 
id=1216, 409.53pt x 453.695pt>
File: figuras/replicar_fisico_escenarios/traj_test_6A_ACA_f_1-eps-converted-to.
pdf Graphic file (type pdf)
<use figuras/replicar_fisico_escenarios/traj_test_6A_ACA_f_1-eps-converted-to.p
df>
Package pdftex.def Info: figuras/replicar_fisico_escenarios/traj_test_6A_ACA_f_
1-eps-converted-to.pdf  used on input line 411.
(pdftex.def)             Requested size: 195.12767pt x 216.17195pt.
 [42 <./figuras/replicar_fisico_escenarios/test_f3v2.png> <./figuras/replicar_f
isico_escenarios/traj_test_6A_ACA_f_1-eps-converted-to.pdf>]
<figuras/replicar_fisico_escenarios/test_f4v2.png, id=1271, 963.6pt x 963.6pt>
File: figuras/replicar_fisico_escenarios/test_f4v2.png Graphic file (type png)
<use figuras/replicar_fisico_escenarios/test_f4v2.png>
Package pdftex.def Info: figuras/replicar_fisico_escenarios/test_f4v2.png  used
 on input line 423.
(pdftex.def)             Requested size: 195.12767pt x 195.12793pt.
Package epstopdf Info: Source file: <figuras/replicar_fisico_escenarios/traj_te
st_3A_ACC_f_1.eps>
(epstopdf)                    date: 2024-09-23 00:17:11
(epstopdf)                    size: 41916 bytes
(epstopdf)             Output file: <figuras/replicar_fisico_escenarios/traj_te
st_3A_ACC_f_1-eps-converted-to.pdf>
(epstopdf)                    date: 2024-09-23 00:17:11
(epstopdf)                    size: 20258 bytes
(epstopdf)             Command: <miktex-epstopdf --outfile=figuras/replicar_fis
ico_escenarios/traj_test_3A_ACC_f_1-eps-converted-to.pdf figuras/replicar_fisic
o_escenarios/traj_test_3A_ACC_f_1.eps>
(epstopdf)             \includegraphics on input line 429.
Package epstopdf Info: Output file is already uptodate.
<figuras/replicar_fisico_escenarios/traj_test_3A_ACC_f_1-eps-converted-to.pdf, 
id=1272, 409.53pt x 453.695pt>
File: figuras/replicar_fisico_escenarios/traj_test_3A_ACC_f_1-eps-converted-to.
pdf Graphic file (type pdf)
<use figuras/replicar_fisico_escenarios/traj_test_3A_ACC_f_1-eps-converted-to.p
df>
Package pdftex.def Info: figuras/replicar_fisico_escenarios/traj_test_3A_ACC_f_
1-eps-converted-to.pdf  used on input line 429.
(pdftex.def)             Requested size: 195.12767pt x 216.17195pt.
 [43 <./figuras/replicar_fisico_escenarios/test_f4v2.png> <./figuras/replicar_f
isico_escenarios/traj_test_3A_ACC_f_1-eps-converted-to.pdf>]
<figuras/replicar_fisico_escenarios/test_f5v2.png, id=1326, 963.6pt x 963.6pt>
File: figuras/replicar_fisico_escenarios/test_f5v2.png Graphic file (type png)
<use figuras/replicar_fisico_escenarios/test_f5v2.png>
Package pdftex.def Info: figuras/replicar_fisico_escenarios/test_f5v2.png  used
 on input line 441.
(pdftex.def)             Requested size: 195.12767pt x 195.12793pt.
Package epstopdf Info: Source file: <figuras/replicar_fisico_escenarios/traj_te
st_3A_ACA_f_1.eps>
(epstopdf)                    date: 2024-09-23 00:17:11
(epstopdf)                    size: 48810 bytes
(epstopdf)             Output file: <figuras/replicar_fisico_escenarios/traj_te
st_3A_ACA_f_1-eps-converted-to.pdf>
(epstopdf)                    date: 2024-09-23 00:17:11
(epstopdf)                    size: 22601 bytes
(epstopdf)             Command: <miktex-epstopdf --outfile=figuras/replicar_fis
ico_escenarios/traj_test_3A_ACA_f_1-eps-converted-to.pdf figuras/replicar_fisic
o_escenarios/traj_test_3A_ACA_f_1.eps>
(epstopdf)             \includegraphics on input line 447.
Package epstopdf Info: Output file is already uptodate.
<figuras/replicar_fisico_escenarios/traj_test_3A_ACA_f_1-eps-converted-to.pdf, 
id=1327, 409.53pt x 453.695pt>
File: figuras/replicar_fisico_escenarios/traj_test_3A_ACA_f_1-eps-converted-to.
pdf Graphic file (type pdf)
<use figuras/replicar_fisico_escenarios/traj_test_3A_ACA_f_1-eps-converted-to.p
df>
Package pdftex.def Info: figuras/replicar_fisico_escenarios/traj_test_3A_ACA_f_
1-eps-converted-to.pdf  used on input line 447.
(pdftex.def)             Requested size: 195.12767pt x 216.17195pt.
 [44 <./figuras/replicar_fisico_escenarios/test_f5v2.png> <./figuras/replicar_f
isico_escenarios/traj_test_3A_ACA_f_1-eps-converted-to.pdf>]
Cap\'{\i }tulo 9.
[45

]
Package epstopdf Info: Source file: <figuras/test_sim_ObsM/traj_testSim_6A_ADA_
v_1.eps>
(epstopdf)                    date: 2024-09-23 00:17:11
(epstopdf)                    size: 63622 bytes
(epstopdf)             Output file: <figuras/test_sim_ObsM/traj_testSim_6A_ADA_
v_1-eps-converted-to.pdf>
(epstopdf)                    date: 2024-09-23 00:17:11
(epstopdf)                    size: 27610 bytes
(epstopdf)             Command: <miktex-epstopdf --outfile=figuras/test_sim_Obs
M/traj_testSim_6A_ADA_v_1-eps-converted-to.pdf figuras/test_sim_ObsM/traj_testS
im_6A_ADA_v_1.eps>
(epstopdf)             \includegraphics on input line 467.
Package epstopdf Info: Output file is already uptodate.
<figuras/test_sim_ObsM/traj_testSim_6A_ADA_v_1-eps-converted-to.pdf, id=1385, 4
09.53pt x 453.695pt>
File: figuras/test_sim_ObsM/traj_testSim_6A_ADA_v_1-eps-converted-to.pdf Graphi
c file (type pdf)
<use figuras/test_sim_ObsM/traj_testSim_6A_ADA_v_1-eps-converted-to.pdf>
Package pdftex.def Info: figuras/test_sim_ObsM/traj_testSim_6A_ADA_v_1-eps-conv
erted-to.pdf  used on input line 467.
(pdftex.def)             Requested size: 433.62001pt x 480.41597pt.
Package epstopdf Info: Source file: <figuras/test_sim_ObsM/traj_testSim_6A_ADA_
v_2.eps>
(epstopdf)                    date: 2024-09-23 00:17:11
(epstopdf)                    size: 63113 bytes
(epstopdf)             Output file: <figuras/test_sim_ObsM/traj_testSim_6A_ADA_
v_2-eps-converted-to.pdf>
(epstopdf)                    date: 2024-09-23 00:17:11
(epstopdf)                    size: 27303 bytes
(epstopdf)             Command: <miktex-epstopdf --outfile=figuras/test_sim_Obs
M/traj_testSim_6A_ADA_v_2-eps-converted-to.pdf figuras/test_sim_ObsM/traj_testS
im_6A_ADA_v_2.eps>
(epstopdf)             \includegraphics on input line 475.
Package epstopdf Info: Output file is already uptodate.
<figuras/test_sim_ObsM/traj_testSim_6A_ADA_v_2-eps-converted-to.pdf, id=1386, 4
09.53pt x 453.695pt>
File: figuras/test_sim_ObsM/traj_testSim_6A_ADA_v_2-eps-converted-to.pdf Graphi
c file (type pdf)
<use figuras/test_sim_ObsM/traj_testSim_6A_ADA_v_2-eps-converted-to.pdf>
Package pdftex.def Info: figuras/test_sim_ObsM/traj_testSim_6A_ADA_v_2-eps-conv
erted-to.pdf  used on input line 475.
(pdftex.def)             Requested size: 433.62001pt x 480.41597pt.
 [46 <./figuras/test_sim_ObsM/traj_testSim_6A_ADA_v_1-eps-converted-to.pdf>]
Package epstopdf Info: Source file: <figuras/test_sim_ObsM/traj_testSim_6A_ADA_
v_3.eps>
(epstopdf)                    date: 2024-09-23 00:17:11
(epstopdf)                    size: 62205 bytes
(epstopdf)             Output file: <figuras/test_sim_ObsM/traj_testSim_6A_ADA_
v_3-eps-converted-to.pdf>
(epstopdf)                    date: 2024-09-23 00:17:11
(epstopdf)                    size: 27305 bytes
(epstopdf)             Command: <miktex-epstopdf --outfile=figuras/test_sim_Obs
M/traj_testSim_6A_ADA_v_3-eps-converted-to.pdf figuras/test_sim_ObsM/traj_testS
im_6A_ADA_v_3.eps>
(epstopdf)             \includegraphics on input line 483.
Package epstopdf Info: Output file is already uptodate.
<figuras/test_sim_ObsM/traj_testSim_6A_ADA_v_3-eps-converted-to.pdf, id=1437, 4
09.53pt x 453.695pt>
File: figuras/test_sim_ObsM/traj_testSim_6A_ADA_v_3-eps-converted-to.pdf Graphi
c file (type pdf)
<use figuras/test_sim_ObsM/traj_testSim_6A_ADA_v_3-eps-converted-to.pdf>
Package pdftex.def Info: figuras/test_sim_ObsM/traj_testSim_6A_ADA_v_3-eps-conv
erted-to.pdf  used on input line 483.
(pdftex.def)             Requested size: 433.62001pt x 480.41597pt.
 [47 <./figuras/test_sim_ObsM/traj_testSim_6A_ADA_v_2-eps-converted-to.pdf>]
[48 <./figuras/test_sim_ObsM/traj_testSim_6A_ADA_v_3-eps-converted-to.pdf>]
Package epstopdf Info: Source file: <figuras/test_fisico_ObsM/traj_test_3A_ADB_
f_1.eps>
(epstopdf)                    date: 2024-09-23 00:17:11
(epstopdf)                    size: 50611 bytes
(epstopdf)             Output file: <figuras/test_fisico_ObsM/traj_test_3A_ADB_
f_1-eps-converted-to.pdf>
(epstopdf)                    date: 2024-09-23 00:17:11
(epstopdf)                    size: 22882 bytes
(epstopdf)             Command: <miktex-epstopdf --outfile=figuras/test_fisico_
ObsM/traj_test_3A_ADB_f_1-eps-converted-to.pdf figuras/test_fisico_ObsM/traj_te
st_3A_ADB_f_1.eps>
(epstopdf)             \includegraphics on input line 497.
Package epstopdf Info: Output file is already uptodate.
<figuras/test_fisico_ObsM/traj_test_3A_ADB_f_1-eps-converted-to.pdf, id=1539, 4
09.53pt x 453.695pt>
File: figuras/test_fisico_ObsM/traj_test_3A_ADB_f_1-eps-converted-to.pdf Graphi
c file (type pdf)
<use figuras/test_fisico_ObsM/traj_test_3A_ADB_f_1-eps-converted-to.pdf>
Package pdftex.def Info: figuras/test_fisico_ObsM/traj_test_3A_ADB_f_1-eps-conv
erted-to.pdf  used on input line 497.
(pdftex.def)             Requested size: 433.62001pt x 480.41597pt.
Package epstopdf Info: Source file: <figuras/test_fisico_ObsM/traj_test_3A_ADC_
f_1.eps>
(epstopdf)                    date: 2024-09-23 00:17:11
(epstopdf)                    size: 45348 bytes
(epstopdf)             Output file: <figuras/test_fisico_ObsM/traj_test_3A_ADC_
f_1-eps-converted-to.pdf>
(epstopdf)                    date: 2024-09-23 00:17:11
(epstopdf)                    size: 21623 bytes
(epstopdf)             Command: <miktex-epstopdf --outfile=figuras/test_fisico_
ObsM/traj_test_3A_ADC_f_1-eps-converted-to.pdf figuras/test_fisico_ObsM/traj_te
st_3A_ADC_f_1.eps>
(epstopdf)             \includegraphics on input line 506.
Package epstopdf Info: Output file is already uptodate.
<figuras/test_fisico_ObsM/traj_test_3A_ADC_f_1-eps-converted-to.pdf, id=1541, 4
09.53pt x 453.695pt>
File: figuras/test_fisico_ObsM/traj_test_3A_ADC_f_1-eps-converted-to.pdf Graphi
c file (type pdf)
<use figuras/test_fisico_ObsM/traj_test_3A_ADC_f_1-eps-converted-to.pdf>
Package pdftex.def Info: figuras/test_fisico_ObsM/traj_test_3A_ADC_f_1-eps-conv
erted-to.pdf  used on input line 506.
(pdftex.def)             Requested size: 433.62001pt x 480.41597pt.

[49 <./figuras/test_fisico_ObsM/traj_test_3A_ADB_f_1-eps-converted-to.pdf>]
[50 <./figuras/test_fisico_ObsM/traj_test_3A_ADC_f_1-eps-converted-to.pdf>]
Package epstopdf Info: Source file: <figuras/test_fisico_ObsM/traj_test_3A_ADC_
f_3.eps>
(epstopdf)                    date: 2024-09-23 00:17:11
(epstopdf)                    size: 47514 bytes
(epstopdf)             Output file: <figuras/test_fisico_ObsM/traj_test_3A_ADC_
f_3-eps-converted-to.pdf>
(epstopdf)                    date: 2024-09-23 00:17:11
(epstopdf)                    size: 22208 bytes
(epstopdf)             Command: <miktex-epstopdf --outfile=figuras/test_fisico_
ObsM/traj_test_3A_ADC_f_3-eps-converted-to.pdf figuras/test_fisico_ObsM/traj_te
st_3A_ADC_f_3.eps>
(epstopdf)             \includegraphics on input line 516.
Package epstopdf Info: Output file is already uptodate.
<figuras/test_fisico_ObsM/traj_test_3A_ADC_f_3-eps-converted-to.pdf, id=1640, 4
09.53pt x 453.695pt>
File: figuras/test_fisico_ObsM/traj_test_3A_ADC_f_3-eps-converted-to.pdf Graphi
c file (type pdf)
<use figuras/test_fisico_ObsM/traj_test_3A_ADC_f_3-eps-converted-to.pdf>
Package pdftex.def Info: figuras/test_fisico_ObsM/traj_test_3A_ADC_f_3-eps-conv
erted-to.pdf  used on input line 516.
(pdftex.def)             Requested size: 433.62001pt x 480.41597pt.

[51 <./figuras/test_fisico_ObsM/traj_test_3A_ADC_f_3-eps-converted-to.pdf>]
Package epstopdf Info: Source file: <figuras/test_fisico_ObsM/traj_test_3A_ADC_
f_2.eps>
(epstopdf)                    date: 2024-09-23 00:17:11
(epstopdf)                    size: 47799 bytes
(epstopdf)             Output file: <figuras/test_fisico_ObsM/traj_test_3A_ADC_
f_2-eps-converted-to.pdf>
(epstopdf)                    date: 2024-09-23 00:17:11
(epstopdf)                    size: 22320 bytes
(epstopdf)             Command: <miktex-epstopdf --outfile=figuras/test_fisico_
ObsM/traj_test_3A_ADC_f_2-eps-converted-to.pdf figuras/test_fisico_ObsM/traj_te
st_3A_ADC_f_2.eps>
(epstopdf)             \includegraphics on input line 526.
Package epstopdf Info: Output file is already uptodate.
<figuras/test_fisico_ObsM/traj_test_3A_ADC_f_2-eps-converted-to.pdf, id=1690, 4
09.53pt x 453.695pt>
File: figuras/test_fisico_ObsM/traj_test_3A_ADC_f_2-eps-converted-to.pdf Graphi
c file (type pdf)
<use figuras/test_fisico_ObsM/traj_test_3A_ADC_f_2-eps-converted-to.pdf>
Package pdftex.def Info: figuras/test_fisico_ObsM/traj_test_3A_ADC_f_2-eps-conv
erted-to.pdf  used on input line 526.
(pdftex.def)             Requested size: 433.62001pt x 480.41597pt.

[52 <./figuras/test_fisico_ObsM/traj_test_3A_ADC_f_2-eps-converted-to.pdf>]
Cap\'{\i }tulo 10.
[53

]
<figuras/optimizacion/grafo_formacion1.png, id=1745, 693.59125pt x 402.50375pt>

File: figuras/optimizacion/grafo_formacion1.png Graphic file (type png)
<use figuras/optimizacion/grafo_formacion1.png>
Package pdftex.def Info: figuras/optimizacion/grafo_formacion1.png  used on inp
ut line 561.
(pdftex.def)             Requested size: 346.89732pt x 201.31279pt.
 [54]
<figuras/optimizacion/grafo_formacion2.png, id=1751, 648.4225pt x 398.48875pt>
File: figuras/optimizacion/grafo_formacion2.png Graphic file (type png)
<use figuras/optimizacion/grafo_formacion2.png>
Package pdftex.def Info: figuras/optimizacion/grafo_formacion2.png  used on inp
ut line 578.
(pdftex.def)             Requested size: 346.89732pt x 213.18633pt.
 [55 <./figuras/optimizacion/grafo_formacion1.png> <./figuras/optimizacion/graf
o_formacion2.png>] [56]
<figuras/optimizacion/tiempos_desfases.png, id=1774, 517.935pt x 250.536pt>
File: figuras/optimizacion/tiempos_desfases.png Graphic file (type png)
<use figuras/optimizacion/tiempos_desfases.png>
Package pdftex.def Info: figuras/optimizacion/tiempos_desfases.png  used on inp
ut line 660.
(pdftex.def)             Requested size: 433.62001pt x 209.76067pt.
 [57] [58 <./figuras/optimizacion/tiempos_desfases.png>]
<figuras/optimizacion/tiempos_distancias.png, id=1790, 517.935pt x 250.536pt>
File: figuras/optimizacion/tiempos_distancias.png Graphic file (type png)
<use figuras/optimizacion/tiempos_distancias.png>
Package pdftex.def Info: figuras/optimizacion/tiempos_distancias.png  used on i
nput line 716.
(pdftex.def)             Requested size: 433.62001pt x 209.76067pt.
 [59 <./figuras/optimizacion/tiempos_distancias.png>]
<figuras/optimizacion/tiempos_error.png, id=1799, 517.935pt x 250.536pt>
File: figuras/optimizacion/tiempos_error.png Graphic file (type png)
<use figuras/optimizacion/tiempos_error.png>
Package pdftex.def Info: figuras/optimizacion/tiempos_error.png  used on input 
line 773.
(pdftex.def)             Requested size: 433.62001pt x 209.76067pt.
 [60] [61 <./figuras/optimizacion/tiempos_error.png>]
Cap\'{\i }tulo 11.
) [62

]
Cap\'{\i }tulo 12.
(k-conclusiones.tex) [63

]
Cap\'{\i }tulo 13.
(l-recomendaciones.tex) [64

]
Cap\'{\i }tulo 14.
LaTeX Font Info:    Trying to load font information for T1+cmtt on input line 4
39.
(C:\Users\gerar\AppData\Local\Programs\MiKTeX\tex/latex/base\t1cmtt.fd
File: t1cmtt.fd 2023/04/13 v2.5m Standard LaTeX font definitions
)
[65


]

Package glossaries Warning: No \printglossary or \printglossaries found. 
(Remove \makeglossaries if you don't want any glossaries.) 
This document will not have a glossary.

[66] (z-main.aux
LaTeX Info: Redefining \sptext on input line 9.
LaTeX Info: Redefining \. on input line 9.
LaTeX Info: Redefining \% on input line 9.
LaTeX Info: Redefining \sptext on input line 16.
LaTeX Info: Redefining \. on input line 16.
LaTeX Info: Redefining \% on input line 16.
)
 ***********
LaTeX2e <2023-11-01> patch level 1
L3 programming layer <2020/03/25>
 ***********
Package rerunfilecheck Info: File `z-main.out' has not changed.
(rerunfilecheck)             Checksum: E3130363DC43FB903484D845BE5EC458;21721.
Package logreq Info: Writing requests to 'z-main.run.xml'.
\openout1 = `z-main.run.xml'.

 ) 
Here is how much of TeX's memory you used:
 30497 strings out of 474542
 576802 string characters out of 5744446
 1947978 words of memory out of 5000000
 51941 multiletter control sequences out of 15000+600000
 577067 words of font info for 80 fonts, out of 8000000 for 9000
 1141 hyphenation exceptions out of 8191
 94i,15n,93p,2343b,2750s stack positions out of 10000i,1000n,20000p,200000b,200000s
 <C:\Users\gerar\AppData\Local\MiKTeX\fonts/pk/ljfour/jknappen/ec/dpi600\ecrm
0800.pk> <C:\Users\gerar\AppData\Local\MiKTeX\fonts/pk/ljfour/jknappen/ec/dpi60
0\ectt1095.pk> <C:\Users\gerar\AppData\Local\MiKTeX\fonts/pk/ljfour/jknappen/ec
/dpi600\tcrm1095.pk> <C:\Users\gerar\AppData\Local\MiKTeX\fonts/pk/ljfour/jknap
pen/ec/dpi600\ecbi1200.pk> <C:\Users\gerar\AppData\Local\MiKTeX\fonts/pk/ljfour
/jknappen/ec/dpi600\ecrm1000.pk> <C:\Users\gerar\AppData\Local\MiKTeX\fonts/pk/
ljfour/jknappen/ec/dpi600\ecbx1200.pk> <C:\Users\gerar\AppData\Local\MiKTeX\fon
ts/pk/ljfour/jknappen/ec/dpi600\ecss2488.pk> <C:\Users\gerar\AppData\Local\MiKT
eX\fonts/pk/ljfour/jknappen/ec/dpi600\ecti1095.pk> <C:\Users\gerar\AppData\Loca
l\MiKTeX\fonts/pk/ljfour/jknappen/ec/dpi600\ecxc1095.pk> <C:\Users\gerar\AppDat
a\Local\MiKTeX\fonts/pk/ljfour/jknappen/ec/dpi600\ecbx1095.pk> <C:\Users\gerar\
AppData\Local\MiKTeX\fonts/pk/ljfour/jknappen/ec/dpi600\eccc1095.pk> <C:\Users\
gerar\AppData\Local\MiKTeX\fonts/pk/ljfour/jknappen/ec/dpi600\ecrm1095.pk> <C:\
Users\gerar\AppData\Local\MiKTeX\fonts/pk/ljfour/jknappen/ec/dpi600\ecss1440.pk
> <C:\Users\gerar\AppData\Local\MiKTeX\fonts/pk/ljfour/jknappen/ec/dpi600\ecrm1
200.pk> <C:\Users\gerar\AppData\Local\MiKTeX\fonts/pk/ljfour/jknappen/ec/dpi600
\ecrm1440.pk> <C:\Users\gerar\AppData\Local\MiKTeX\fonts/pk/ljfour/jknappen/ec/
dpi600\ecbx1440.pk> <C:\Users\gerar\AppData\Local\MiKTeX\fonts/pk/ljfour/jknapp
en/ec/dpi600\ecrm1728.pk> <C:\Users\gerar\AppData\Local\MiKTeX\fonts/pk/ljfour/
jknappen/ec/dpi600\ecrm2488.pk><C:/Users/gerar/AppData/Local/Programs/MiKTeX/fo
nts/type1/public/amsfonts/cm/cmex10.pfb><C:/Users/gerar/AppData/Local/Programs/
MiKTeX/fonts/type1/public/amsfonts/cm/cmmi10.pfb><C:/Users/gerar/AppData/Local/
Programs/MiKTeX/fonts/type1/public/amsfonts/cm/cmmi7.pfb><C:/Users/gerar/AppDat
a/Local/Programs/MiKTeX/fonts/type1/public/amsfonts/cm/cmmi8.pfb><C:/Users/gera
r/AppData/Local/Programs/MiKTeX/fonts/type1/public/amsfonts/cm/cmr10.pfb><C:/Us
ers/gerar/AppData/Local/Programs/MiKTeX/fonts/type1/public/amsfonts/cm/cmr6.pfb
><C:/Users/gerar/AppData/Local/Programs/MiKTeX/fonts/type1/public/amsfonts/cm/c
mr8.pfb><C:/Users/gerar/AppData/Local/Programs/MiKTeX/fonts/type1/public/amsfon
ts/cm/cmsy10.pfb><C:/Users/gerar/AppData/Local/Programs/MiKTeX/fonts/type1/publ
ic/amsfonts/cm/cmsy8.pfb>
Output written on z-main.pdf (78 pages, 53378872 bytes).
PDF statistics:
 2666 PDF objects out of 2984 (max. 8388607)
 300 named destinations out of 1000 (max. 500000)
 1124 words of extra memory for PDF output out of 10000 (max. 10000000)

